[0.110s] Invoking command in '/home/recoomputer/benytb4_ws/build/turtlebot4_desktop': CMAKE_PREFIX_PATH=/home/recoomputer/benytb4_ws/install/turtlebot4_viz:/home/recoomputer/benytb4_ws/install/turtlebot4_description:/home/recoomputer/benytb4_ws/install/turtlebot4_desktop:/home/recoomputer/benytb4_ws/install/turtlebot4_robot:/home/recoomputer/benytb4_ws/install/turtlebot4_bringup:/home/recoomputer/benytb4_ws/install/turtlebot4_base:/home/recoomputer/benytb4_ws/install/turtlebot4_node:/home/recoomputer/benytb4_ws/install/turtlebot4_navigation:/home/recoomputer/benytb4_ws/install/turtlebot4_msgs:/home/recoomputer/benytb4_ws/install/nav2_costmap_filters_demo:/home/recoomputer/benytb4_ws/install/map_publisher:/home/recoomputer/benytb4_ws/install/turtlebot4_tests:/home/recoomputer/benytb4_ws/install/pose_navigator:/home/recoomputer/benytb4_ws/install/turtlebot4_diagnostics:/opt/ros/humble /usr/bin/cmake --build /home/recoomputer/benytb4_ws/build/turtlebot4_desktop -- -j8 -l8
[0.936s] Invoked command in '/home/recoomputer/benytb4_ws/build/turtlebot4_desktop' returned '0': CMAKE_PREFIX_PATH=/home/recoomputer/benytb4_ws/install/turtlebot4_viz:/home/recoomputer/benytb4_ws/install/turtlebot4_description:/home/recoomputer/benytb4_ws/install/turtlebot4_desktop:/home/recoomputer/benytb4_ws/install/turtlebot4_robot:/home/recoomputer/benytb4_ws/install/turtlebot4_bringup:/home/recoomputer/benytb4_ws/install/turtlebot4_base:/home/recoomputer/benytb4_ws/install/turtlebot4_node:/home/recoomputer/benytb4_ws/install/turtlebot4_navigation:/home/recoomputer/benytb4_ws/install/turtlebot4_msgs:/home/recoomputer/benytb4_ws/install/nav2_costmap_filters_demo:/home/recoomputer/benytb4_ws/install/map_publisher:/home/recoomputer/benytb4_ws/install/turtlebot4_tests:/home/recoomputer/benytb4_ws/install/pose_navigator:/home/recoomputer/benytb4_ws/install/turtlebot4_diagnostics:/opt/ros/humble /usr/bin/cmake --build /home/recoomputer/benytb4_ws/build/turtlebot4_desktop -- -j8 -l8
[0.940s] Invoking command in '/home/recoomputer/benytb4_ws/build/turtlebot4_desktop': CMAKE_PREFIX_PATH=/home/recoomputer/benytb4_ws/install/turtlebot4_viz:/home/recoomputer/benytb4_ws/install/turtlebot4_description:/home/recoomputer/benytb4_ws/install/turtlebot4_desktop:/home/recoomputer/benytb4_ws/install/turtlebot4_robot:/home/recoomputer/benytb4_ws/install/turtlebot4_bringup:/home/recoomputer/benytb4_ws/install/turtlebot4_base:/home/recoomputer/benytb4_ws/install/turtlebot4_node:/home/recoomputer/benytb4_ws/install/turtlebot4_navigation:/home/recoomputer/benytb4_ws/install/turtlebot4_msgs:/home/recoomputer/benytb4_ws/install/nav2_costmap_filters_demo:/home/recoomputer/benytb4_ws/install/map_publisher:/home/recoomputer/benytb4_ws/install/turtlebot4_tests:/home/recoomputer/benytb4_ws/install/pose_navigator:/home/recoomputer/benytb4_ws/install/turtlebot4_diagnostics:/opt/ros/humble /usr/bin/cmake --install /home/recoomputer/benytb4_ws/build/turtlebot4_desktop
[0.961s] -- Install configuration: ""
[0.961s] -- Execute custom install script
[0.962s] -- Up-to-date symlink: /home/recoomputer/benytb4_ws/install/turtlebot4_desktop/share/ament_index/resource_index/package_run_dependencies/turtlebot4_desktop
[0.962s] -- Up-to-date symlink: /home/recoomputer/benytb4_ws/install/turtlebot4_desktop/share/ament_index/resource_index/parent_prefix_path/turtlebot4_desktop
[0.962s] -- Up-to-date symlink: /home/recoomputer/benytb4_ws/install/turtlebot4_desktop/share/turtlebot4_desktop/environment/ament_prefix_path.sh
[0.962s] -- Up-to-date symlink: /home/recoomputer/benytb4_ws/install/turtlebot4_desktop/share/turtlebot4_desktop/environment/ament_prefix_path.dsv
[0.962s] -- Up-to-date symlink: /home/recoomputer/benytb4_ws/install/turtlebot4_desktop/share/turtlebot4_desktop/environment/path.sh
[0.962s] -- Up-to-date symlink: /home/recoomputer/benytb4_ws/install/turtlebot4_desktop/share/turtlebot4_desktop/environment/path.dsv
[0.963s] -- Up-to-date symlink: /home/recoomputer/benytb4_ws/install/turtlebot4_desktop/share/turtlebot4_desktop/local_setup.bash
[0.963s] -- Up-to-date symlink: /home/recoomputer/benytb4_ws/install/turtlebot4_desktop/share/turtlebot4_desktop/local_setup.sh
[0.963s] -- Up-to-date symlink: /home/recoomputer/benytb4_ws/install/turtlebot4_desktop/share/turtlebot4_desktop/local_setup.zsh
[0.964s] -- Up-to-date symlink: /home/recoomputer/benytb4_ws/install/turtlebot4_desktop/share/turtlebot4_desktop/local_setup.dsv
[0.966s] -- Symlinking: /home/recoomputer/benytb4_ws/install/turtlebot4_desktop/share/turtlebot4_desktop/package.dsv
[1.006s] -- Up-to-date symlink: /home/recoomputer/benytb4_ws/install/turtlebot4_desktop/share/ament_index/resource_index/packages/turtlebot4_desktop
[1.008s] -- Up-to-date symlink: /home/recoomputer/benytb4_ws/install/turtlebot4_desktop/share/turtlebot4_desktop/cmake/turtlebot4_desktopConfig.cmake
[1.010s] -- Up-to-date symlink: /home/recoomputer/benytb4_ws/install/turtlebot4_desktop/share/turtlebot4_desktop/cmake/turtlebot4_desktopConfig-version.cmake
[1.010s] -- Up-to-date symlink: /home/recoomputer/benytb4_ws/install/turtlebot4_desktop/share/turtlebot4_desktop/package.xml
[1.011s] Invoked command in '/home/recoomputer/benytb4_ws/build/turtlebot4_desktop' returned '0': CMAKE_PREFIX_PATH=/home/recoomputer/benytb4_ws/install/turtlebot4_viz:/home/recoomputer/benytb4_ws/install/turtlebot4_description:/home/recoomputer/benytb4_ws/install/turtlebot4_desktop:/home/recoomputer/benytb4_ws/install/turtlebot4_robot:/home/recoomputer/benytb4_ws/install/turtlebot4_bringup:/home/recoomputer/benytb4_ws/install/turtlebot4_base:/home/recoomputer/benytb4_ws/install/turtlebot4_node:/home/recoomputer/benytb4_ws/install/turtlebot4_navigation:/home/recoomputer/benytb4_ws/install/turtlebot4_msgs:/home/recoomputer/benytb4_ws/install/nav2_costmap_filters_demo:/home/recoomputer/benytb4_ws/install/map_publisher:/home/recoomputer/benytb4_ws/install/turtlebot4_tests:/home/recoomputer/benytb4_ws/install/pose_navigator:/home/recoomputer/benytb4_ws/install/turtlebot4_diagnostics:/opt/ros/humble /usr/bin/cmake --install /home/recoomputer/benytb4_ws/build/turtlebot4_desktop
