[1.481s] Invoking command in '/home/recoomputer/benytb4_ws/build/pose_navigator': CMAKE_PREFIX_PATH=/home/recoomputer/benytb4_ws/install/turtlebot4_navigation:/home/recoomputer/benytb4_ws/install/turtlebot4_desktop:/home/recoomputer/benytb4_ws/install/turtlebot4_viz:/home/recoomputer/benytb4_ws/install/turtlebot4_robot:/home/recoomputer/benytb4_ws/install/turtlebot4_bringup:/home/recoomputer/benytb4_ws/install/turtlebot4_base:/home/recoomputer/benytb4_ws/install/turtlebot4_node:/home/recoomputer/benytb4_ws/install/turtlebot4_msgs:/home/recoomputer/benytb4_ws/install/turtlebot4_description:/home/recoomputer/benytb4_ws/install/nav2_costmap_filters_demo:/home/recoomputer/benytb4_ws/install/map_publisher PYTHONPATH=/home/recoomputer/benytb4_ws/build/pose_navigator/prefix_override:/usr/lib/python3/dist-packages/colcon_core/task/python/colcon_distutils_commands:/home/recoomputer/benytb4_ws/install/pose_navigator/lib/python3.10/site-packages:${PYTHONPATH} /usr/bin/python3 -W ignore:setup.py install is deprecated -W ignore:easy_install command is deprecated setup.py develop --editable --build-directory /home/recoomputer/benytb4_ws/build/pose_navigator/build --no-deps symlink_data
[2.035s] running develop
[2.664s] running egg_info
[2.664s] writing pose_navigator.egg-info/PKG-INFO
[2.665s] writing dependency_links to pose_navigator.egg-info/dependency_links.txt
[2.665s] writing entry points to pose_navigator.egg-info/entry_points.txt
[2.665s] writing requirements to pose_navigator.egg-info/requires.txt
[2.666s] writing top-level names to pose_navigator.egg-info/top_level.txt
[2.670s] reading manifest file 'pose_navigator.egg-info/SOURCES.txt'
[2.671s] writing manifest file 'pose_navigator.egg-info/SOURCES.txt'
[2.752s] running build_ext
[2.752s] Creating /home/recoomputer/benytb4_ws/install/pose_navigator/lib/python3.10/site-packages/pose-navigator.egg-link (link to .)
[2.755s] Installing color_navigator script to /home/recoomputer/benytb4_ws/install/pose_navigator/lib/pose_navigator
[2.756s] Installing coretask script to /home/recoomputer/benytb4_ws/install/pose_navigator/lib/pose_navigator
[2.757s] Installing forward_return_node script to /home/recoomputer/benytb4_ws/install/pose_navigator/lib/pose_navigator
[2.757s] Installing pose_navigator script to /home/recoomputer/benytb4_ws/install/pose_navigator/lib/pose_navigator
[2.758s] Installing pose_navigator_node script to /home/recoomputer/benytb4_ws/install/pose_navigator/lib/pose_navigator
[2.758s] Installing test_color_sequence script to /home/recoomputer/benytb4_ws/install/pose_navigator/lib/pose_navigator
[2.759s] Installing test_waypoints script to /home/recoomputer/benytb4_ws/install/pose_navigator/lib/pose_navigator
[2.759s] 
[2.759s] Installed /home/recoomputer/benytb4_ws/build/pose_navigator
[2.760s] running symlink_data
[2.884s] Invoked command in '/home/recoomputer/benytb4_ws/build/pose_navigator' returned '0': CMAKE_PREFIX_PATH=/home/recoomputer/benytb4_ws/install/turtlebot4_navigation:/home/recoomputer/benytb4_ws/install/turtlebot4_desktop:/home/recoomputer/benytb4_ws/install/turtlebot4_viz:/home/recoomputer/benytb4_ws/install/turtlebot4_robot:/home/recoomputer/benytb4_ws/install/turtlebot4_bringup:/home/recoomputer/benytb4_ws/install/turtlebot4_base:/home/recoomputer/benytb4_ws/install/turtlebot4_node:/home/recoomputer/benytb4_ws/install/turtlebot4_msgs:/home/recoomputer/benytb4_ws/install/turtlebot4_description:/home/recoomputer/benytb4_ws/install/nav2_costmap_filters_demo:/home/recoomputer/benytb4_ws/install/map_publisher PYTHONPATH=/home/recoomputer/benytb4_ws/build/pose_navigator/prefix_override:/usr/lib/python3/dist-packages/colcon_core/task/python/colcon_distutils_commands:/home/recoomputer/benytb4_ws/install/pose_navigator/lib/python3.10/site-packages:${PYTHONPATH} /usr/bin/python3 -W ignore:setup.py install is deprecated -W ignore:easy_install command is deprecated setup.py develop --editable --build-directory /home/recoomputer/benytb4_ws/build/pose_navigator/build --no-deps symlink_data
