[0.073s] Invoking command in '/home/recoomputer/benytb4_ws/build/turtlebot4_msgs': CMAKE_PREFIX_PATH=${CMAKE_PREFIX_PATH}:/home/recoomputer/benytb4_ws/install/turtlebot4_tests:/home/recoomputer/benytb4_ws/install/pose_navigator:/home/recoomputer/benytb4_ws/install/turtlebot4_diagnostics:/opt/ros/humble /usr/bin/cmake /home/recoomputer/benytb4_ws/src/turtlebot4/turtlebot4_msgs -DAMENT_CMAKE_SYMLINK_INSTALL=1 -DCMAKE_INSTALL_PREFIX=/home/recoomputer/benytb4_ws/install/turtlebot4_msgs
[0.799s] -- The C compiler identification is GNU 11.4.0
[0.800s] -- The CXX compiler identification is GNU 11.4.0
[0.800s] -- Detecting C compiler ABI info
[0.800s] -- Detecting C compiler ABI info - done
[0.800s] -- Check for working C compiler: /usr/bin/cc - skipped
[0.801s] -- Detecting C compile features
[0.801s] -- Detecting C compile features - done
[0.801s] -- Detecting CXX compiler ABI info
[0.873s] -- Detecting CXX compiler ABI info - done
[0.886s] -- Check for working CXX compiler: /usr/bin/c++ - skipped
[0.886s] -- Detecting CXX compile features
[0.887s] -- Detecting CXX compile features - done
[0.906s] -- Found ament_cmake: 1.3.11 (/opt/ros/humble/share/ament_cmake/cmake)
[1.369s] -- Found Python3: /usr/bin/python3 (found version "3.10.12") found components: Interpreter 
[1.552s] -- Override CMake install command with custom implementation using symlinks instead of copying resources
[1.660s] -- Found ament_lint_auto: 0.12.12 (/opt/ros/humble/share/ament_lint_auto/cmake)
[1.892s] -- Found rosidl_default_generators: 1.2.0 (/opt/ros/humble/share/rosidl_default_generators/cmake)
[1.905s] -- Using all available rosidl_typesupport_c: rosidl_typesupport_fastrtps_c;rosidl_typesupport_introspection_c
[1.935s] -- Found rosidl_adapter: 3.1.6 (/opt/ros/humble/share/rosidl_adapter/cmake)
[2.055s] -- Using all available rosidl_typesupport_cpp: rosidl_typesupport_fastrtps_cpp;rosidl_typesupport_introspection_cpp
[2.166s] -- Found std_msgs: 4.8.0 (/opt/ros/humble/share/std_msgs/cmake)
[2.845s] -- Found ament_cmake_ros: 0.10.0 (/opt/ros/humble/share/ament_cmake_ros/cmake)
[3.404s] -- Using all available rosidl_typesupport_c: rosidl_typesupport_fastrtps_c;rosidl_typesupport_introspection_c
[4.077s] -- Using all available rosidl_typesupport_cpp: rosidl_typesupport_fastrtps_cpp;rosidl_typesupport_introspection_cpp
[4.152s] -- Found PythonInterp: /usr/bin/python3 (found suitable version "3.10.12", minimum required is "3.6") 
[4.161s] -- Found python_cmake_module: 0.10.0 (/opt/ros/humble/share/python_cmake_module/cmake)
[4.242s] -- Found PythonLibs: /usr/lib/aarch64-linux-gnu/libpython3.10.so (found suitable version "3.10.12", minimum required is "3.5") 
[4.242s] -- Using PYTHON_EXECUTABLE: /usr/bin/python3
[4.242s] -- Using PYTHON_INCLUDE_DIRS: /usr/include/python3.10
[4.243s] -- Using PYTHON_LIBRARIES: /usr/lib/aarch64-linux-gnu/libpython3.10.so
[4.304s] -- Found PythonExtra: .so  
[4.414s] -- Added test 'copyright' to check source files copyright and LICENSE
[4.418s] -- Added test 'lint_cmake' to check CMake code style
[4.420s] -- Added test 'xmllint' to check XML markup files
[4.438s] -- Configuring done
[4.516s] -- Generating done
[4.538s] -- Build files have been written to: /home/recoomputer/benytb4_ws/build/turtlebot4_msgs
[4.566s] Invoked command in '/home/recoomputer/benytb4_ws/build/turtlebot4_msgs' returned '0': CMAKE_PREFIX_PATH=${CMAKE_PREFIX_PATH}:/home/recoomputer/benytb4_ws/install/turtlebot4_tests:/home/recoomputer/benytb4_ws/install/pose_navigator:/home/recoomputer/benytb4_ws/install/turtlebot4_diagnostics:/opt/ros/humble /usr/bin/cmake /home/recoomputer/benytb4_ws/src/turtlebot4/turtlebot4_msgs -DAMENT_CMAKE_SYMLINK_INSTALL=1 -DCMAKE_INSTALL_PREFIX=/home/recoomputer/benytb4_ws/install/turtlebot4_msgs
[4.568s] Invoking command in '/home/recoomputer/benytb4_ws/build/turtlebot4_msgs': CMAKE_PREFIX_PATH=${CMAKE_PREFIX_PATH}:/home/recoomputer/benytb4_ws/install/turtlebot4_tests:/home/recoomputer/benytb4_ws/install/pose_navigator:/home/recoomputer/benytb4_ws/install/turtlebot4_diagnostics:/opt/ros/humble /usr/bin/cmake --build /home/recoomputer/benytb4_ws/build/turtlebot4_msgs -- -j8 -l8
[4.654s] [  2%] [34m[1mGenerating C code for ROS interfaces[0m
[4.680s] [  4%] [34m[1mGenerating C++ code for ROS interfaces[0m
[4.709s] [  4%] Built target ament_cmake_python_symlink_turtlebot4_msgs
[5.422s] running egg_info
[5.424s] creating turtlebot4_msgs.egg-info
[5.425s] writing turtlebot4_msgs.egg-info/PKG-INFO
[5.425s] writing dependency_links to turtlebot4_msgs.egg-info/dependency_links.txt
[5.426s] writing top-level names to turtlebot4_msgs.egg-info/top_level.txt
[5.427s] writing manifest file 'turtlebot4_msgs.egg-info/SOURCES.txt'
[5.433s] reading manifest file 'turtlebot4_msgs.egg-info/SOURCES.txt'
[5.437s] writing manifest file 'turtlebot4_msgs.egg-info/SOURCES.txt'
[5.534s] [  4%] Built target ament_cmake_python_build_turtlebot4_msgs_egg
[5.909s] [  6%] [32mBuilding C object CMakeFiles/turtlebot4_msgs__rosidl_generator_c.dir/rosidl_generator_c/turtlebot4_msgs/msg/detail/user_button__functions.c.o[0m
[5.909s] [  8%] [32mBuilding C object CMakeFiles/turtlebot4_msgs__rosidl_generator_c.dir/rosidl_generator_c/turtlebot4_msgs/msg/detail/user_display__functions.c.o[0m
[5.912s] [  4%] Built target turtlebot4_msgs__cpp
[5.912s] [ 10%] [32mBuilding C object CMakeFiles/turtlebot4_msgs__rosidl_generator_c.dir/rosidl_generator_c/turtlebot4_msgs/msg/detail/user_led__functions.c.o[0m
[5.944s] [ 12%] [34m[1mGenerating C++ type support for eProsima Fast-RTPS[0m
[5.951s] [ 14%] [34m[1mGenerating C++ type support dispatch for ROS interfaces[0m
[5.953s] [ 17%] [34m[1mGenerating C++ introspection for ROS interfaces[0m
[6.095s] [ 19%] [32m[1mLinking C shared library libturtlebot4_msgs__rosidl_generator_c.so[0m
[6.246s] [ 19%] Built target turtlebot4_msgs__rosidl_generator_c
[6.301s] [ 21%] [34m[1mGenerating C type support dispatch for ROS interfaces[0m
[6.307s] [ 23%] [34m[1mGenerating C introspection for ROS interfaces[0m
[6.307s] [ 25%] [34m[1mGenerating C type support for eProsima Fast-RTPS[0m
[7.159s] [ 27%] [32mBuilding CXX object CMakeFiles/turtlebot4_msgs__rosidl_typesupport_cpp.dir/rosidl_typesupport_cpp/turtlebot4_msgs/msg/user_led__type_support.cpp.o[0m
[7.166s] [ 29%] [32mBuilding CXX object CMakeFiles/turtlebot4_msgs__rosidl_typesupport_cpp.dir/rosidl_typesupport_cpp/turtlebot4_msgs/msg/user_button__type_support.cpp.o[0m
[7.188s] [ 31%] [32mBuilding CXX object CMakeFiles/turtlebot4_msgs__rosidl_typesupport_cpp.dir/rosidl_typesupport_cpp/turtlebot4_msgs/msg/user_display__type_support.cpp.o[0m
[7.270s] [ 34%] [32mBuilding CXX object CMakeFiles/turtlebot4_msgs__rosidl_typesupport_introspection_cpp.dir/rosidl_typesupport_introspection_cpp/turtlebot4_msgs/msg/detail/user_led__type_support.cpp.o[0m
[7.606s] [ 36%] [32mBuilding CXX object CMakeFiles/turtlebot4_msgs__rosidl_typesupport_fastrtps_cpp.dir/rosidl_typesupport_fastrtps_cpp/turtlebot4_msgs/msg/detail/dds_fastrtps/user_led__type_support.cpp.o[0m
[7.912s] [ 38%] [32mBuilding C object CMakeFiles/turtlebot4_msgs__rosidl_typesupport_introspection_c.dir/rosidl_typesupport_introspection_c/turtlebot4_msgs/msg/detail/user_led__type_support.c.o[0m
[7.991s] [ 40%] [32mBuilding CXX object CMakeFiles/turtlebot4_msgs__rosidl_typesupport_c.dir/rosidl_typesupport_c/turtlebot4_msgs/msg/user_led__type_support.cpp.o[0m
[8.049s] [ 42%] [32mBuilding CXX object CMakeFiles/turtlebot4_msgs__rosidl_typesupport_c.dir/rosidl_typesupport_c/turtlebot4_msgs/msg/user_button__type_support.cpp.o[0m
[8.085s] [ 44%] [32mBuilding C object CMakeFiles/turtlebot4_msgs__rosidl_typesupport_introspection_c.dir/rosidl_typesupport_introspection_c/turtlebot4_msgs/msg/detail/user_button__type_support.c.o[0m
[8.174s] [ 46%] [32mBuilding CXX object CMakeFiles/turtlebot4_msgs__rosidl_typesupport_c.dir/rosidl_typesupport_c/turtlebot4_msgs/msg/user_display__type_support.cpp.o[0m
[8.183s] [ 48%] [32mBuilding CXX object CMakeFiles/turtlebot4_msgs__rosidl_typesupport_fastrtps_c.dir/rosidl_typesupport_fastrtps_c/turtlebot4_msgs/msg/detail/user_led__type_support_c.cpp.o[0m
[8.189s] [ 51%] [32mBuilding C object CMakeFiles/turtlebot4_msgs__rosidl_typesupport_introspection_c.dir/rosidl_typesupport_introspection_c/turtlebot4_msgs/msg/detail/user_display__type_support.c.o[0m
[8.202s] [ 53%] [32mBuilding CXX object CMakeFiles/turtlebot4_msgs__rosidl_typesupport_fastrtps_cpp.dir/rosidl_typesupport_fastrtps_cpp/turtlebot4_msgs/msg/detail/dds_fastrtps/user_button__type_support.cpp.o[0m
[8.263s] [ 55%] [32mBuilding CXX object CMakeFiles/turtlebot4_msgs__rosidl_typesupport_fastrtps_c.dir/rosidl_typesupport_fastrtps_c/turtlebot4_msgs/msg/detail/user_button__type_support_c.cpp.o[0m
[8.382s] [ 57%] [32m[1mLinking C shared library libturtlebot4_msgs__rosidl_typesupport_introspection_c.so[0m
[8.405s] [ 59%] [32m[1mLinking CXX shared library libturtlebot4_msgs__rosidl_typesupport_c.so[0m
[8.440s] [ 61%] [32mBuilding CXX object CMakeFiles/turtlebot4_msgs__rosidl_typesupport_introspection_cpp.dir/rosidl_typesupport_introspection_cpp/turtlebot4_msgs/msg/detail/user_button__type_support.cpp.o[0m
[8.500s] [ 63%] [32m[1mLinking CXX shared library libturtlebot4_msgs__rosidl_typesupport_cpp.so[0m
[8.546s] [ 63%] Built target turtlebot4_msgs__rosidl_typesupport_introspection_c
[8.550s] [ 63%] Built target turtlebot4_msgs__rosidl_typesupport_c
[8.575s] [ 65%] [32mBuilding CXX object CMakeFiles/turtlebot4_msgs__rosidl_typesupport_introspection_cpp.dir/rosidl_typesupport_introspection_cpp/turtlebot4_msgs/msg/detail/user_display__type_support.cpp.o[0m
[8.595s] [ 68%] [32mBuilding CXX object CMakeFiles/turtlebot4_msgs__rosidl_typesupport_fastrtps_c.dir/rosidl_typesupport_fastrtps_c/turtlebot4_msgs/msg/detail/user_display__type_support_c.cpp.o[0m
[8.709s] [ 68%] Built target turtlebot4_msgs__rosidl_typesupport_cpp
[8.772s] [ 70%] [32mBuilding CXX object CMakeFiles/turtlebot4_msgs__rosidl_typesupport_fastrtps_cpp.dir/rosidl_typesupport_fastrtps_cpp/turtlebot4_msgs/msg/detail/dds_fastrtps/user_display__type_support.cpp.o[0m
[9.890s] [ 72%] [32m[1mLinking CXX shared library libturtlebot4_msgs__rosidl_typesupport_fastrtps_c.so[0m
[10.042s] [ 74%] [32m[1mLinking CXX shared library libturtlebot4_msgs__rosidl_typesupport_introspection_cpp.so[0m
[10.058s] [ 74%] Built target turtlebot4_msgs__rosidl_typesupport_fastrtps_c
[10.155s] [ 76%] [32m[1mLinking CXX shared library libturtlebot4_msgs__rosidl_typesupport_fastrtps_cpp.so[0m
[10.206s] [ 76%] Built target turtlebot4_msgs__rosidl_typesupport_introspection_cpp
[10.310s] [ 76%] Built target turtlebot4_msgs__rosidl_typesupport_fastrtps_cpp
[10.352s] [ 76%] Built target turtlebot4_msgs
[10.393s] [ 78%] [34m[1mGenerating Python code for ROS interfaces[0m
[11.908s] [ 78%] Built target turtlebot4_msgs__py
[11.952s] [ 82%] [32mBuilding C object CMakeFiles/turtlebot4_msgs__rosidl_generator_py.dir/rosidl_generator_py/turtlebot4_msgs/msg/_user_button_s.c.o[0m
[11.953s] [ 82%] [32mBuilding C object CMakeFiles/turtlebot4_msgs__rosidl_generator_py.dir/rosidl_generator_py/turtlebot4_msgs/msg/_user_led_s.c.o[0m
[11.953s] [ 85%] [32mBuilding C object CMakeFiles/turtlebot4_msgs__rosidl_generator_py.dir/rosidl_generator_py/turtlebot4_msgs/msg/_user_display_s.c.o[0m
[12.210s] [ 87%] [32m[1mLinking C shared library rosidl_generator_py/turtlebot4_msgs/libturtlebot4_msgs__rosidl_generator_py.so[0m
[12.297s] [ 87%] Built target turtlebot4_msgs__rosidl_generator_py
[12.338s] [ 91%] [32mBuilding C object CMakeFiles/turtlebot4_msgs__rosidl_typesupport_introspection_c__pyext.dir/rosidl_generator_py/turtlebot4_msgs/_turtlebot4_msgs_s.ep.rosidl_typesupport_introspection_c.c.o[0m
[12.338s] [ 91%] [32mBuilding C object CMakeFiles/turtlebot4_msgs__rosidl_typesupport_c__pyext.dir/rosidl_generator_py/turtlebot4_msgs/_turtlebot4_msgs_s.ep.rosidl_typesupport_c.c.o[0m
[12.344s] [ 93%] [32mBuilding C object CMakeFiles/turtlebot4_msgs__rosidl_typesupport_fastrtps_c__pyext.dir/rosidl_generator_py/turtlebot4_msgs/_turtlebot4_msgs_s.ep.rosidl_typesupport_fastrtps_c.c.o[0m
[12.555s] [ 95%] [32m[1mLinking C shared library rosidl_generator_py/turtlebot4_msgs/turtlebot4_msgs_s__rosidl_typesupport_introspection_c.cpython-310-aarch64-linux-gnu.so[0m
[12.565s] [ 97%] [32m[1mLinking C shared library rosidl_generator_py/turtlebot4_msgs/turtlebot4_msgs_s__rosidl_typesupport_fastrtps_c.cpython-310-aarch64-linux-gnu.so[0m
[12.565s] [100%] [32m[1mLinking C shared library rosidl_generator_py/turtlebot4_msgs/turtlebot4_msgs_s__rosidl_typesupport_c.cpython-310-aarch64-linux-gnu.so[0m
[12.631s] [100%] Built target turtlebot4_msgs__rosidl_typesupport_introspection_c__pyext
[12.631s] [100%] Built target turtlebot4_msgs__rosidl_typesupport_c__pyext
[12.632s] [100%] Built target turtlebot4_msgs__rosidl_typesupport_fastrtps_c__pyext
[12.664s] Invoked command in '/home/recoomputer/benytb4_ws/build/turtlebot4_msgs' returned '0': CMAKE_PREFIX_PATH=${CMAKE_PREFIX_PATH}:/home/recoomputer/benytb4_ws/install/turtlebot4_tests:/home/recoomputer/benytb4_ws/install/pose_navigator:/home/recoomputer/benytb4_ws/install/turtlebot4_diagnostics:/opt/ros/humble /usr/bin/cmake --build /home/recoomputer/benytb4_ws/build/turtlebot4_msgs -- -j8 -l8
[12.668s] Invoking command in '/home/recoomputer/benytb4_ws/build/turtlebot4_msgs': CMAKE_PREFIX_PATH=${CMAKE_PREFIX_PATH}:/home/recoomputer/benytb4_ws/install/turtlebot4_tests:/home/recoomputer/benytb4_ws/install/pose_navigator:/home/recoomputer/benytb4_ws/install/turtlebot4_diagnostics:/opt/ros/humble /usr/bin/cmake --install /home/recoomputer/benytb4_ws/build/turtlebot4_msgs
[12.683s] -- Install configuration: ""
[12.684s] -- Execute custom install script
[12.684s] -- Symlinking: /home/recoomputer/benytb4_ws/install/turtlebot4_msgs/share/ament_index/resource_index/rosidl_interfaces/turtlebot4_msgs
[12.713s] -- Symlinking: /home/recoomputer/benytb4_ws/install/turtlebot4_msgs/include/turtlebot4_msgs/turtlebot4_msgs/msg/detail/user_button__functions.h
[12.730s] -- Symlinking: /home/recoomputer/benytb4_ws/install/turtlebot4_msgs/include/turtlebot4_msgs/turtlebot4_msgs/msg/detail/user_button__struct.h
[12.748s] -- Symlinking: /home/recoomputer/benytb4_ws/install/turtlebot4_msgs/include/turtlebot4_msgs/turtlebot4_msgs/msg/detail/user_button__type_support.h
[12.767s] -- Symlinking: /home/recoomputer/benytb4_ws/install/turtlebot4_msgs/include/turtlebot4_msgs/turtlebot4_msgs/msg/detail/user_display__functions.h
[12.784s] -- Symlinking: /home/recoomputer/benytb4_ws/install/turtlebot4_msgs/include/turtlebot4_msgs/turtlebot4_msgs/msg/detail/user_display__struct.h
[12.802s] -- Symlinking: /home/recoomputer/benytb4_ws/install/turtlebot4_msgs/include/turtlebot4_msgs/turtlebot4_msgs/msg/detail/user_display__type_support.h
[12.821s] -- Symlinking: /home/recoomputer/benytb4_ws/install/turtlebot4_msgs/include/turtlebot4_msgs/turtlebot4_msgs/msg/detail/user_led__functions.h
[12.838s] -- Symlinking: /home/recoomputer/benytb4_ws/install/turtlebot4_msgs/include/turtlebot4_msgs/turtlebot4_msgs/msg/detail/user_led__struct.h
[12.859s] -- Symlinking: /home/recoomputer/benytb4_ws/install/turtlebot4_msgs/include/turtlebot4_msgs/turtlebot4_msgs/msg/detail/user_led__type_support.h
[12.876s] -- Symlinking: /home/recoomputer/benytb4_ws/install/turtlebot4_msgs/include/turtlebot4_msgs/turtlebot4_msgs/msg/rosidl_generator_c__visibility_control.h
[12.893s] -- Symlinking: /home/recoomputer/benytb4_ws/install/turtlebot4_msgs/include/turtlebot4_msgs/turtlebot4_msgs/msg/user_button.h
[12.912s] -- Symlinking: /home/recoomputer/benytb4_ws/install/turtlebot4_msgs/include/turtlebot4_msgs/turtlebot4_msgs/msg/user_display.h
[12.929s] -- Symlinking: /home/recoomputer/benytb4_ws/install/turtlebot4_msgs/include/turtlebot4_msgs/turtlebot4_msgs/msg/user_led.h
[12.950s] -- Symlinking: /home/recoomputer/benytb4_ws/install/turtlebot4_msgs/share/turtlebot4_msgs/environment/library_path.sh
[12.969s] -- Symlinking: /home/recoomputer/benytb4_ws/install/turtlebot4_msgs/share/turtlebot4_msgs/environment/library_path.dsv
[12.989s] -- Symlinking: /home/recoomputer/benytb4_ws/install/turtlebot4_msgs/include/turtlebot4_msgs/turtlebot4_msgs/msg/detail/user_button__rosidl_typesupport_fastrtps_c.h
[13.006s] -- Symlinking: /home/recoomputer/benytb4_ws/install/turtlebot4_msgs/include/turtlebot4_msgs/turtlebot4_msgs/msg/detail/user_display__rosidl_typesupport_fastrtps_c.h
[13.027s] -- Symlinking: /home/recoomputer/benytb4_ws/install/turtlebot4_msgs/include/turtlebot4_msgs/turtlebot4_msgs/msg/detail/user_led__rosidl_typesupport_fastrtps_c.h
[13.043s] -- Symlinking: /home/recoomputer/benytb4_ws/install/turtlebot4_msgs/include/turtlebot4_msgs/turtlebot4_msgs/msg/rosidl_typesupport_fastrtps_c__visibility_control.h
[13.065s] -- Symlinking: /home/recoomputer/benytb4_ws/install/turtlebot4_msgs/include/turtlebot4_msgs/turtlebot4_msgs/msg/detail/user_button__rosidl_typesupport_introspection_c.h
[13.082s] -- Symlinking: /home/recoomputer/benytb4_ws/install/turtlebot4_msgs/include/turtlebot4_msgs/turtlebot4_msgs/msg/detail/user_display__rosidl_typesupport_introspection_c.h
[13.100s] -- Symlinking: /home/recoomputer/benytb4_ws/install/turtlebot4_msgs/include/turtlebot4_msgs/turtlebot4_msgs/msg/detail/user_led__rosidl_typesupport_introspection_c.h
[13.117s] -- Symlinking: /home/recoomputer/benytb4_ws/install/turtlebot4_msgs/include/turtlebot4_msgs/turtlebot4_msgs/msg/rosidl_typesupport_introspection_c__visibility_control.h
[13.139s] -- Symlinking: /home/recoomputer/benytb4_ws/install/turtlebot4_msgs/include/turtlebot4_msgs/turtlebot4_msgs/msg/detail/user_button__builder.hpp
[13.156s] -- Symlinking: /home/recoomputer/benytb4_ws/install/turtlebot4_msgs/include/turtlebot4_msgs/turtlebot4_msgs/msg/detail/user_button__struct.hpp
[13.174s] -- Symlinking: /home/recoomputer/benytb4_ws/install/turtlebot4_msgs/include/turtlebot4_msgs/turtlebot4_msgs/msg/detail/user_button__traits.hpp
[13.193s] -- Symlinking: /home/recoomputer/benytb4_ws/install/turtlebot4_msgs/include/turtlebot4_msgs/turtlebot4_msgs/msg/detail/user_button__type_support.hpp
[13.210s] -- Symlinking: /home/recoomputer/benytb4_ws/install/turtlebot4_msgs/include/turtlebot4_msgs/turtlebot4_msgs/msg/detail/user_display__builder.hpp
[13.229s] -- Symlinking: /home/recoomputer/benytb4_ws/install/turtlebot4_msgs/include/turtlebot4_msgs/turtlebot4_msgs/msg/detail/user_display__struct.hpp
[13.245s] -- Symlinking: /home/recoomputer/benytb4_ws/install/turtlebot4_msgs/include/turtlebot4_msgs/turtlebot4_msgs/msg/detail/user_display__traits.hpp
[13.266s] -- Symlinking: /home/recoomputer/benytb4_ws/install/turtlebot4_msgs/include/turtlebot4_msgs/turtlebot4_msgs/msg/detail/user_display__type_support.hpp
[13.283s] -- Symlinking: /home/recoomputer/benytb4_ws/install/turtlebot4_msgs/include/turtlebot4_msgs/turtlebot4_msgs/msg/detail/user_led__builder.hpp
[13.302s] -- Symlinking: /home/recoomputer/benytb4_ws/install/turtlebot4_msgs/include/turtlebot4_msgs/turtlebot4_msgs/msg/detail/user_led__struct.hpp
[13.319s] -- Symlinking: /home/recoomputer/benytb4_ws/install/turtlebot4_msgs/include/turtlebot4_msgs/turtlebot4_msgs/msg/detail/user_led__traits.hpp
[13.337s] -- Symlinking: /home/recoomputer/benytb4_ws/install/turtlebot4_msgs/include/turtlebot4_msgs/turtlebot4_msgs/msg/detail/user_led__type_support.hpp
[13.355s] -- Symlinking: /home/recoomputer/benytb4_ws/install/turtlebot4_msgs/include/turtlebot4_msgs/turtlebot4_msgs/msg/rosidl_generator_cpp__visibility_control.hpp
[13.372s] -- Symlinking: /home/recoomputer/benytb4_ws/install/turtlebot4_msgs/include/turtlebot4_msgs/turtlebot4_msgs/msg/user_button.hpp
[13.391s] -- Symlinking: /home/recoomputer/benytb4_ws/install/turtlebot4_msgs/include/turtlebot4_msgs/turtlebot4_msgs/msg/user_display.hpp
[13.410s] -- Symlinking: /home/recoomputer/benytb4_ws/install/turtlebot4_msgs/include/turtlebot4_msgs/turtlebot4_msgs/msg/user_led.hpp
[13.429s] -- Symlinking: /home/recoomputer/benytb4_ws/install/turtlebot4_msgs/include/turtlebot4_msgs/turtlebot4_msgs/msg/detail/user_button__rosidl_typesupport_fastrtps_cpp.hpp
[13.447s] -- Symlinking: /home/recoomputer/benytb4_ws/install/turtlebot4_msgs/include/turtlebot4_msgs/turtlebot4_msgs/msg/detail/user_display__rosidl_typesupport_fastrtps_cpp.hpp
[13.464s] -- Symlinking: /home/recoomputer/benytb4_ws/install/turtlebot4_msgs/include/turtlebot4_msgs/turtlebot4_msgs/msg/detail/user_led__rosidl_typesupport_fastrtps_cpp.hpp
[13.483s] -- Symlinking: /home/recoomputer/benytb4_ws/install/turtlebot4_msgs/include/turtlebot4_msgs/turtlebot4_msgs/msg/rosidl_typesupport_fastrtps_cpp__visibility_control.h
[13.505s] -- Symlinking: /home/recoomputer/benytb4_ws/install/turtlebot4_msgs/include/turtlebot4_msgs/turtlebot4_msgs/msg/detail/user_button__rosidl_typesupport_introspection_cpp.hpp
[13.523s] -- Symlinking: /home/recoomputer/benytb4_ws/install/turtlebot4_msgs/include/turtlebot4_msgs/turtlebot4_msgs/msg/detail/user_display__rosidl_typesupport_introspection_cpp.hpp
[13.543s] -- Symlinking: /home/recoomputer/benytb4_ws/install/turtlebot4_msgs/include/turtlebot4_msgs/turtlebot4_msgs/msg/detail/user_led__rosidl_typesupport_introspection_cpp.hpp
[13.560s] -- Symlinking: /home/recoomputer/benytb4_ws/install/turtlebot4_msgs/share/turtlebot4_msgs/environment/pythonpath.sh
[13.577s] -- Symlinking: /home/recoomputer/benytb4_ws/install/turtlebot4_msgs/share/turtlebot4_msgs/environment/pythonpath.dsv
[13.597s] -- Symlinking: /home/recoomputer/benytb4_ws/install/turtlebot4_msgs/local/lib/python3.10/dist-packages/turtlebot4_msgs-1.0.5-py3.10.egg-info/PKG-INFO
[13.615s] -- Symlinking: /home/recoomputer/benytb4_ws/install/turtlebot4_msgs/local/lib/python3.10/dist-packages/turtlebot4_msgs-1.0.5-py3.10.egg-info/SOURCES.txt
[13.635s] -- Symlinking: /home/recoomputer/benytb4_ws/install/turtlebot4_msgs/local/lib/python3.10/dist-packages/turtlebot4_msgs-1.0.5-py3.10.egg-info/dependency_links.txt
[13.653s] -- Symlinking: /home/recoomputer/benytb4_ws/install/turtlebot4_msgs/local/lib/python3.10/dist-packages/turtlebot4_msgs-1.0.5-py3.10.egg-info/top_level.txt
[13.678s] -- Symlinking: /home/recoomputer/benytb4_ws/install/turtlebot4_msgs/local/lib/python3.10/dist-packages/turtlebot4_msgs/__init__.py
[13.696s] -- Symlinking: /home/recoomputer/benytb4_ws/install/turtlebot4_msgs/local/lib/python3.10/dist-packages/turtlebot4_msgs/_turtlebot4_msgs_s.ep.rosidl_typesupport_c.c
[13.715s] -- Symlinking: /home/recoomputer/benytb4_ws/install/turtlebot4_msgs/local/lib/python3.10/dist-packages/turtlebot4_msgs/_turtlebot4_msgs_s.ep.rosidl_typesupport_fastrtps_c.c
[13.732s] -- Symlinking: /home/recoomputer/benytb4_ws/install/turtlebot4_msgs/local/lib/python3.10/dist-packages/turtlebot4_msgs/_turtlebot4_msgs_s.ep.rosidl_typesupport_introspection_c.c
[13.753s] -- Symlinking: /home/recoomputer/benytb4_ws/install/turtlebot4_msgs/local/lib/python3.10/dist-packages/turtlebot4_msgs/libturtlebot4_msgs__rosidl_generator_py.so
[13.771s] -- Symlinking: /home/recoomputer/benytb4_ws/install/turtlebot4_msgs/local/lib/python3.10/dist-packages/turtlebot4_msgs/msg/__init__.py
[13.789s] -- Symlinking: /home/recoomputer/benytb4_ws/install/turtlebot4_msgs/local/lib/python3.10/dist-packages/turtlebot4_msgs/msg/_user_button.py
[13.808s] -- Symlinking: /home/recoomputer/benytb4_ws/install/turtlebot4_msgs/local/lib/python3.10/dist-packages/turtlebot4_msgs/msg/_user_button_s.c
[13.825s] -- Symlinking: /home/recoomputer/benytb4_ws/install/turtlebot4_msgs/local/lib/python3.10/dist-packages/turtlebot4_msgs/msg/_user_display.py
[13.855s] -- Symlinking: /home/recoomputer/benytb4_ws/install/turtlebot4_msgs/local/lib/python3.10/dist-packages/turtlebot4_msgs/msg/_user_display_s.c
[13.873s] -- Symlinking: /home/recoomputer/benytb4_ws/install/turtlebot4_msgs/local/lib/python3.10/dist-packages/turtlebot4_msgs/msg/_user_led.py
[13.892s] -- Symlinking: /home/recoomputer/benytb4_ws/install/turtlebot4_msgs/local/lib/python3.10/dist-packages/turtlebot4_msgs/msg/_user_led_s.c
[13.909s] -- Symlinking: /home/recoomputer/benytb4_ws/install/turtlebot4_msgs/local/lib/python3.10/dist-packages/turtlebot4_msgs/turtlebot4_msgs_s__rosidl_typesupport_c.cpython-310-aarch64-linux-gnu.so
[13.926s] -- Symlinking: /home/recoomputer/benytb4_ws/install/turtlebot4_msgs/local/lib/python3.10/dist-packages/turtlebot4_msgs/turtlebot4_msgs_s__rosidl_typesupport_fastrtps_c.cpython-310-aarch64-linux-gnu.so
[13.943s] -- Symlinking: /home/recoomputer/benytb4_ws/install/turtlebot4_msgs/local/lib/python3.10/dist-packages/turtlebot4_msgs/turtlebot4_msgs_s__rosidl_typesupport_introspection_c.cpython-310-aarch64-linux-gnu.so
[13.962s] -- Up-to-date symlink: /home/recoomputer/benytb4_ws/install/turtlebot4_msgs/local/lib/python3.10/dist-packages/turtlebot4_msgs/turtlebot4_msgs_s__rosidl_typesupport_fastrtps_c.cpython-310-aarch64-linux-gnu.so
[13.963s] -- Up-to-date symlink: /home/recoomputer/benytb4_ws/install/turtlebot4_msgs/local/lib/python3.10/dist-packages/turtlebot4_msgs/turtlebot4_msgs_s__rosidl_typesupport_introspection_c.cpython-310-aarch64-linux-gnu.so
[13.964s] -- Up-to-date symlink: /home/recoomputer/benytb4_ws/install/turtlebot4_msgs/local/lib/python3.10/dist-packages/turtlebot4_msgs/turtlebot4_msgs_s__rosidl_typesupport_c.cpython-310-aarch64-linux-gnu.so
[13.964s] -- Symlinking: /home/recoomputer/benytb4_ws/install/turtlebot4_msgs/share/turtlebot4_msgs/msg/UserLed.idl
[13.984s] -- Symlinking: /home/recoomputer/benytb4_ws/install/turtlebot4_msgs/share/turtlebot4_msgs/msg/UserButton.idl
[14.004s] -- Symlinking: /home/recoomputer/benytb4_ws/install/turtlebot4_msgs/share/turtlebot4_msgs/msg/UserDisplay.idl
[14.021s] -- Symlinking: /home/recoomputer/benytb4_ws/install/turtlebot4_msgs/share/turtlebot4_msgs/msg/UserLed.msg
[14.040s] -- Symlinking: /home/recoomputer/benytb4_ws/install/turtlebot4_msgs/share/turtlebot4_msgs/msg/UserButton.msg
[14.059s] -- Symlinking: /home/recoomputer/benytb4_ws/install/turtlebot4_msgs/share/turtlebot4_msgs/msg/UserDisplay.msg
[14.076s] -- Symlinking: /home/recoomputer/benytb4_ws/install/turtlebot4_msgs/share/ament_index/resource_index/package_run_dependencies/turtlebot4_msgs
[14.098s] -- Symlinking: /home/recoomputer/benytb4_ws/install/turtlebot4_msgs/share/ament_index/resource_index/parent_prefix_path/turtlebot4_msgs
[14.118s] -- Symlinking: /home/recoomputer/benytb4_ws/install/turtlebot4_msgs/share/turtlebot4_msgs/environment/ament_prefix_path.sh
[14.135s] -- Symlinking: /home/recoomputer/benytb4_ws/install/turtlebot4_msgs/share/turtlebot4_msgs/environment/ament_prefix_path.dsv
[14.158s] -- Symlinking: /home/recoomputer/benytb4_ws/install/turtlebot4_msgs/share/turtlebot4_msgs/environment/path.sh
[14.175s] -- Symlinking: /home/recoomputer/benytb4_ws/install/turtlebot4_msgs/share/turtlebot4_msgs/environment/path.dsv
[14.205s] -- Symlinking: /home/recoomputer/benytb4_ws/install/turtlebot4_msgs/share/turtlebot4_msgs/local_setup.bash
[14.223s] -- Symlinking: /home/recoomputer/benytb4_ws/install/turtlebot4_msgs/share/turtlebot4_msgs/local_setup.sh
[14.244s] -- Symlinking: /home/recoomputer/benytb4_ws/install/turtlebot4_msgs/share/turtlebot4_msgs/local_setup.zsh
[14.265s] -- Symlinking: /home/recoomputer/benytb4_ws/install/turtlebot4_msgs/share/turtlebot4_msgs/local_setup.dsv
[14.282s] -- Symlinking: /home/recoomputer/benytb4_ws/install/turtlebot4_msgs/share/turtlebot4_msgs/package.dsv
[14.302s] -- Symlinking: /home/recoomputer/benytb4_ws/install/turtlebot4_msgs/share/ament_index/resource_index/packages/turtlebot4_msgs
[14.321s] -- Symlinking: /home/recoomputer/benytb4_ws/install/turtlebot4_msgs/share/turtlebot4_msgs/cmake/rosidl_cmake-extras.cmake
[14.339s] -- Symlinking: /home/recoomputer/benytb4_ws/install/turtlebot4_msgs/share/turtlebot4_msgs/cmake/ament_cmake_export_include_directories-extras.cmake
[14.361s] -- Symlinking: /home/recoomputer/benytb4_ws/install/turtlebot4_msgs/share/turtlebot4_msgs/cmake/ament_cmake_export_libraries-extras.cmake
[14.377s] -- Symlinking: /home/recoomputer/benytb4_ws/install/turtlebot4_msgs/share/turtlebot4_msgs/cmake/ament_cmake_export_targets-extras.cmake
[14.398s] -- Symlinking: /home/recoomputer/benytb4_ws/install/turtlebot4_msgs/share/turtlebot4_msgs/cmake/rosidl_cmake_export_typesupport_targets-extras.cmake
[14.416s] -- Symlinking: /home/recoomputer/benytb4_ws/install/turtlebot4_msgs/share/turtlebot4_msgs/cmake/ament_cmake_export_dependencies-extras.cmake
[14.433s] -- Symlinking: /home/recoomputer/benytb4_ws/install/turtlebot4_msgs/share/turtlebot4_msgs/cmake/rosidl_cmake_export_typesupport_libraries-extras.cmake
[14.456s] -- Symlinking: /home/recoomputer/benytb4_ws/install/turtlebot4_msgs/share/turtlebot4_msgs/cmake/turtlebot4_msgsConfig.cmake
[14.475s] -- Symlinking: /home/recoomputer/benytb4_ws/install/turtlebot4_msgs/share/turtlebot4_msgs/cmake/turtlebot4_msgsConfig-version.cmake
[14.502s] -- Symlinking: /home/recoomputer/benytb4_ws/install/turtlebot4_msgs/share/turtlebot4_msgs/package.xml
[14.521s] -- Installing: /home/recoomputer/benytb4_ws/install/turtlebot4_msgs/lib/libturtlebot4_msgs__rosidl_generator_c.so
[14.521s] -- Set runtime path of "/home/recoomputer/benytb4_ws/install/turtlebot4_msgs/lib/libturtlebot4_msgs__rosidl_generator_c.so" to ""
[14.521s] -- Installing: /home/recoomputer/benytb4_ws/install/turtlebot4_msgs/lib/libturtlebot4_msgs__rosidl_typesupport_fastrtps_c.so
[14.522s] -- Set runtime path of "/home/recoomputer/benytb4_ws/install/turtlebot4_msgs/lib/libturtlebot4_msgs__rosidl_typesupport_fastrtps_c.so" to ""
[14.522s] -- Installing: /home/recoomputer/benytb4_ws/install/turtlebot4_msgs/lib/libturtlebot4_msgs__rosidl_typesupport_introspection_c.so
[14.522s] -- Set runtime path of "/home/recoomputer/benytb4_ws/install/turtlebot4_msgs/lib/libturtlebot4_msgs__rosidl_typesupport_introspection_c.so" to ""
[14.522s] -- Installing: /home/recoomputer/benytb4_ws/install/turtlebot4_msgs/lib/libturtlebot4_msgs__rosidl_typesupport_c.so
[14.523s] -- Set runtime path of "/home/recoomputer/benytb4_ws/install/turtlebot4_msgs/lib/libturtlebot4_msgs__rosidl_typesupport_c.so" to ""
[14.523s] -- Installing: /home/recoomputer/benytb4_ws/install/turtlebot4_msgs/lib/libturtlebot4_msgs__rosidl_typesupport_fastrtps_cpp.so
[14.524s] -- Set runtime path of "/home/recoomputer/benytb4_ws/install/turtlebot4_msgs/lib/libturtlebot4_msgs__rosidl_typesupport_fastrtps_cpp.so" to ""
[14.524s] -- Installing: /home/recoomputer/benytb4_ws/install/turtlebot4_msgs/lib/libturtlebot4_msgs__rosidl_typesupport_introspection_cpp.so
[14.524s] -- Set runtime path of "/home/recoomputer/benytb4_ws/install/turtlebot4_msgs/lib/libturtlebot4_msgs__rosidl_typesupport_introspection_cpp.so" to ""
[14.525s] -- Installing: /home/recoomputer/benytb4_ws/install/turtlebot4_msgs/lib/libturtlebot4_msgs__rosidl_typesupport_cpp.so
[14.525s] -- Set runtime path of "/home/recoomputer/benytb4_ws/install/turtlebot4_msgs/lib/libturtlebot4_msgs__rosidl_typesupport_cpp.so" to ""
[14.615s] Listing '/home/recoomputer/benytb4_ws/install/turtlebot4_msgs/local/lib/python3.10/dist-packages/turtlebot4_msgs'...
[14.615s] Compiling '/home/recoomputer/benytb4_ws/install/turtlebot4_msgs/local/lib/python3.10/dist-packages/turtlebot4_msgs/__init__.py'...
[14.615s] Listing '/home/recoomputer/benytb4_ws/install/turtlebot4_msgs/local/lib/python3.10/dist-packages/turtlebot4_msgs/msg'...
[14.615s] Compiling '/home/recoomputer/benytb4_ws/install/turtlebot4_msgs/local/lib/python3.10/dist-packages/turtlebot4_msgs/msg/__init__.py'...
[14.616s] Compiling '/home/recoomputer/benytb4_ws/install/turtlebot4_msgs/local/lib/python3.10/dist-packages/turtlebot4_msgs/msg/_user_button.py'...
[14.616s] Compiling '/home/recoomputer/benytb4_ws/install/turtlebot4_msgs/local/lib/python3.10/dist-packages/turtlebot4_msgs/msg/_user_display.py'...
[14.616s] Compiling '/home/recoomputer/benytb4_ws/install/turtlebot4_msgs/local/lib/python3.10/dist-packages/turtlebot4_msgs/msg/_user_led.py'...
[14.628s] -- Installing: /home/recoomputer/benytb4_ws/install/turtlebot4_msgs/lib/libturtlebot4_msgs__rosidl_generator_py.so
[14.629s] -- Set runtime path of "/home/recoomputer/benytb4_ws/install/turtlebot4_msgs/lib/libturtlebot4_msgs__rosidl_generator_py.so" to ""
[14.629s] -- Installing: /home/recoomputer/benytb4_ws/install/turtlebot4_msgs/share/turtlebot4_msgs/cmake/export_turtlebot4_msgs__rosidl_generator_cExport.cmake
[14.629s] -- Installing: /home/recoomputer/benytb4_ws/install/turtlebot4_msgs/share/turtlebot4_msgs/cmake/export_turtlebot4_msgs__rosidl_generator_cExport-noconfig.cmake
[14.629s] -- Installing: /home/recoomputer/benytb4_ws/install/turtlebot4_msgs/share/turtlebot4_msgs/cmake/export_turtlebot4_msgs__rosidl_typesupport_fastrtps_cExport.cmake
[14.630s] -- Installing: /home/recoomputer/benytb4_ws/install/turtlebot4_msgs/share/turtlebot4_msgs/cmake/export_turtlebot4_msgs__rosidl_typesupport_fastrtps_cExport-noconfig.cmake
[14.630s] -- Installing: /home/recoomputer/benytb4_ws/install/turtlebot4_msgs/share/turtlebot4_msgs/cmake/turtlebot4_msgs__rosidl_typesupport_introspection_cExport.cmake
[14.630s] -- Installing: /home/recoomputer/benytb4_ws/install/turtlebot4_msgs/share/turtlebot4_msgs/cmake/turtlebot4_msgs__rosidl_typesupport_introspection_cExport-noconfig.cmake
[14.631s] -- Installing: /home/recoomputer/benytb4_ws/install/turtlebot4_msgs/share/turtlebot4_msgs/cmake/turtlebot4_msgs__rosidl_typesupport_cExport.cmake
[14.631s] -- Installing: /home/recoomputer/benytb4_ws/install/turtlebot4_msgs/share/turtlebot4_msgs/cmake/turtlebot4_msgs__rosidl_typesupport_cExport-noconfig.cmake
[14.631s] -- Installing: /home/recoomputer/benytb4_ws/install/turtlebot4_msgs/share/turtlebot4_msgs/cmake/export_turtlebot4_msgs__rosidl_generator_cppExport.cmake
[14.631s] -- Installing: /home/recoomputer/benytb4_ws/install/turtlebot4_msgs/share/turtlebot4_msgs/cmake/export_turtlebot4_msgs__rosidl_typesupport_fastrtps_cppExport.cmake
[14.632s] -- Installing: /home/recoomputer/benytb4_ws/install/turtlebot4_msgs/share/turtlebot4_msgs/cmake/export_turtlebot4_msgs__rosidl_typesupport_fastrtps_cppExport-noconfig.cmake
[14.632s] -- Installing: /home/recoomputer/benytb4_ws/install/turtlebot4_msgs/share/turtlebot4_msgs/cmake/turtlebot4_msgs__rosidl_typesupport_introspection_cppExport.cmake
[14.632s] -- Installing: /home/recoomputer/benytb4_ws/install/turtlebot4_msgs/share/turtlebot4_msgs/cmake/turtlebot4_msgs__rosidl_typesupport_introspection_cppExport-noconfig.cmake
[14.633s] -- Installing: /home/recoomputer/benytb4_ws/install/turtlebot4_msgs/share/turtlebot4_msgs/cmake/turtlebot4_msgs__rosidl_typesupport_cppExport.cmake
[14.633s] -- Installing: /home/recoomputer/benytb4_ws/install/turtlebot4_msgs/share/turtlebot4_msgs/cmake/turtlebot4_msgs__rosidl_typesupport_cppExport-noconfig.cmake
[14.633s] -- Installing: /home/recoomputer/benytb4_ws/install/turtlebot4_msgs/share/turtlebot4_msgs/cmake/export_turtlebot4_msgs__rosidl_generator_pyExport.cmake
[14.633s] -- Installing: /home/recoomputer/benytb4_ws/install/turtlebot4_msgs/share/turtlebot4_msgs/cmake/export_turtlebot4_msgs__rosidl_generator_pyExport-noconfig.cmake
[14.640s] Invoked command in '/home/recoomputer/benytb4_ws/build/turtlebot4_msgs' returned '0': CMAKE_PREFIX_PATH=${CMAKE_PREFIX_PATH}:/home/recoomputer/benytb4_ws/install/turtlebot4_tests:/home/recoomputer/benytb4_ws/install/pose_navigator:/home/recoomputer/benytb4_ws/install/turtlebot4_diagnostics:/opt/ros/humble /usr/bin/cmake --install /home/recoomputer/benytb4_ws/build/turtlebot4_msgs
