[0.760s] Invoking command in '/home/recoomputer/benytb4_ws/build/map_publisher': CMAKE_PREFIX_PATH=${CMAKE_PREFIX_PATH}:/home/recoomputer/benytb4_ws/install/turtlebot4_tests:/home/recoomputer/benytb4_ws/install/pose_navigator:/home/recoomputer/benytb4_ws/install/turtlebot4_diagnostics:/opt/ros/humble /usr/bin/cmake --build /home/recoomputer/benytb4_ws/build/map_publisher -- -j8 -l8
[0.890s] [100%] Built target map_publisher_node
[0.926s] Invoked command in '/home/recoomputer/benytb4_ws/build/map_publisher' returned '0': CMAKE_PREFIX_PATH=${CMAKE_PREFIX_PATH}:/home/recoomputer/benytb4_ws/install/turtlebot4_tests:/home/recoomputer/benytb4_ws/install/pose_navigator:/home/recoomputer/benytb4_ws/install/turtlebot4_diagnostics:/opt/ros/humble /usr/bin/cmake --build /home/recoomputer/benytb4_ws/build/map_publisher -- -j8 -l8
[0.929s] Invoking command in '/home/recoomputer/benytb4_ws/build/map_publisher': CMAKE_PREFIX_PATH=${CMAKE_PREFIX_PATH}:/home/recoomputer/benytb4_ws/install/turtlebot4_tests:/home/recoomputer/benytb4_ws/install/pose_navigator:/home/recoomputer/benytb4_ws/install/turtlebot4_diagnostics:/opt/ros/humble /usr/bin/cmake --install /home/recoomputer/benytb4_ws/build/map_publisher
[0.952s] -- Install configuration: ""
[0.953s] -- Execute custom install script
[0.953s] -- Up-to-date symlink: /home/recoomputer/benytb4_ws/install/map_publisher/lib/map_publisher/map_publisher_node
[0.953s] -- Up-to-date symlink: /home/recoomputer/benytb4_ws/install/map_publisher/share/ament_index/resource_index/package_run_dependencies/map_publisher
[0.954s] -- Up-to-date symlink: /home/recoomputer/benytb4_ws/install/map_publisher/share/ament_index/resource_index/parent_prefix_path/map_publisher
[0.954s] -- Up-to-date symlink: /home/recoomputer/benytb4_ws/install/map_publisher/share/map_publisher/environment/ament_prefix_path.sh
[0.954s] -- Up-to-date symlink: /home/recoomputer/benytb4_ws/install/map_publisher/share/map_publisher/environment/ament_prefix_path.dsv
[0.955s] -- Up-to-date symlink: /home/recoomputer/benytb4_ws/install/map_publisher/share/map_publisher/environment/path.sh
[0.955s] -- Up-to-date symlink: /home/recoomputer/benytb4_ws/install/map_publisher/share/map_publisher/environment/path.dsv
[0.955s] -- Up-to-date symlink: /home/recoomputer/benytb4_ws/install/map_publisher/share/map_publisher/local_setup.bash
[0.956s] -- Up-to-date symlink: /home/recoomputer/benytb4_ws/install/map_publisher/share/map_publisher/local_setup.sh
[0.956s] -- Up-to-date symlink: /home/recoomputer/benytb4_ws/install/map_publisher/share/map_publisher/local_setup.zsh
[0.956s] -- Up-to-date symlink: /home/recoomputer/benytb4_ws/install/map_publisher/share/map_publisher/local_setup.dsv
[0.956s] -- Symlinking: /home/recoomputer/benytb4_ws/install/map_publisher/share/map_publisher/package.dsv
[0.980s] -- Up-to-date symlink: /home/recoomputer/benytb4_ws/install/map_publisher/share/ament_index/resource_index/packages/map_publisher
[0.981s] -- Up-to-date symlink: /home/recoomputer/benytb4_ws/install/map_publisher/share/map_publisher/cmake/map_publisherConfig.cmake
[0.981s] -- Up-to-date symlink: /home/recoomputer/benytb4_ws/install/map_publisher/share/map_publisher/cmake/map_publisherConfig-version.cmake
[0.981s] -- Up-to-date symlink: /home/recoomputer/benytb4_ws/install/map_publisher/share/map_publisher/package.xml
[1.054s] Invoked command in '/home/recoomputer/benytb4_ws/build/map_publisher' returned '0': CMAKE_PREFIX_PATH=${CMAKE_PREFIX_PATH}:/home/recoomputer/benytb4_ws/install/turtlebot4_tests:/home/recoomputer/benytb4_ws/install/pose_navigator:/home/recoomputer/benytb4_ws/install/turtlebot4_diagnostics:/opt/ros/humble /usr/bin/cmake --install /home/recoomputer/benytb4_ws/build/map_publisher
