[0.045s] Invoking command in '/home/recoomputer/benytb4_ws/build/turtlebot4_viz': CMAKE_PREFIX_PATH=/home/recoomputer/benytb4_ws/install/turtlebot4_description:/home/recoomputer/benytb4_ws/install/turtlebot4_desktop:/home/recoomputer/benytb4_ws/install/turtlebot4_viz:/home/recoomputer/benytb4_ws/install/turtlebot4_robot:/home/recoomputer/benytb4_ws/install/turtlebot4_bringup:/home/recoomputer/benytb4_ws/install/turtlebot4_base:/home/recoomputer/benytb4_ws/install/turtlebot4_node:/home/recoomputer/benytb4_ws/install/turtlebot4_navigation:/home/recoomputer/benytb4_ws/install/turtlebot4_msgs:/home/recoomputer/benytb4_ws/install/nav2_costmap_filters_demo:/home/recoomputer/benytb4_ws/install/map_publisher:/home/recoomputer/benytb4_ws/install/turtlebot4_tests:/home/recoomputer/benytb4_ws/install/pose_navigator:/home/recoomputer/benytb4_ws/install/turtlebot4_diagnostics:/opt/ros/humble /usr/bin/cmake --build /home/recoomputer/benytb4_ws/build/turtlebot4_viz -- -j8 -l8
[0.133s] Invoked command in '/home/recoomputer/benytb4_ws/build/turtlebot4_viz' returned '0': CMAKE_PREFIX_PATH=/home/recoomputer/benytb4_ws/install/turtlebot4_description:/home/recoomputer/benytb4_ws/install/turtlebot4_desktop:/home/recoomputer/benytb4_ws/install/turtlebot4_viz:/home/recoomputer/benytb4_ws/install/turtlebot4_robot:/home/recoomputer/benytb4_ws/install/turtlebot4_bringup:/home/recoomputer/benytb4_ws/install/turtlebot4_base:/home/recoomputer/benytb4_ws/install/turtlebot4_node:/home/recoomputer/benytb4_ws/install/turtlebot4_navigation:/home/recoomputer/benytb4_ws/install/turtlebot4_msgs:/home/recoomputer/benytb4_ws/install/nav2_costmap_filters_demo:/home/recoomputer/benytb4_ws/install/map_publisher:/home/recoomputer/benytb4_ws/install/turtlebot4_tests:/home/recoomputer/benytb4_ws/install/pose_navigator:/home/recoomputer/benytb4_ws/install/turtlebot4_diagnostics:/opt/ros/humble /usr/bin/cmake --build /home/recoomputer/benytb4_ws/build/turtlebot4_viz -- -j8 -l8
[0.136s] Invoking command in '/home/recoomputer/benytb4_ws/build/turtlebot4_viz': CMAKE_PREFIX_PATH=/home/recoomputer/benytb4_ws/install/turtlebot4_description:/home/recoomputer/benytb4_ws/install/turtlebot4_desktop:/home/recoomputer/benytb4_ws/install/turtlebot4_viz:/home/recoomputer/benytb4_ws/install/turtlebot4_robot:/home/recoomputer/benytb4_ws/install/turtlebot4_bringup:/home/recoomputer/benytb4_ws/install/turtlebot4_base:/home/recoomputer/benytb4_ws/install/turtlebot4_node:/home/recoomputer/benytb4_ws/install/turtlebot4_navigation:/home/recoomputer/benytb4_ws/install/turtlebot4_msgs:/home/recoomputer/benytb4_ws/install/nav2_costmap_filters_demo:/home/recoomputer/benytb4_ws/install/map_publisher:/home/recoomputer/benytb4_ws/install/turtlebot4_tests:/home/recoomputer/benytb4_ws/install/pose_navigator:/home/recoomputer/benytb4_ws/install/turtlebot4_diagnostics:/opt/ros/humble /usr/bin/cmake --install /home/recoomputer/benytb4_ws/build/turtlebot4_viz
[0.168s] -- Install configuration: ""
[0.169s] -- Execute custom install script
[0.169s] -- Up-to-date symlink: /home/recoomputer/benytb4_ws/install/turtlebot4_viz/share/turtlebot4_viz/launch/view_diagnostics.launch.py
[0.169s] -- Up-to-date symlink: /home/recoomputer/benytb4_ws/install/turtlebot4_viz/share/turtlebot4_viz/launch/view_model.launch.py
[0.169s] -- Up-to-date symlink: /home/recoomputer/benytb4_ws/install/turtlebot4_viz/share/turtlebot4_viz/launch/view_navigation.launch.py
[0.169s] -- Up-to-date symlink: /home/recoomputer/benytb4_ws/install/turtlebot4_viz/share/turtlebot4_viz/launch/view_robot.launch.py
[0.169s] -- Up-to-date symlink: /home/recoomputer/benytb4_ws/install/turtlebot4_viz/share/turtlebot4_viz/rviz/model.rviz
[0.169s] -- Up-to-date symlink: /home/recoomputer/benytb4_ws/install/turtlebot4_viz/share/turtlebot4_viz/rviz/navigation.rviz
[0.169s] -- Up-to-date symlink: /home/recoomputer/benytb4_ws/install/turtlebot4_viz/share/turtlebot4_viz/rviz/robot.rviz
[0.169s] -- Up-to-date symlink: /home/recoomputer/benytb4_ws/install/turtlebot4_viz/share/ament_index/resource_index/package_run_dependencies/turtlebot4_viz
[0.169s] -- Up-to-date symlink: /home/recoomputer/benytb4_ws/install/turtlebot4_viz/share/ament_index/resource_index/parent_prefix_path/turtlebot4_viz
[0.170s] -- Up-to-date symlink: /home/recoomputer/benytb4_ws/install/turtlebot4_viz/share/turtlebot4_viz/environment/ament_prefix_path.sh
[0.170s] -- Up-to-date symlink: /home/recoomputer/benytb4_ws/install/turtlebot4_viz/share/turtlebot4_viz/environment/ament_prefix_path.dsv
[0.170s] -- Up-to-date symlink: /home/recoomputer/benytb4_ws/install/turtlebot4_viz/share/turtlebot4_viz/environment/path.sh
[0.170s] -- Up-to-date symlink: /home/recoomputer/benytb4_ws/install/turtlebot4_viz/share/turtlebot4_viz/environment/path.dsv
[0.170s] -- Up-to-date symlink: /home/recoomputer/benytb4_ws/install/turtlebot4_viz/share/turtlebot4_viz/local_setup.bash
[0.170s] -- Up-to-date symlink: /home/recoomputer/benytb4_ws/install/turtlebot4_viz/share/turtlebot4_viz/local_setup.sh
[0.170s] -- Up-to-date symlink: /home/recoomputer/benytb4_ws/install/turtlebot4_viz/share/turtlebot4_viz/local_setup.zsh
[0.170s] -- Up-to-date symlink: /home/recoomputer/benytb4_ws/install/turtlebot4_viz/share/turtlebot4_viz/local_setup.dsv
[0.170s] -- Symlinking: /home/recoomputer/benytb4_ws/install/turtlebot4_viz/share/turtlebot4_viz/package.dsv
[0.172s] -- Up-to-date symlink: /home/recoomputer/benytb4_ws/install/turtlebot4_viz/share/ament_index/resource_index/packages/turtlebot4_viz
[0.172s] -- Up-to-date symlink: /home/recoomputer/benytb4_ws/install/turtlebot4_viz/share/turtlebot4_viz/cmake/turtlebot4_vizConfig.cmake
[0.172s] -- Up-to-date symlink: /home/recoomputer/benytb4_ws/install/turtlebot4_viz/share/turtlebot4_viz/cmake/turtlebot4_vizConfig-version.cmake
[0.172s] -- Up-to-date symlink: /home/recoomputer/benytb4_ws/install/turtlebot4_viz/share/turtlebot4_viz/package.xml
[0.177s] Invoked command in '/home/recoomputer/benytb4_ws/build/turtlebot4_viz' returned '0': CMAKE_PREFIX_PATH=/home/recoomputer/benytb4_ws/install/turtlebot4_description:/home/recoomputer/benytb4_ws/install/turtlebot4_desktop:/home/recoomputer/benytb4_ws/install/turtlebot4_viz:/home/recoomputer/benytb4_ws/install/turtlebot4_robot:/home/recoomputer/benytb4_ws/install/turtlebot4_bringup:/home/recoomputer/benytb4_ws/install/turtlebot4_base:/home/recoomputer/benytb4_ws/install/turtlebot4_node:/home/recoomputer/benytb4_ws/install/turtlebot4_navigation:/home/recoomputer/benytb4_ws/install/turtlebot4_msgs:/home/recoomputer/benytb4_ws/install/nav2_costmap_filters_demo:/home/recoomputer/benytb4_ws/install/map_publisher:/home/recoomputer/benytb4_ws/install/turtlebot4_tests:/home/recoomputer/benytb4_ws/install/pose_navigator:/home/recoomputer/benytb4_ws/install/turtlebot4_diagnostics:/opt/ros/humble /usr/bin/cmake --install /home/recoomputer/benytb4_ws/build/turtlebot4_viz
