[0.020s] Invoking command in '/home/recoomputer/benytb4_ws/build/turtlebot4_desktop': CMAKE_PREFIX_PATH=/home/recoomputer/benytb4_ws/install/turtlebot4_viz:/home/recoomputer/benytb4_ws/install/turtlebot4_description:/home/recoomputer/benytb4_ws/install/turtlebot4_desktop:/home/recoomputer/benytb4_ws/install/turtlebot4_robot:/home/recoomputer/benytb4_ws/install/turtlebot4_bringup:/home/recoomputer/benytb4_ws/install/turtlebot4_base:/home/recoomputer/benytb4_ws/install/turtlebot4_node:/home/recoomputer/benytb4_ws/install/turtlebot4_navigation:/home/recoomputer/benytb4_ws/install/turtlebot4_msgs:/home/recoomputer/benytb4_ws/install/nav2_costmap_filters_demo:/home/recoomputer/benytb4_ws/install/map_publisher:/home/recoomputer/benytb4_ws/install/turtlebot4_tests:/home/recoomputer/benytb4_ws/install/pose_navigator:/home/recoomputer/benytb4_ws/install/turtlebot4_diagnostics:/opt/ros/humble /usr/bin/cmake --build /home/recoomputer/benytb4_ws/build/turtlebot4_desktop -- -j8 -l8
[0.135s] Invoked command in '/home/recoomputer/benytb4_ws/build/turtlebot4_desktop' returned '0': CMAKE_PREFIX_PATH=/home/recoomputer/benytb4_ws/install/turtlebot4_viz:/home/recoomputer/benytb4_ws/install/turtlebot4_description:/home/recoomputer/benytb4_ws/install/turtlebot4_desktop:/home/recoomputer/benytb4_ws/install/turtlebot4_robot:/home/recoomputer/benytb4_ws/install/turtlebot4_bringup:/home/recoomputer/benytb4_ws/install/turtlebot4_base:/home/recoomputer/benytb4_ws/install/turtlebot4_node:/home/recoomputer/benytb4_ws/install/turtlebot4_navigation:/home/recoomputer/benytb4_ws/install/turtlebot4_msgs:/home/recoomputer/benytb4_ws/install/nav2_costmap_filters_demo:/home/recoomputer/benytb4_ws/install/map_publisher:/home/recoomputer/benytb4_ws/install/turtlebot4_tests:/home/recoomputer/benytb4_ws/install/pose_navigator:/home/recoomputer/benytb4_ws/install/turtlebot4_diagnostics:/opt/ros/humble /usr/bin/cmake --build /home/recoomputer/benytb4_ws/build/turtlebot4_desktop -- -j8 -l8
[0.137s] Invoking command in '/home/recoomputer/benytb4_ws/build/turtlebot4_desktop': CMAKE_PREFIX_PATH=/home/recoomputer/benytb4_ws/install/turtlebot4_viz:/home/recoomputer/benytb4_ws/install/turtlebot4_description:/home/recoomputer/benytb4_ws/install/turtlebot4_desktop:/home/recoomputer/benytb4_ws/install/turtlebot4_robot:/home/recoomputer/benytb4_ws/install/turtlebot4_bringup:/home/recoomputer/benytb4_ws/install/turtlebot4_base:/home/recoomputer/benytb4_ws/install/turtlebot4_node:/home/recoomputer/benytb4_ws/install/turtlebot4_navigation:/home/recoomputer/benytb4_ws/install/turtlebot4_msgs:/home/recoomputer/benytb4_ws/install/nav2_costmap_filters_demo:/home/recoomputer/benytb4_ws/install/map_publisher:/home/recoomputer/benytb4_ws/install/turtlebot4_tests:/home/recoomputer/benytb4_ws/install/pose_navigator:/home/recoomputer/benytb4_ws/install/turtlebot4_diagnostics:/opt/ros/humble /usr/bin/cmake --install /home/recoomputer/benytb4_ws/build/turtlebot4_desktop
[0.155s] -- Install configuration: ""
[0.159s] -- Execute custom install script
[0.159s] -- Up-to-date symlink: /home/recoomputer/benytb4_ws/install/turtlebot4_desktop/share/ament_index/resource_index/package_run_dependencies/turtlebot4_desktop
[0.160s] -- Up-to-date symlink: /home/recoomputer/benytb4_ws/install/turtlebot4_desktop/share/ament_index/resource_index/parent_prefix_path/turtlebot4_desktop
[0.160s] -- Up-to-date symlink: /home/recoomputer/benytb4_ws/install/turtlebot4_desktop/share/turtlebot4_desktop/environment/ament_prefix_path.sh
[0.160s] -- Up-to-date symlink: /home/recoomputer/benytb4_ws/install/turtlebot4_desktop/share/turtlebot4_desktop/environment/ament_prefix_path.dsv
[0.161s] -- Up-to-date symlink: /home/recoomputer/benytb4_ws/install/turtlebot4_desktop/share/turtlebot4_desktop/environment/path.sh
[0.161s] -- Up-to-date symlink: /home/recoomputer/benytb4_ws/install/turtlebot4_desktop/share/turtlebot4_desktop/environment/path.dsv
[0.161s] -- Up-to-date symlink: /home/recoomputer/benytb4_ws/install/turtlebot4_desktop/share/turtlebot4_desktop/local_setup.bash
[0.161s] -- Up-to-date symlink: /home/recoomputer/benytb4_ws/install/turtlebot4_desktop/share/turtlebot4_desktop/local_setup.sh
[0.161s] -- Up-to-date symlink: /home/recoomputer/benytb4_ws/install/turtlebot4_desktop/share/turtlebot4_desktop/local_setup.zsh
[0.161s] -- Up-to-date symlink: /home/recoomputer/benytb4_ws/install/turtlebot4_desktop/share/turtlebot4_desktop/local_setup.dsv
[0.161s] -- Symlinking: /home/recoomputer/benytb4_ws/install/turtlebot4_desktop/share/turtlebot4_desktop/package.dsv
[0.175s] -- Up-to-date symlink: /home/recoomputer/benytb4_ws/install/turtlebot4_desktop/share/ament_index/resource_index/packages/turtlebot4_desktop
[0.176s] -- Up-to-date symlink: /home/recoomputer/benytb4_ws/install/turtlebot4_desktop/share/turtlebot4_desktop/cmake/turtlebot4_desktopConfig.cmake
[0.176s] -- Up-to-date symlink: /home/recoomputer/benytb4_ws/install/turtlebot4_desktop/share/turtlebot4_desktop/cmake/turtlebot4_desktopConfig-version.cmake
[0.176s] -- Up-to-date symlink: /home/recoomputer/benytb4_ws/install/turtlebot4_desktop/share/turtlebot4_desktop/package.xml
[0.784s] Invoked command in '/home/recoomputer/benytb4_ws/build/turtlebot4_desktop' returned '0': CMAKE_PREFIX_PATH=/home/recoomputer/benytb4_ws/install/turtlebot4_viz:/home/recoomputer/benytb4_ws/install/turtlebot4_description:/home/recoomputer/benytb4_ws/install/turtlebot4_desktop:/home/recoomputer/benytb4_ws/install/turtlebot4_robot:/home/recoomputer/benytb4_ws/install/turtlebot4_bringup:/home/recoomputer/benytb4_ws/install/turtlebot4_base:/home/recoomputer/benytb4_ws/install/turtlebot4_node:/home/recoomputer/benytb4_ws/install/turtlebot4_navigation:/home/recoomputer/benytb4_ws/install/turtlebot4_msgs:/home/recoomputer/benytb4_ws/install/nav2_costmap_filters_demo:/home/recoomputer/benytb4_ws/install/map_publisher:/home/recoomputer/benytb4_ws/install/turtlebot4_tests:/home/recoomputer/benytb4_ws/install/pose_navigator:/home/recoomputer/benytb4_ws/install/turtlebot4_diagnostics:/opt/ros/humble /usr/bin/cmake --install /home/recoomputer/benytb4_ws/build/turtlebot4_desktop
