[0.046s] Invoking command in '/home/recoomputer/benytb4_ws/build/turtlebot4_base': CMAKE_PREFIX_PATH=/home/recoomputer/benytb4_ws/install/turtlebot4_node:/home/recoomputer/benytb4_ws/install/turtlebot4_msgs:/home/recoomputer/benytb4_ws/install/turtlebot4_desktop:/home/recoomputer/benytb4_ws/install/turtlebot4_viz:/home/recoomputer/benytb4_ws/install/turtlebot4_robot:/home/recoomputer/benytb4_ws/install/turtlebot4_bringup:/home/recoomputer/benytb4_ws/install/turtlebot4_base:/home/recoomputer/benytb4_ws/install/turtlebot4_navigation:/home/recoomputer/benytb4_ws/install/turtlebot4_description:/home/recoomputer/benytb4_ws/install/nav2_costmap_filters_demo:/home/recoomputer/benytb4_ws/install/map_publisher:/home/recoomputer/benytb4_ws/install/turtlebot4_tests:/home/recoomputer/benytb4_ws/install/pose_navigator:/home/recoomputer/benytb4_ws/install/turtlebot4_diagnostics:/opt/ros/humble /usr/bin/cmake --build /home/recoomputer/benytb4_ws/build/turtlebot4_base -- -j8 -l8
[0.259s] [ 83%] Built target turtlebot4_base_lib
[0.337s] [100%] Built target turtlebot4_base_node
[1.088s] Invoked command in '/home/recoomputer/benytb4_ws/build/turtlebot4_base' returned '0': CMAKE_PREFIX_PATH=/home/recoomputer/benytb4_ws/install/turtlebot4_node:/home/recoomputer/benytb4_ws/install/turtlebot4_msgs:/home/recoomputer/benytb4_ws/install/turtlebot4_desktop:/home/recoomputer/benytb4_ws/install/turtlebot4_viz:/home/recoomputer/benytb4_ws/install/turtlebot4_robot:/home/recoomputer/benytb4_ws/install/turtlebot4_bringup:/home/recoomputer/benytb4_ws/install/turtlebot4_base:/home/recoomputer/benytb4_ws/install/turtlebot4_navigation:/home/recoomputer/benytb4_ws/install/turtlebot4_description:/home/recoomputer/benytb4_ws/install/nav2_costmap_filters_demo:/home/recoomputer/benytb4_ws/install/map_publisher:/home/recoomputer/benytb4_ws/install/turtlebot4_tests:/home/recoomputer/benytb4_ws/install/pose_navigator:/home/recoomputer/benytb4_ws/install/turtlebot4_diagnostics:/opt/ros/humble /usr/bin/cmake --build /home/recoomputer/benytb4_ws/build/turtlebot4_base -- -j8 -l8
[1.092s] Invoking command in '/home/recoomputer/benytb4_ws/build/turtlebot4_base': CMAKE_PREFIX_PATH=/home/recoomputer/benytb4_ws/install/turtlebot4_node:/home/recoomputer/benytb4_ws/install/turtlebot4_msgs:/home/recoomputer/benytb4_ws/install/turtlebot4_desktop:/home/recoomputer/benytb4_ws/install/turtlebot4_viz:/home/recoomputer/benytb4_ws/install/turtlebot4_robot:/home/recoomputer/benytb4_ws/install/turtlebot4_bringup:/home/recoomputer/benytb4_ws/install/turtlebot4_base:/home/recoomputer/benytb4_ws/install/turtlebot4_navigation:/home/recoomputer/benytb4_ws/install/turtlebot4_description:/home/recoomputer/benytb4_ws/install/nav2_costmap_filters_demo:/home/recoomputer/benytb4_ws/install/map_publisher:/home/recoomputer/benytb4_ws/install/turtlebot4_tests:/home/recoomputer/benytb4_ws/install/pose_navigator:/home/recoomputer/benytb4_ws/install/turtlebot4_diagnostics:/opt/ros/humble /usr/bin/cmake --install /home/recoomputer/benytb4_ws/build/turtlebot4_base
[1.110s] -- Install configuration: ""
[1.110s] -- Execute custom install script
[1.111s] -- Up-to-date symlink: /home/recoomputer/benytb4_ws/install/turtlebot4_base/lib/turtlebot4_base/turtlebot4_base_node
[1.111s] -- Up-to-date symlink: /home/recoomputer/benytb4_ws/install/turtlebot4_base/share/ament_index/resource_index/package_run_dependencies/turtlebot4_base
[1.111s] -- Up-to-date symlink: /home/recoomputer/benytb4_ws/install/turtlebot4_base/share/ament_index/resource_index/parent_prefix_path/turtlebot4_base
[1.112s] -- Up-to-date symlink: /home/recoomputer/benytb4_ws/install/turtlebot4_base/share/turtlebot4_base/environment/ament_prefix_path.sh
[1.112s] -- Up-to-date symlink: /home/recoomputer/benytb4_ws/install/turtlebot4_base/share/turtlebot4_base/environment/ament_prefix_path.dsv
[1.112s] -- Up-to-date symlink: /home/recoomputer/benytb4_ws/install/turtlebot4_base/share/turtlebot4_base/environment/path.sh
[1.113s] -- Up-to-date symlink: /home/recoomputer/benytb4_ws/install/turtlebot4_base/share/turtlebot4_base/environment/path.dsv
[1.113s] -- Up-to-date symlink: /home/recoomputer/benytb4_ws/install/turtlebot4_base/share/turtlebot4_base/local_setup.bash
[1.113s] -- Up-to-date symlink: /home/recoomputer/benytb4_ws/install/turtlebot4_base/share/turtlebot4_base/local_setup.sh
[1.113s] -- Up-to-date symlink: /home/recoomputer/benytb4_ws/install/turtlebot4_base/share/turtlebot4_base/local_setup.zsh
[1.114s] -- Up-to-date symlink: /home/recoomputer/benytb4_ws/install/turtlebot4_base/share/turtlebot4_base/local_setup.dsv
[1.114s] -- Symlinking: /home/recoomputer/benytb4_ws/install/turtlebot4_base/share/turtlebot4_base/package.dsv
[1.142s] -- Up-to-date symlink: /home/recoomputer/benytb4_ws/install/turtlebot4_base/share/ament_index/resource_index/packages/turtlebot4_base
[1.144s] -- Up-to-date symlink: /home/recoomputer/benytb4_ws/install/turtlebot4_base/share/turtlebot4_base/cmake/ament_cmake_export_include_directories-extras.cmake
[1.146s] -- Up-to-date symlink: /home/recoomputer/benytb4_ws/install/turtlebot4_base/share/turtlebot4_base/cmake/turtlebot4_baseConfig.cmake
[1.157s] -- Up-to-date symlink: /home/recoomputer/benytb4_ws/install/turtlebot4_base/share/turtlebot4_base/cmake/turtlebot4_baseConfig-version.cmake
[1.157s] -- Up-to-date symlink: /home/recoomputer/benytb4_ws/install/turtlebot4_base/share/turtlebot4_base/package.xml
[1.158s] Invoked command in '/home/recoomputer/benytb4_ws/build/turtlebot4_base' returned '0': CMAKE_PREFIX_PATH=/home/recoomputer/benytb4_ws/install/turtlebot4_node:/home/recoomputer/benytb4_ws/install/turtlebot4_msgs:/home/recoomputer/benytb4_ws/install/turtlebot4_desktop:/home/recoomputer/benytb4_ws/install/turtlebot4_viz:/home/recoomputer/benytb4_ws/install/turtlebot4_robot:/home/recoomputer/benytb4_ws/install/turtlebot4_bringup:/home/recoomputer/benytb4_ws/install/turtlebot4_base:/home/recoomputer/benytb4_ws/install/turtlebot4_navigation:/home/recoomputer/benytb4_ws/install/turtlebot4_description:/home/recoomputer/benytb4_ws/install/nav2_costmap_filters_demo:/home/recoomputer/benytb4_ws/install/map_publisher:/home/recoomputer/benytb4_ws/install/turtlebot4_tests:/home/recoomputer/benytb4_ws/install/pose_navigator:/home/recoomputer/benytb4_ws/install/turtlebot4_diagnostics:/opt/ros/humble /usr/bin/cmake --install /home/recoomputer/benytb4_ws/build/turtlebot4_base
