[0.813s] Invoking command in '/home/recoomputer/benytb4_ws/build/turtlebot4_navigation': CMAKE_PREFIX_PATH=${CMAKE_PREFIX_PATH}:/home/recoomputer/benytb4_ws/install/turtlebot4_tests:/home/recoomputer/benytb4_ws/install/pose_navigator:/home/recoomputer/benytb4_ws/install/turtlebot4_diagnostics:/opt/ros/humble /usr/bin/cmake --build /home/recoomputer/benytb4_ws/build/turtlebot4_navigation -- -j8 -l8
[0.964s] Built target ament_cmake_python_symlink_turtlebot4_navigation
[1.689s] running egg_info
[1.691s] writing turtlebot4_navigation.egg-info/PKG-INFO
[1.692s] writing dependency_links to turtlebot4_navigation.egg-info/dependency_links.txt
[1.692s] writing top-level names to turtlebot4_navigation.egg-info/top_level.txt
[1.698s] reading manifest file 'turtlebot4_navigation.egg-info/SOURCES.txt'
[1.699s] writing manifest file 'turtlebot4_navigation.egg-info/SOURCES.txt'
[1.798s] Built target ament_cmake_python_build_turtlebot4_navigation_egg
[2.367s] Invoked command in '/home/recoomputer/benytb4_ws/build/turtlebot4_navigation' returned '0': CMAKE_PREFIX_PATH=${CMAKE_PREFIX_PATH}:/home/recoomputer/benytb4_ws/install/turtlebot4_tests:/home/recoomputer/benytb4_ws/install/pose_navigator:/home/recoomputer/benytb4_ws/install/turtlebot4_diagnostics:/opt/ros/humble /usr/bin/cmake --build /home/recoomputer/benytb4_ws/build/turtlebot4_navigation -- -j8 -l8
[2.373s] Invoking command in '/home/recoomputer/benytb4_ws/build/turtlebot4_navigation': CMAKE_PREFIX_PATH=${CMAKE_PREFIX_PATH}:/home/recoomputer/benytb4_ws/install/turtlebot4_tests:/home/recoomputer/benytb4_ws/install/pose_navigator:/home/recoomputer/benytb4_ws/install/turtlebot4_diagnostics:/opt/ros/humble /usr/bin/cmake --install /home/recoomputer/benytb4_ws/build/turtlebot4_navigation
[2.391s] -- Install configuration: ""
[2.392s] -- Execute custom install script
[2.393s] -- Up-to-date symlink: /home/recoomputer/benytb4_ws/install/turtlebot4_navigation/share/turtlebot4_navigation/config/localization.yaml
[2.393s] -- Up-to-date symlink: /home/recoomputer/benytb4_ws/install/turtlebot4_navigation/share/turtlebot4_navigation/config/mapper_params_localization.yaml
[2.394s] -- Up-to-date symlink: /home/recoomputer/benytb4_ws/install/turtlebot4_navigation/share/turtlebot4_navigation/config/nav2.yaml
[2.394s] -- Up-to-date symlink: /home/recoomputer/benytb4_ws/install/turtlebot4_navigation/share/turtlebot4_navigation/config/nav2_copy.yaml
[2.394s] -- Up-to-date symlink: /home/recoomputer/benytb4_ws/install/turtlebot4_navigation/share/turtlebot4_navigation/config/slam.yaml
[2.394s] -- Up-to-date symlink: /home/recoomputer/benytb4_ws/install/turtlebot4_navigation/share/turtlebot4_navigation/launch/localization.launch.py
[2.395s] -- Up-to-date symlink: /home/recoomputer/benytb4_ws/install/turtlebot4_navigation/share/turtlebot4_navigation/launch/nav2.launch.py
[2.395s] -- Up-to-date symlink: /home/recoomputer/benytb4_ws/install/turtlebot4_navigation/share/turtlebot4_navigation/launch/slam.launch.py
[2.395s] -- Up-to-date symlink: /home/recoomputer/benytb4_ws/install/turtlebot4_navigation/share/turtlebot4_navigation/maps/depot.pgm
[2.395s] -- Up-to-date symlink: /home/recoomputer/benytb4_ws/install/turtlebot4_navigation/share/turtlebot4_navigation/maps/depot.yaml
[2.396s] -- Up-to-date symlink: /home/recoomputer/benytb4_ws/install/turtlebot4_navigation/share/turtlebot4_navigation/maps/maze.pgm
[2.396s] -- Up-to-date symlink: /home/recoomputer/benytb4_ws/install/turtlebot4_navigation/share/turtlebot4_navigation/maps/maze.yaml
[2.396s] -- Up-to-date symlink: /home/recoomputer/benytb4_ws/install/turtlebot4_navigation/share/turtlebot4_navigation/maps/warehouse.pgm
[2.398s] -- Up-to-date symlink: /home/recoomputer/benytb4_ws/install/turtlebot4_navigation/share/turtlebot4_navigation/maps/warehouse.yaml
[2.398s] -- Up-to-date symlink: /home/recoomputer/benytb4_ws/install/turtlebot4_navigation/share/turtlebot4_navigation/environment/pythonpath.sh
[2.399s] -- Up-to-date symlink: /home/recoomputer/benytb4_ws/install/turtlebot4_navigation/share/turtlebot4_navigation/environment/pythonpath.dsv
[2.399s] -- Up-to-date symlink: /home/recoomputer/benytb4_ws/install/turtlebot4_navigation/local/lib/python3.10/dist-packages/turtlebot4_navigation-1.0.5-py3.10.egg-info/PKG-INFO
[2.399s] -- Up-to-date symlink: /home/recoomputer/benytb4_ws/install/turtlebot4_navigation/local/lib/python3.10/dist-packages/turtlebot4_navigation-1.0.5-py3.10.egg-info/SOURCES.txt
[2.399s] -- Up-to-date symlink: /home/recoomputer/benytb4_ws/install/turtlebot4_navigation/local/lib/python3.10/dist-packages/turtlebot4_navigation-1.0.5-py3.10.egg-info/dependency_links.txt
[2.399s] -- Up-to-date symlink: /home/recoomputer/benytb4_ws/install/turtlebot4_navigation/local/lib/python3.10/dist-packages/turtlebot4_navigation-1.0.5-py3.10.egg-info/top_level.txt
[2.399s] -- Up-to-date symlink: /home/recoomputer/benytb4_ws/install/turtlebot4_navigation/local/lib/python3.10/dist-packages/turtlebot4_navigation/__init__.py
[2.399s] -- Up-to-date symlink: /home/recoomputer/benytb4_ws/install/turtlebot4_navigation/local/lib/python3.10/dist-packages/turtlebot4_navigation/turtlebot4_navigator.py
[2.400s] -- Up-to-date symlink: /home/recoomputer/benytb4_ws/install/turtlebot4_navigation/local/lib/python3.10/dist-packages/turtlebot4_navigator.py
[2.400s] -- Up-to-date symlink: /home/recoomputer/benytb4_ws/install/turtlebot4_navigation/share/ament_index/resource_index/package_run_dependencies/turtlebot4_navigation
[2.400s] -- Up-to-date symlink: /home/recoomputer/benytb4_ws/install/turtlebot4_navigation/share/ament_index/resource_index/parent_prefix_path/turtlebot4_navigation
[2.401s] -- Up-to-date symlink: /home/recoomputer/benytb4_ws/install/turtlebot4_navigation/share/turtlebot4_navigation/environment/ament_prefix_path.sh
[2.401s] -- Up-to-date symlink: /home/recoomputer/benytb4_ws/install/turtlebot4_navigation/share/turtlebot4_navigation/environment/ament_prefix_path.dsv
[2.401s] -- Up-to-date symlink: /home/recoomputer/benytb4_ws/install/turtlebot4_navigation/share/turtlebot4_navigation/environment/path.sh
[2.404s] -- Up-to-date symlink: /home/recoomputer/benytb4_ws/install/turtlebot4_navigation/share/turtlebot4_navigation/environment/path.dsv
[2.404s] -- Up-to-date symlink: /home/recoomputer/benytb4_ws/install/turtlebot4_navigation/share/turtlebot4_navigation/local_setup.bash
[2.404s] -- Up-to-date symlink: /home/recoomputer/benytb4_ws/install/turtlebot4_navigation/share/turtlebot4_navigation/local_setup.sh
[2.404s] -- Up-to-date symlink: /home/recoomputer/benytb4_ws/install/turtlebot4_navigation/share/turtlebot4_navigation/local_setup.zsh
[2.405s] -- Up-to-date symlink: /home/recoomputer/benytb4_ws/install/turtlebot4_navigation/share/turtlebot4_navigation/local_setup.dsv
[2.405s] -- Symlinking: /home/recoomputer/benytb4_ws/install/turtlebot4_navigation/share/turtlebot4_navigation/package.dsv
[2.428s] -- Up-to-date symlink: /home/recoomputer/benytb4_ws/install/turtlebot4_navigation/share/ament_index/resource_index/packages/turtlebot4_navigation
[2.433s] -- Up-to-date symlink: /home/recoomputer/benytb4_ws/install/turtlebot4_navigation/share/turtlebot4_navigation/cmake/turtlebot4_navigationConfig.cmake
[2.433s] -- Up-to-date symlink: /home/recoomputer/benytb4_ws/install/turtlebot4_navigation/share/turtlebot4_navigation/cmake/turtlebot4_navigationConfig-version.cmake
[2.433s] -- Up-to-date symlink: /home/recoomputer/benytb4_ws/install/turtlebot4_navigation/share/turtlebot4_navigation/package.xml
[2.527s] Listing '/home/recoomputer/benytb4_ws/install/turtlebot4_navigation/local/lib/python3.10/dist-packages/turtlebot4_navigation'...
[2.655s] Invoked command in '/home/recoomputer/benytb4_ws/build/turtlebot4_navigation' returned '0': CMAKE_PREFIX_PATH=${CMAKE_PREFIX_PATH}:/home/recoomputer/benytb4_ws/install/turtlebot4_tests:/home/recoomputer/benytb4_ws/install/pose_navigator:/home/recoomputer/benytb4_ws/install/turtlebot4_diagnostics:/opt/ros/humble /usr/bin/cmake --install /home/recoomputer/benytb4_ws/build/turtlebot4_navigation
