[0.823s] Invoking command in '/home/recoomputer/benytb4_ws/build/nav2_costmap_filters_demo': CMAKE_PREFIX_PATH=${CMAKE_PREFIX_PATH}:/home/recoomputer/benytb4_ws/install/turtlebot4_tests:/home/recoomputer/benytb4_ws/install/pose_navigator:/home/recoomputer/benytb4_ws/install/turtlebot4_diagnostics:/opt/ros/humble /usr/bin/cmake --build /home/recoomputer/benytb4_ws/build/nav2_costmap_filters_demo -- -j8 -l8
[0.914s] Invoked command in '/home/recoomputer/benytb4_ws/build/nav2_costmap_filters_demo' returned '0': CMAKE_PREFIX_PATH=${CMAKE_PREFIX_PATH}:/home/recoomputer/benytb4_ws/install/turtlebot4_tests:/home/recoomputer/benytb4_ws/install/pose_navigator:/home/recoomputer/benytb4_ws/install/turtlebot4_diagnostics:/opt/ros/humble /usr/bin/cmake --build /home/recoomputer/benytb4_ws/build/nav2_costmap_filters_demo -- -j8 -l8
[0.918s] Invoking command in '/home/recoomputer/benytb4_ws/build/nav2_costmap_filters_demo': CMAKE_PREFIX_PATH=${CMAKE_PREFIX_PATH}:/home/recoomputer/benytb4_ws/install/turtlebot4_tests:/home/recoomputer/benytb4_ws/install/pose_navigator:/home/recoomputer/benytb4_ws/install/turtlebot4_diagnostics:/opt/ros/humble /usr/bin/cmake --install /home/recoomputer/benytb4_ws/build/nav2_costmap_filters_demo
[0.936s] -- Install configuration: ""
[0.937s] -- Execute custom install script
[0.939s] -- Up-to-date symlink: /home/recoomputer/benytb4_ws/install/nav2_costmap_filters_demo/share/nav2_costmap_filters_demo/launch/costmap_filter_info.launch.py
[0.941s] -- Up-to-date symlink: /home/recoomputer/benytb4_ws/install/nav2_costmap_filters_demo/share/nav2_costmap_filters_demo/maps/keepout_mask.pgm
[0.941s] -- Up-to-date symlink: /home/recoomputer/benytb4_ws/install/nav2_costmap_filters_demo/share/nav2_costmap_filters_demo/maps/keepout_mask.yaml
[0.941s] -- Up-to-date symlink: /home/recoomputer/benytb4_ws/install/nav2_costmap_filters_demo/share/nav2_costmap_filters_demo/maps/speed_mask.pgm
[0.941s] -- Up-to-date symlink: /home/recoomputer/benytb4_ws/install/nav2_costmap_filters_demo/share/nav2_costmap_filters_demo/maps/speed_mask.yaml
[0.942s] -- Up-to-date symlink: /home/recoomputer/benytb4_ws/install/nav2_costmap_filters_demo/share/nav2_costmap_filters_demo/params/keepout_params.yaml
[0.944s] -- Up-to-date symlink: /home/recoomputer/benytb4_ws/install/nav2_costmap_filters_demo/share/nav2_costmap_filters_demo/params/speed_params.yaml
[0.944s] -- Up-to-date symlink: /home/recoomputer/benytb4_ws/install/nav2_costmap_filters_demo/share/ament_index/resource_index/package_run_dependencies/nav2_costmap_filters_demo
[0.945s] -- Up-to-date symlink: /home/recoomputer/benytb4_ws/install/nav2_costmap_filters_demo/share/ament_index/resource_index/parent_prefix_path/nav2_costmap_filters_demo
[0.945s] -- Up-to-date symlink: /home/recoomputer/benytb4_ws/install/nav2_costmap_filters_demo/share/nav2_costmap_filters_demo/environment/ament_prefix_path.sh
[0.946s] -- Up-to-date symlink: /home/recoomputer/benytb4_ws/install/nav2_costmap_filters_demo/share/nav2_costmap_filters_demo/environment/ament_prefix_path.dsv
[0.946s] -- Up-to-date symlink: /home/recoomputer/benytb4_ws/install/nav2_costmap_filters_demo/share/nav2_costmap_filters_demo/environment/path.sh
[0.946s] -- Up-to-date symlink: /home/recoomputer/benytb4_ws/install/nav2_costmap_filters_demo/share/nav2_costmap_filters_demo/environment/path.dsv
[0.954s] -- Up-to-date symlink: /home/recoomputer/benytb4_ws/install/nav2_costmap_filters_demo/share/nav2_costmap_filters_demo/local_setup.bash
[0.954s] -- Up-to-date symlink: /home/recoomputer/benytb4_ws/install/nav2_costmap_filters_demo/share/nav2_costmap_filters_demo/local_setup.sh
[0.955s] -- Up-to-date symlink: /home/recoomputer/benytb4_ws/install/nav2_costmap_filters_demo/share/nav2_costmap_filters_demo/local_setup.zsh
[0.955s] -- Up-to-date symlink: /home/recoomputer/benytb4_ws/install/nav2_costmap_filters_demo/share/nav2_costmap_filters_demo/local_setup.dsv
[0.958s] -- Symlinking: /home/recoomputer/benytb4_ws/install/nav2_costmap_filters_demo/share/nav2_costmap_filters_demo/package.dsv
[0.981s] -- Up-to-date symlink: /home/recoomputer/benytb4_ws/install/nav2_costmap_filters_demo/share/ament_index/resource_index/packages/nav2_costmap_filters_demo
[0.982s] -- Up-to-date symlink: /home/recoomputer/benytb4_ws/install/nav2_costmap_filters_demo/share/nav2_costmap_filters_demo/cmake/nav2_costmap_filters_demoConfig.cmake
[0.982s] -- Up-to-date symlink: /home/recoomputer/benytb4_ws/install/nav2_costmap_filters_demo/share/nav2_costmap_filters_demo/cmake/nav2_costmap_filters_demoConfig-version.cmake
[0.982s] -- Up-to-date symlink: /home/recoomputer/benytb4_ws/install/nav2_costmap_filters_demo/share/nav2_costmap_filters_demo/package.xml
[1.009s] Invoked command in '/home/recoomputer/benytb4_ws/build/nav2_costmap_filters_demo' returned '0': CMAKE_PREFIX_PATH=${CMAKE_PREFIX_PATH}:/home/recoomputer/benytb4_ws/install/turtlebot4_tests:/home/recoomputer/benytb4_ws/install/pose_navigator:/home/recoomputer/benytb4_ws/install/turtlebot4_diagnostics:/opt/ros/humble /usr/bin/cmake --install /home/recoomputer/benytb4_ws/build/nav2_costmap_filters_demo
