[0.090s] Invoking command in '/home/recoomputer/benytb4_ws/build/turtlebot4_node': CMAKE_PREFIX_PATH=/home/recoomputer/benytb4_ws/install/turtlebot4_msgs:/home/recoomputer/benytb4_ws/install/turtlebot4_desktop:/home/recoomputer/benytb4_ws/install/turtlebot4_viz:/home/recoomputer/benytb4_ws/install/turtlebot4_robot:/home/recoomputer/benytb4_ws/install/turtlebot4_bringup:/home/recoomputer/benytb4_ws/install/turtlebot4_base:/home/recoomputer/benytb4_ws/install/turtlebot4_node:/home/recoomputer/benytb4_ws/install/turtlebot4_navigation:/home/recoomputer/benytb4_ws/install/turtlebot4_description:/home/recoomputer/benytb4_ws/install/nav2_costmap_filters_demo:/home/recoomputer/benytb4_ws/install/map_publisher:/home/recoomputer/benytb4_ws/install/turtlebot4_tests:/home/recoomputer/benytb4_ws/install/pose_navigator:/home/recoomputer/benytb4_ws/install/turtlebot4_diagnostics:/opt/ros/humble /usr/bin/cmake --build /home/recoomputer/benytb4_ws/build/turtlebot4_node -- -j8 -l8
[0.923s] [ 75%] Built target turtlebot4_node_lib
[0.923s] [100%] Built target turtlebot4_node
[0.950s] Invoked command in '/home/recoomputer/benytb4_ws/build/turtlebot4_node' returned '0': CMAKE_PREFIX_PATH=/home/recoomputer/benytb4_ws/install/turtlebot4_msgs:/home/recoomputer/benytb4_ws/install/turtlebot4_desktop:/home/recoomputer/benytb4_ws/install/turtlebot4_viz:/home/recoomputer/benytb4_ws/install/turtlebot4_robot:/home/recoomputer/benytb4_ws/install/turtlebot4_bringup:/home/recoomputer/benytb4_ws/install/turtlebot4_base:/home/recoomputer/benytb4_ws/install/turtlebot4_node:/home/recoomputer/benytb4_ws/install/turtlebot4_navigation:/home/recoomputer/benytb4_ws/install/turtlebot4_description:/home/recoomputer/benytb4_ws/install/nav2_costmap_filters_demo:/home/recoomputer/benytb4_ws/install/map_publisher:/home/recoomputer/benytb4_ws/install/turtlebot4_tests:/home/recoomputer/benytb4_ws/install/pose_navigator:/home/recoomputer/benytb4_ws/install/turtlebot4_diagnostics:/opt/ros/humble /usr/bin/cmake --build /home/recoomputer/benytb4_ws/build/turtlebot4_node -- -j8 -l8
[0.956s] Invoking command in '/home/recoomputer/benytb4_ws/build/turtlebot4_node': CMAKE_PREFIX_PATH=/home/recoomputer/benytb4_ws/install/turtlebot4_msgs:/home/recoomputer/benytb4_ws/install/turtlebot4_desktop:/home/recoomputer/benytb4_ws/install/turtlebot4_viz:/home/recoomputer/benytb4_ws/install/turtlebot4_robot:/home/recoomputer/benytb4_ws/install/turtlebot4_bringup:/home/recoomputer/benytb4_ws/install/turtlebot4_base:/home/recoomputer/benytb4_ws/install/turtlebot4_node:/home/recoomputer/benytb4_ws/install/turtlebot4_navigation:/home/recoomputer/benytb4_ws/install/turtlebot4_description:/home/recoomputer/benytb4_ws/install/nav2_costmap_filters_demo:/home/recoomputer/benytb4_ws/install/map_publisher:/home/recoomputer/benytb4_ws/install/turtlebot4_tests:/home/recoomputer/benytb4_ws/install/pose_navigator:/home/recoomputer/benytb4_ws/install/turtlebot4_diagnostics:/opt/ros/humble /usr/bin/cmake --install /home/recoomputer/benytb4_ws/build/turtlebot4_node
[0.970s] -- Install configuration: ""
[0.971s] -- Execute custom install script
[0.971s] -- Up-to-date symlink: /home/recoomputer/benytb4_ws/install/turtlebot4_node/lib/turtlebot4_node/turtlebot4_node
[0.975s] -- Up-to-date symlink: /home/recoomputer/benytb4_ws/install/turtlebot4_node/include/turtlebot4_node/action.hpp
[0.975s] -- Up-to-date symlink: /home/recoomputer/benytb4_ws/install/turtlebot4_node/include/turtlebot4_node/buttons.hpp
[0.975s] -- Up-to-date symlink: /home/recoomputer/benytb4_ws/install/turtlebot4_node/include/turtlebot4_node/display.hpp
[0.976s] -- Up-to-date symlink: /home/recoomputer/benytb4_ws/install/turtlebot4_node/include/turtlebot4_node/leds.hpp
[0.976s] -- Up-to-date symlink: /home/recoomputer/benytb4_ws/install/turtlebot4_node/include/turtlebot4_node/service.hpp
[0.976s] -- Up-to-date symlink: /home/recoomputer/benytb4_ws/install/turtlebot4_node/include/turtlebot4_node/turtlebot4.hpp
[0.976s] -- Up-to-date symlink: /home/recoomputer/benytb4_ws/install/turtlebot4_node/include/turtlebot4_node/utils.hpp
[0.977s] -- Up-to-date symlink: /home/recoomputer/benytb4_ws/install/turtlebot4_node/share/ament_index/resource_index/package_run_dependencies/turtlebot4_node
[0.977s] -- Up-to-date symlink: /home/recoomputer/benytb4_ws/install/turtlebot4_node/share/ament_index/resource_index/parent_prefix_path/turtlebot4_node
[0.977s] -- Up-to-date symlink: /home/recoomputer/benytb4_ws/install/turtlebot4_node/share/turtlebot4_node/environment/ament_prefix_path.sh
[0.977s] -- Up-to-date symlink: /home/recoomputer/benytb4_ws/install/turtlebot4_node/share/turtlebot4_node/environment/ament_prefix_path.dsv
[0.977s] -- Up-to-date symlink: /home/recoomputer/benytb4_ws/install/turtlebot4_node/share/turtlebot4_node/environment/path.sh
[0.978s] -- Up-to-date symlink: /home/recoomputer/benytb4_ws/install/turtlebot4_node/share/turtlebot4_node/environment/path.dsv
[0.978s] -- Up-to-date symlink: /home/recoomputer/benytb4_ws/install/turtlebot4_node/share/turtlebot4_node/local_setup.bash
[0.978s] -- Up-to-date symlink: /home/recoomputer/benytb4_ws/install/turtlebot4_node/share/turtlebot4_node/local_setup.sh
[0.978s] -- Up-to-date symlink: /home/recoomputer/benytb4_ws/install/turtlebot4_node/share/turtlebot4_node/local_setup.zsh
[0.979s] -- Up-to-date symlink: /home/recoomputer/benytb4_ws/install/turtlebot4_node/share/turtlebot4_node/local_setup.dsv
[0.979s] -- Symlinking: /home/recoomputer/benytb4_ws/install/turtlebot4_node/share/turtlebot4_node/package.dsv
[1.001s] -- Up-to-date symlink: /home/recoomputer/benytb4_ws/install/turtlebot4_node/share/ament_index/resource_index/packages/turtlebot4_node
[1.001s] -- Up-to-date symlink: /home/recoomputer/benytb4_ws/install/turtlebot4_node/share/turtlebot4_node/cmake/ament_cmake_export_include_directories-extras.cmake
[1.002s] -- Up-to-date symlink: /home/recoomputer/benytb4_ws/install/turtlebot4_node/share/turtlebot4_node/cmake/turtlebot4_nodeConfig.cmake
[1.002s] -- Up-to-date symlink: /home/recoomputer/benytb4_ws/install/turtlebot4_node/share/turtlebot4_node/cmake/turtlebot4_nodeConfig-version.cmake
[1.002s] -- Up-to-date symlink: /home/recoomputer/benytb4_ws/install/turtlebot4_node/share/turtlebot4_node/package.xml
[1.011s] Invoked command in '/home/recoomputer/benytb4_ws/build/turtlebot4_node' returned '0': CMAKE_PREFIX_PATH=/home/recoomputer/benytb4_ws/install/turtlebot4_msgs:/home/recoomputer/benytb4_ws/install/turtlebot4_desktop:/home/recoomputer/benytb4_ws/install/turtlebot4_viz:/home/recoomputer/benytb4_ws/install/turtlebot4_robot:/home/recoomputer/benytb4_ws/install/turtlebot4_bringup:/home/recoomputer/benytb4_ws/install/turtlebot4_base:/home/recoomputer/benytb4_ws/install/turtlebot4_node:/home/recoomputer/benytb4_ws/install/turtlebot4_navigation:/home/recoomputer/benytb4_ws/install/turtlebot4_description:/home/recoomputer/benytb4_ws/install/nav2_costmap_filters_demo:/home/recoomputer/benytb4_ws/install/map_publisher:/home/recoomputer/benytb4_ws/install/turtlebot4_tests:/home/recoomputer/benytb4_ws/install/pose_navigator:/home/recoomputer/benytb4_ws/install/turtlebot4_diagnostics:/opt/ros/humble /usr/bin/cmake --install /home/recoomputer/benytb4_ws/build/turtlebot4_node
