[0.680s] Invoking command in '/home/recoomputer/benytb4_ws/build/map_publisher': CMAKE_PREFIX_PATH=${CMAKE_PREFIX_PATH}:/home/recoomputer/benytb4_ws/install/turtlebot4_tests:/home/recoomputer/benytb4_ws/install/pose_navigator:/home/recoomputer/benytb4_ws/install/turtlebot4_diagnostics:/opt/ros/humble /usr/bin/cmake --build /home/recoomputer/benytb4_ws/build/map_publisher -- -j8 -l8
[0.832s] [100%] Built target map_publisher_node
[0.918s] Invoked command in '/home/recoomputer/benytb4_ws/build/map_publisher' returned '0': CMAKE_PREFIX_PATH=${CMAKE_PREFIX_PATH}:/home/recoomputer/benytb4_ws/install/turtlebot4_tests:/home/recoomputer/benytb4_ws/install/pose_navigator:/home/recoomputer/benytb4_ws/install/turtlebot4_diagnostics:/opt/ros/humble /usr/bin/cmake --build /home/recoomputer/benytb4_ws/build/map_publisher -- -j8 -l8
[0.919s] Invoking command in '/home/recoomputer/benytb4_ws/build/map_publisher': CMAKE_PREFIX_PATH=${CMAKE_PREFIX_PATH}:/home/recoomputer/benytb4_ws/install/turtlebot4_tests:/home/recoomputer/benytb4_ws/install/pose_navigator:/home/recoomputer/benytb4_ws/install/turtlebot4_diagnostics:/opt/ros/humble /usr/bin/cmake --install /home/recoomputer/benytb4_ws/build/map_publisher
[0.933s] -- Install configuration: ""
[0.934s] -- Execute custom install script
[0.934s] -- Up-to-date symlink: /home/recoomputer/benytb4_ws/install/map_publisher/lib/map_publisher/map_publisher_node
[0.934s] -- Up-to-date symlink: /home/recoomputer/benytb4_ws/install/map_publisher/share/ament_index/resource_index/package_run_dependencies/map_publisher
[0.934s] -- Up-to-date symlink: /home/recoomputer/benytb4_ws/install/map_publisher/share/ament_index/resource_index/parent_prefix_path/map_publisher
[0.934s] -- Up-to-date symlink: /home/recoomputer/benytb4_ws/install/map_publisher/share/map_publisher/environment/ament_prefix_path.sh
[0.934s] -- Up-to-date symlink: /home/recoomputer/benytb4_ws/install/map_publisher/share/map_publisher/environment/ament_prefix_path.dsv
[0.935s] -- Up-to-date symlink: /home/recoomputer/benytb4_ws/install/map_publisher/share/map_publisher/environment/path.sh
[0.935s] -- Up-to-date symlink: /home/recoomputer/benytb4_ws/install/map_publisher/share/map_publisher/environment/path.dsv
[0.935s] -- Up-to-date symlink: /home/recoomputer/benytb4_ws/install/map_publisher/share/map_publisher/local_setup.bash
[0.935s] -- Up-to-date symlink: /home/recoomputer/benytb4_ws/install/map_publisher/share/map_publisher/local_setup.sh
[0.935s] -- Up-to-date symlink: /home/recoomputer/benytb4_ws/install/map_publisher/share/map_publisher/local_setup.zsh
[0.935s] -- Up-to-date symlink: /home/recoomputer/benytb4_ws/install/map_publisher/share/map_publisher/local_setup.dsv
[0.935s] -- Symlinking: /home/recoomputer/benytb4_ws/install/map_publisher/share/map_publisher/package.dsv
[0.959s] -- Up-to-date symlink: /home/recoomputer/benytb4_ws/install/map_publisher/share/ament_index/resource_index/packages/map_publisher
[0.959s] -- Up-to-date symlink: /home/recoomputer/benytb4_ws/install/map_publisher/share/map_publisher/cmake/map_publisherConfig.cmake
[0.959s] -- Up-to-date symlink: /home/recoomputer/benytb4_ws/install/map_publisher/share/map_publisher/cmake/map_publisherConfig-version.cmake
[0.959s] -- Up-to-date symlink: /home/recoomputer/benytb4_ws/install/map_publisher/share/map_publisher/package.xml
[0.965s] Invoked command in '/home/recoomputer/benytb4_ws/build/map_publisher' returned '0': CMAKE_PREFIX_PATH=${CMAKE_PREFIX_PATH}:/home/recoomputer/benytb4_ws/install/turtlebot4_tests:/home/recoomputer/benytb4_ws/install/pose_navigator:/home/recoomputer/benytb4_ws/install/turtlebot4_diagnostics:/opt/ros/humble /usr/bin/cmake --install /home/recoomputer/benytb4_ws/build/map_publisher
