[0.063s] Invoking command in '/home/recoomputer/benytb4_ws/build/turtlebot4_description': CMAKE_PREFIX_PATH=${CMAKE_PREFIX_PATH}:/home/recoomputer/benytb4_ws/install/turtlebot4_tests:/home/recoomputer/benytb4_ws/install/pose_navigator:/home/recoomputer/benytb4_ws/install/turtlebot4_diagnostics:/opt/ros/humble /usr/bin/cmake /home/recoomputer/benytb4_ws/src/turtlebot4/turtlebot4_description -DAMENT_CMAKE_SYMLINK_INSTALL=1 -DCMAKE_INSTALL_PREFIX=/home/recoomputer/benytb4_ws/install/turtlebot4_description
[0.784s] -- The C compiler identification is GNU 11.4.0
[0.784s] -- The CXX compiler identification is GNU 11.4.0
[0.784s] -- Detecting C compiler ABI info
[0.784s] -- Detecting C compiler ABI info - done
[0.784s] -- Check for working C compiler: /usr/bin/cc - skipped
[0.784s] -- Detecting C compile features
[0.785s] -- Detecting C compile features - done
[0.785s] -- Detecting CXX compiler ABI info
[0.871s] -- Detecting CXX compiler ABI info - done
[0.888s] -- Check for working CXX compiler: /usr/bin/c++ - skipped
[0.889s] -- Detecting CXX compile features
[0.889s] -- Detecting CXX compile features - done
[0.895s] -- Found ament_cmake: 1.3.11 (/opt/ros/humble/share/ament_cmake/cmake)
[1.328s] -- Found Python3: /usr/bin/python3 (found version "3.10.12") found components: Interpreter 
[1.542s] -- Override CMake install command with custom implementation using symlinks instead of copying resources
[1.632s] -- Found urdf: 2.6.1 (/opt/ros/humble/share/urdf/cmake)
[1.801s] -- Found irobot_create_description: 2.1.0 (/opt/ros/humble/share/irobot_create_description/cmake)
[1.806s] -- Found ament_lint_auto: 0.12.12 (/opt/ros/humble/share/ament_lint_auto/cmake)
[2.058s] -- Added test 'copyright' to check source files copyright and LICENSE
[2.068s] -- Added test 'flake8' to check Python code syntax and style conventions
[2.070s] -- Added test 'lint_cmake' to check CMake code style
[2.072s] -- Added test 'pep257' to check Python code against some of the docstring style conventions in PEP 257
[2.077s] -- Added test 'xmllint' to check XML markup files
[2.081s] -- Configuring done
[2.090s] -- Generating done
[2.095s] -- Build files have been written to: /home/recoomputer/benytb4_ws/build/turtlebot4_description
[2.131s] Invoked command in '/home/recoomputer/benytb4_ws/build/turtlebot4_description' returned '0': CMAKE_PREFIX_PATH=${CMAKE_PREFIX_PATH}:/home/recoomputer/benytb4_ws/install/turtlebot4_tests:/home/recoomputer/benytb4_ws/install/pose_navigator:/home/recoomputer/benytb4_ws/install/turtlebot4_diagnostics:/opt/ros/humble /usr/bin/cmake /home/recoomputer/benytb4_ws/src/turtlebot4/turtlebot4_description -DAMENT_CMAKE_SYMLINK_INSTALL=1 -DCMAKE_INSTALL_PREFIX=/home/recoomputer/benytb4_ws/install/turtlebot4_description
[2.132s] Invoking command in '/home/recoomputer/benytb4_ws/build/turtlebot4_description': CMAKE_PREFIX_PATH=${CMAKE_PREFIX_PATH}:/home/recoomputer/benytb4_ws/install/turtlebot4_tests:/home/recoomputer/benytb4_ws/install/pose_navigator:/home/recoomputer/benytb4_ws/install/turtlebot4_diagnostics:/opt/ros/humble /usr/bin/cmake --build /home/recoomputer/benytb4_ws/build/turtlebot4_description -- -j8 -l8
[2.234s] Invoked command in '/home/recoomputer/benytb4_ws/build/turtlebot4_description' returned '0': CMAKE_PREFIX_PATH=${CMAKE_PREFIX_PATH}:/home/recoomputer/benytb4_ws/install/turtlebot4_tests:/home/recoomputer/benytb4_ws/install/pose_navigator:/home/recoomputer/benytb4_ws/install/turtlebot4_diagnostics:/opt/ros/humble /usr/bin/cmake --build /home/recoomputer/benytb4_ws/build/turtlebot4_description -- -j8 -l8
[2.258s] Invoking command in '/home/recoomputer/benytb4_ws/build/turtlebot4_description': CMAKE_PREFIX_PATH=${CMAKE_PREFIX_PATH}:/home/recoomputer/benytb4_ws/install/turtlebot4_tests:/home/recoomputer/benytb4_ws/install/pose_navigator:/home/recoomputer/benytb4_ws/install/turtlebot4_diagnostics:/opt/ros/humble /usr/bin/cmake --install /home/recoomputer/benytb4_ws/build/turtlebot4_description
[2.276s] -- Install configuration: ""
[2.277s] -- Execute custom install script
[2.278s] -- Symlinking: /home/recoomputer/benytb4_ws/install/turtlebot4_description/share/turtlebot4_description/launch/robot_description.launch.py
[2.297s] -- Symlinking: /home/recoomputer/benytb4_ws/install/turtlebot4_description/share/turtlebot4_description/meshes/camera_bracket.dae
[2.319s] -- Symlinking: /home/recoomputer/benytb4_ws/install/turtlebot4_description/share/turtlebot4_description/meshes/oakd_lite.dae
[2.340s] -- Symlinking: /home/recoomputer/benytb4_ws/install/turtlebot4_description/share/turtlebot4_description/meshes/oakd_pro.dae
[2.360s] -- Symlinking: /home/recoomputer/benytb4_ws/install/turtlebot4_description/share/turtlebot4_description/meshes/rplidar.dae
[2.377s] -- Symlinking: /home/recoomputer/benytb4_ws/install/turtlebot4_description/share/turtlebot4_description/meshes/shell.dae
[2.406s] -- Symlinking: /home/recoomputer/benytb4_ws/install/turtlebot4_description/share/turtlebot4_description/meshes/shell_collision.dae
[2.430s] -- Symlinking: /home/recoomputer/benytb4_ws/install/turtlebot4_description/share/turtlebot4_description/meshes/tower.dae
[2.451s] -- Symlinking: /home/recoomputer/benytb4_ws/install/turtlebot4_description/share/turtlebot4_description/meshes/tower_sensor_plate.dae
[2.474s] -- Symlinking: /home/recoomputer/benytb4_ws/install/turtlebot4_description/share/turtlebot4_description/meshes/tower_standoff.dae
[2.496s] -- Symlinking: /home/recoomputer/benytb4_ws/install/turtlebot4_description/share/turtlebot4_description/meshes/weight_block.dae
[2.514s] -- Symlinking: /home/recoomputer/benytb4_ws/install/turtlebot4_description/share/turtlebot4_description/urdf/lite/turtlebot4.urdf.xacro
[2.536s] -- Symlinking: /home/recoomputer/benytb4_ws/install/turtlebot4_description/share/turtlebot4_description/urdf/sensors/camera_bracket.urdf.xacro
[2.567s] -- Symlinking: /home/recoomputer/benytb4_ws/install/turtlebot4_description/share/turtlebot4_description/urdf/sensors/oakd.urdf.xacro
[2.591s] -- Symlinking: /home/recoomputer/benytb4_ws/install/turtlebot4_description/share/turtlebot4_description/urdf/sensors/rplidar.urdf.xacro
[2.614s] -- Symlinking: /home/recoomputer/benytb4_ws/install/turtlebot4_description/share/turtlebot4_description/urdf/standard/tower_sensor_plate.urdf.xacro
[2.637s] -- Symlinking: /home/recoomputer/benytb4_ws/install/turtlebot4_description/share/turtlebot4_description/urdf/standard/tower_standoff.urdf.xacro
[2.660s] -- Symlinking: /home/recoomputer/benytb4_ws/install/turtlebot4_description/share/turtlebot4_description/urdf/standard/turtlebot4.urdf.xacro
[2.676s] -- Symlinking: /home/recoomputer/benytb4_ws/install/turtlebot4_description/share/turtlebot4_description/urdf/standard/weight_block.urdf.xacro
[2.694s] -- Symlinking: /home/recoomputer/benytb4_ws/install/turtlebot4_description/share/ament_index/resource_index/package_run_dependencies/turtlebot4_description
[2.719s] -- Symlinking: /home/recoomputer/benytb4_ws/install/turtlebot4_description/share/ament_index/resource_index/parent_prefix_path/turtlebot4_description
[2.738s] -- Symlinking: /home/recoomputer/benytb4_ws/install/turtlebot4_description/share/turtlebot4_description/environment/ament_prefix_path.sh
[2.762s] -- Symlinking: /home/recoomputer/benytb4_ws/install/turtlebot4_description/share/turtlebot4_description/environment/ament_prefix_path.dsv
[2.779s] -- Symlinking: /home/recoomputer/benytb4_ws/install/turtlebot4_description/share/turtlebot4_description/environment/path.sh
[2.801s] -- Symlinking: /home/recoomputer/benytb4_ws/install/turtlebot4_description/share/turtlebot4_description/environment/path.dsv
[2.822s] -- Symlinking: /home/recoomputer/benytb4_ws/install/turtlebot4_description/share/turtlebot4_description/local_setup.bash
[2.840s] -- Symlinking: /home/recoomputer/benytb4_ws/install/turtlebot4_description/share/turtlebot4_description/local_setup.sh
[2.862s] -- Symlinking: /home/recoomputer/benytb4_ws/install/turtlebot4_description/share/turtlebot4_description/local_setup.zsh
[2.879s] -- Symlinking: /home/recoomputer/benytb4_ws/install/turtlebot4_description/share/turtlebot4_description/local_setup.dsv
[2.897s] -- Symlinking: /home/recoomputer/benytb4_ws/install/turtlebot4_description/share/turtlebot4_description/package.dsv
[2.918s] -- Symlinking: /home/recoomputer/benytb4_ws/install/turtlebot4_description/share/ament_index/resource_index/packages/turtlebot4_description
[2.937s] -- Symlinking: /home/recoomputer/benytb4_ws/install/turtlebot4_description/share/turtlebot4_description/cmake/turtlebot4_descriptionConfig.cmake
[2.958s] -- Symlinking: /home/recoomputer/benytb4_ws/install/turtlebot4_description/share/turtlebot4_description/cmake/turtlebot4_descriptionConfig-version.cmake
[2.975s] -- Symlinking: /home/recoomputer/benytb4_ws/install/turtlebot4_description/share/turtlebot4_description/package.xml
[2.999s] Invoked command in '/home/recoomputer/benytb4_ws/build/turtlebot4_description' returned '0': CMAKE_PREFIX_PATH=${CMAKE_PREFIX_PATH}:/home/recoomputer/benytb4_ws/install/turtlebot4_tests:/home/recoomputer/benytb4_ws/install/pose_navigator:/home/recoomputer/benytb4_ws/install/turtlebot4_diagnostics:/opt/ros/humble /usr/bin/cmake --install /home/recoomputer/benytb4_ws/build/turtlebot4_description
