[0.021s] Invoking command in '/home/recoomputer/benytb4_ws/build/turtlebot4_base': CMAKE_PREFIX_PATH=/home/recoomputer/benytb4_ws/install/turtlebot4_node:/home/recoomputer/benytb4_ws/install/turtlebot4_msgs:/home/recoomputer/benytb4_ws/install/turtlebot4_desktop:/home/recoomputer/benytb4_ws/install/turtlebot4_viz:/home/recoomputer/benytb4_ws/install/turtlebot4_robot:/home/recoomputer/benytb4_ws/install/turtlebot4_bringup:/home/recoomputer/benytb4_ws/install/turtlebot4_base:/home/recoomputer/benytb4_ws/install/turtlebot4_navigation:/home/recoomputer/benytb4_ws/install/turtlebot4_description:/home/recoomputer/benytb4_ws/install/nav2_costmap_filters_demo:/home/recoomputer/benytb4_ws/install/map_publisher:/home/recoomputer/benytb4_ws/install/turtlebot4_tests:/home/recoomputer/benytb4_ws/install/pose_navigator:/home/recoomputer/benytb4_ws/install/turtlebot4_diagnostics:/opt/ros/humble /usr/bin/cmake --build /home/recoomputer/benytb4_ws/build/turtlebot4_base -- -j8 -l8
[0.143s] [ 83%] Built target turtlebot4_base_lib
[0.196s] [100%] Built target turtlebot4_base_node
[0.246s] Invoked command in '/home/recoomputer/benytb4_ws/build/turtlebot4_base' returned '0': CMAKE_PREFIX_PATH=/home/recoomputer/benytb4_ws/install/turtlebot4_node:/home/recoomputer/benytb4_ws/install/turtlebot4_msgs:/home/recoomputer/benytb4_ws/install/turtlebot4_desktop:/home/recoomputer/benytb4_ws/install/turtlebot4_viz:/home/recoomputer/benytb4_ws/install/turtlebot4_robot:/home/recoomputer/benytb4_ws/install/turtlebot4_bringup:/home/recoomputer/benytb4_ws/install/turtlebot4_base:/home/recoomputer/benytb4_ws/install/turtlebot4_navigation:/home/recoomputer/benytb4_ws/install/turtlebot4_description:/home/recoomputer/benytb4_ws/install/nav2_costmap_filters_demo:/home/recoomputer/benytb4_ws/install/map_publisher:/home/recoomputer/benytb4_ws/install/turtlebot4_tests:/home/recoomputer/benytb4_ws/install/pose_navigator:/home/recoomputer/benytb4_ws/install/turtlebot4_diagnostics:/opt/ros/humble /usr/bin/cmake --build /home/recoomputer/benytb4_ws/build/turtlebot4_base -- -j8 -l8
[0.250s] Invoking command in '/home/recoomputer/benytb4_ws/build/turtlebot4_base': CMAKE_PREFIX_PATH=/home/recoomputer/benytb4_ws/install/turtlebot4_node:/home/recoomputer/benytb4_ws/install/turtlebot4_msgs:/home/recoomputer/benytb4_ws/install/turtlebot4_desktop:/home/recoomputer/benytb4_ws/install/turtlebot4_viz:/home/recoomputer/benytb4_ws/install/turtlebot4_robot:/home/recoomputer/benytb4_ws/install/turtlebot4_bringup:/home/recoomputer/benytb4_ws/install/turtlebot4_base:/home/recoomputer/benytb4_ws/install/turtlebot4_navigation:/home/recoomputer/benytb4_ws/install/turtlebot4_description:/home/recoomputer/benytb4_ws/install/nav2_costmap_filters_demo:/home/recoomputer/benytb4_ws/install/map_publisher:/home/recoomputer/benytb4_ws/install/turtlebot4_tests:/home/recoomputer/benytb4_ws/install/pose_navigator:/home/recoomputer/benytb4_ws/install/turtlebot4_diagnostics:/opt/ros/humble /usr/bin/cmake --install /home/recoomputer/benytb4_ws/build/turtlebot4_base
[0.266s] -- Install configuration: ""
[0.269s] -- Execute custom install script
[0.271s] -- Up-to-date symlink: /home/recoomputer/benytb4_ws/install/turtlebot4_base/lib/turtlebot4_base/turtlebot4_base_node
[0.271s] -- Up-to-date symlink: /home/recoomputer/benytb4_ws/install/turtlebot4_base/share/ament_index/resource_index/package_run_dependencies/turtlebot4_base
[0.271s] -- Up-to-date symlink: /home/recoomputer/benytb4_ws/install/turtlebot4_base/share/ament_index/resource_index/parent_prefix_path/turtlebot4_base
[0.274s] -- Up-to-date symlink: /home/recoomputer/benytb4_ws/install/turtlebot4_base/share/turtlebot4_base/environment/ament_prefix_path.sh
[0.275s] -- Up-to-date symlink: /home/recoomputer/benytb4_ws/install/turtlebot4_base/share/turtlebot4_base/environment/ament_prefix_path.dsv
[0.275s] -- Up-to-date symlink: /home/recoomputer/benytb4_ws/install/turtlebot4_base/share/turtlebot4_base/environment/path.sh
[0.275s] -- Up-to-date symlink: /home/recoomputer/benytb4_ws/install/turtlebot4_base/share/turtlebot4_base/environment/path.dsv
[0.275s] -- Up-to-date symlink: /home/recoomputer/benytb4_ws/install/turtlebot4_base/share/turtlebot4_base/local_setup.bash
[0.275s] -- Up-to-date symlink: /home/recoomputer/benytb4_ws/install/turtlebot4_base/share/turtlebot4_base/local_setup.sh
[0.276s] -- Up-to-date symlink: /home/recoomputer/benytb4_ws/install/turtlebot4_base/share/turtlebot4_base/local_setup.zsh
[0.276s] -- Up-to-date symlink: /home/recoomputer/benytb4_ws/install/turtlebot4_base/share/turtlebot4_base/local_setup.dsv
[0.276s] -- Symlinking: /home/recoomputer/benytb4_ws/install/turtlebot4_base/share/turtlebot4_base/package.dsv
[0.292s] -- Up-to-date symlink: /home/recoomputer/benytb4_ws/install/turtlebot4_base/share/ament_index/resource_index/packages/turtlebot4_base
[0.292s] -- Up-to-date symlink: /home/recoomputer/benytb4_ws/install/turtlebot4_base/share/turtlebot4_base/cmake/ament_cmake_export_include_directories-extras.cmake
[0.294s] -- Up-to-date symlink: /home/recoomputer/benytb4_ws/install/turtlebot4_base/share/turtlebot4_base/cmake/turtlebot4_baseConfig.cmake
[0.295s] -- Up-to-date symlink: /home/recoomputer/benytb4_ws/install/turtlebot4_base/share/turtlebot4_base/cmake/turtlebot4_baseConfig-version.cmake
[0.296s] -- Up-to-date symlink: /home/recoomputer/benytb4_ws/install/turtlebot4_base/share/turtlebot4_base/package.xml
[0.833s] Invoked command in '/home/recoomputer/benytb4_ws/build/turtlebot4_base' returned '0': CMAKE_PREFIX_PATH=/home/recoomputer/benytb4_ws/install/turtlebot4_node:/home/recoomputer/benytb4_ws/install/turtlebot4_msgs:/home/recoomputer/benytb4_ws/install/turtlebot4_desktop:/home/recoomputer/benytb4_ws/install/turtlebot4_viz:/home/recoomputer/benytb4_ws/install/turtlebot4_robot:/home/recoomputer/benytb4_ws/install/turtlebot4_bringup:/home/recoomputer/benytb4_ws/install/turtlebot4_base:/home/recoomputer/benytb4_ws/install/turtlebot4_navigation:/home/recoomputer/benytb4_ws/install/turtlebot4_description:/home/recoomputer/benytb4_ws/install/nav2_costmap_filters_demo:/home/recoomputer/benytb4_ws/install/map_publisher:/home/recoomputer/benytb4_ws/install/turtlebot4_tests:/home/recoomputer/benytb4_ws/install/pose_navigator:/home/recoomputer/benytb4_ws/install/turtlebot4_diagnostics:/opt/ros/humble /usr/bin/cmake --install /home/recoomputer/benytb4_ws/build/turtlebot4_base
