[0.852s] Invoking command in '/home/recoomputer/benytb4_ws/build/nav2_costmap_filters_demo': CMAKE_PREFIX_PATH=${CMAKE_PREFIX_PATH}:/home/recoomputer/benytb4_ws/install/turtlebot4_tests:/home/recoomputer/benytb4_ws/install/pose_navigator:/home/recoomputer/benytb4_ws/install/turtlebot4_diagnostics:/opt/ros/humble /usr/bin/cmake --build /home/recoomputer/benytb4_ws/build/nav2_costmap_filters_demo -- -j8 -l8
[0.947s] Invoked command in '/home/recoomputer/benytb4_ws/build/nav2_costmap_filters_demo' returned '0': CMAKE_PREFIX_PATH=${CMAKE_PREFIX_PATH}:/home/recoomputer/benytb4_ws/install/turtlebot4_tests:/home/recoomputer/benytb4_ws/install/pose_navigator:/home/recoomputer/benytb4_ws/install/turtlebot4_diagnostics:/opt/ros/humble /usr/bin/cmake --build /home/recoomputer/benytb4_ws/build/nav2_costmap_filters_demo -- -j8 -l8
[0.949s] Invoking command in '/home/recoomputer/benytb4_ws/build/nav2_costmap_filters_demo': CMAKE_PREFIX_PATH=${CMAKE_PREFIX_PATH}:/home/recoomputer/benytb4_ws/install/turtlebot4_tests:/home/recoomputer/benytb4_ws/install/pose_navigator:/home/recoomputer/benytb4_ws/install/turtlebot4_diagnostics:/opt/ros/humble /usr/bin/cmake --install /home/recoomputer/benytb4_ws/build/nav2_costmap_filters_demo
[0.967s] -- Install configuration: ""
[0.970s] -- Execute custom install script
[0.971s] -- Up-to-date symlink: /home/recoomputer/benytb4_ws/install/nav2_costmap_filters_demo/share/nav2_costmap_filters_demo/launch/costmap_filter_info.launch.py
[0.973s] -- Up-to-date symlink: /home/recoomputer/benytb4_ws/install/nav2_costmap_filters_demo/share/nav2_costmap_filters_demo/maps/keepout_mask.pgm
[0.974s] -- Up-to-date symlink: /home/recoomputer/benytb4_ws/install/nav2_costmap_filters_demo/share/nav2_costmap_filters_demo/maps/keepout_mask.yaml
[0.975s] -- Up-to-date symlink: /home/recoomputer/benytb4_ws/install/nav2_costmap_filters_demo/share/nav2_costmap_filters_demo/maps/speed_mask.pgm
[0.976s] -- Up-to-date symlink: /home/recoomputer/benytb4_ws/install/nav2_costmap_filters_demo/share/nav2_costmap_filters_demo/maps/speed_mask.yaml
[0.977s] -- Up-to-date symlink: /home/recoomputer/benytb4_ws/install/nav2_costmap_filters_demo/share/nav2_costmap_filters_demo/params/keepout_params.yaml
[0.989s] -- Up-to-date symlink: /home/recoomputer/benytb4_ws/install/nav2_costmap_filters_demo/share/nav2_costmap_filters_demo/params/speed_params.yaml
[0.989s] -- Up-to-date symlink: /home/recoomputer/benytb4_ws/install/nav2_costmap_filters_demo/share/ament_index/resource_index/package_run_dependencies/nav2_costmap_filters_demo
[0.989s] -- Up-to-date symlink: /home/recoomputer/benytb4_ws/install/nav2_costmap_filters_demo/share/ament_index/resource_index/parent_prefix_path/nav2_costmap_filters_demo
[0.989s] -- Up-to-date symlink: /home/recoomputer/benytb4_ws/install/nav2_costmap_filters_demo/share/nav2_costmap_filters_demo/environment/ament_prefix_path.sh
[0.989s] -- Up-to-date symlink: /home/recoomputer/benytb4_ws/install/nav2_costmap_filters_demo/share/nav2_costmap_filters_demo/environment/ament_prefix_path.dsv
[0.989s] -- Up-to-date symlink: /home/recoomputer/benytb4_ws/install/nav2_costmap_filters_demo/share/nav2_costmap_filters_demo/environment/path.sh
[0.989s] -- Up-to-date symlink: /home/recoomputer/benytb4_ws/install/nav2_costmap_filters_demo/share/nav2_costmap_filters_demo/environment/path.dsv
[0.990s] -- Up-to-date symlink: /home/recoomputer/benytb4_ws/install/nav2_costmap_filters_demo/share/nav2_costmap_filters_demo/local_setup.bash
[0.990s] -- Up-to-date symlink: /home/recoomputer/benytb4_ws/install/nav2_costmap_filters_demo/share/nav2_costmap_filters_demo/local_setup.sh
[0.993s] -- Up-to-date symlink: /home/recoomputer/benytb4_ws/install/nav2_costmap_filters_demo/share/nav2_costmap_filters_demo/local_setup.zsh
[0.993s] -- Up-to-date symlink: /home/recoomputer/benytb4_ws/install/nav2_costmap_filters_demo/share/nav2_costmap_filters_demo/local_setup.dsv
[0.993s] -- Symlinking: /home/recoomputer/benytb4_ws/install/nav2_costmap_filters_demo/share/nav2_costmap_filters_demo/package.dsv
[1.024s] -- Up-to-date symlink: /home/recoomputer/benytb4_ws/install/nav2_costmap_filters_demo/share/ament_index/resource_index/packages/nav2_costmap_filters_demo
[1.025s] -- Up-to-date symlink: /home/recoomputer/benytb4_ws/install/nav2_costmap_filters_demo/share/nav2_costmap_filters_demo/cmake/nav2_costmap_filters_demoConfig.cmake
[1.025s] -- Up-to-date symlink: /home/recoomputer/benytb4_ws/install/nav2_costmap_filters_demo/share/nav2_costmap_filters_demo/cmake/nav2_costmap_filters_demoConfig-version.cmake
[1.026s] -- Up-to-date symlink: /home/recoomputer/benytb4_ws/install/nav2_costmap_filters_demo/share/nav2_costmap_filters_demo/package.xml
[1.068s] Invoked command in '/home/recoomputer/benytb4_ws/build/nav2_costmap_filters_demo' returned '0': CMAKE_PREFIX_PATH=${CMAKE_PREFIX_PATH}:/home/recoomputer/benytb4_ws/install/turtlebot4_tests:/home/recoomputer/benytb4_ws/install/pose_navigator:/home/recoomputer/benytb4_ws/install/turtlebot4_diagnostics:/opt/ros/humble /usr/bin/cmake --install /home/recoomputer/benytb4_ws/build/nav2_costmap_filters_demo
