[0.840s] Invoking command in '/home/recoomputer/benytb4_ws/build/turtlebot4_navigation': CMAKE_PREFIX_PATH=${CMAKE_PREFIX_PATH}:/home/recoomputer/benytb4_ws/install/turtlebot4_tests:/home/recoomputer/benytb4_ws/install/pose_navigator:/home/recoomputer/benytb4_ws/install/turtlebot4_diagnostics:/opt/ros/humble /usr/bin/cmake --build /home/recoomputer/benytb4_ws/build/turtlebot4_navigation -- -j8 -l8
[0.983s] Built target ament_cmake_python_symlink_turtlebot4_navigation
[1.722s] running egg_info
[1.724s] writing turtlebot4_navigation.egg-info/PKG-INFO
[1.725s] writing dependency_links to turtlebot4_navigation.egg-info/dependency_links.txt
[1.725s] writing top-level names to turtlebot4_navigation.egg-info/top_level.txt
[1.733s] reading manifest file 'turtlebot4_navigation.egg-info/SOURCES.txt'
[1.736s] writing manifest file 'turtlebot4_navigation.egg-info/SOURCES.txt'
[1.819s] Built target ament_cmake_python_build_turtlebot4_navigation_egg
[2.258s] Invoked command in '/home/recoomputer/benytb4_ws/build/turtlebot4_navigation' returned '0': CMAKE_PREFIX_PATH=${CMAKE_PREFIX_PATH}:/home/recoomputer/benytb4_ws/install/turtlebot4_tests:/home/recoomputer/benytb4_ws/install/pose_navigator:/home/recoomputer/benytb4_ws/install/turtlebot4_diagnostics:/opt/ros/humble /usr/bin/cmake --build /home/recoomputer/benytb4_ws/build/turtlebot4_navigation -- -j8 -l8
[2.260s] Invoking command in '/home/recoomputer/benytb4_ws/build/turtlebot4_navigation': CMAKE_PREFIX_PATH=${CMAKE_PREFIX_PATH}:/home/recoomputer/benytb4_ws/install/turtlebot4_tests:/home/recoomputer/benytb4_ws/install/pose_navigator:/home/recoomputer/benytb4_ws/install/turtlebot4_diagnostics:/opt/ros/humble /usr/bin/cmake --install /home/recoomputer/benytb4_ws/build/turtlebot4_navigation
[2.280s] -- Install configuration: ""
[2.280s] -- Execute custom install script
[2.281s] -- Up-to-date symlink: /home/recoomputer/benytb4_ws/install/turtlebot4_navigation/share/turtlebot4_navigation/config/localization.yaml
[2.281s] -- Up-to-date symlink: /home/recoomputer/benytb4_ws/install/turtlebot4_navigation/share/turtlebot4_navigation/config/mapper_params_localization.yaml
[2.283s] -- Up-to-date symlink: /home/recoomputer/benytb4_ws/install/turtlebot4_navigation/share/turtlebot4_navigation/config/nav2.yaml
[2.283s] -- Up-to-date symlink: /home/recoomputer/benytb4_ws/install/turtlebot4_navigation/share/turtlebot4_navigation/config/nav2_copy.yaml
[2.287s] -- Up-to-date symlink: /home/recoomputer/benytb4_ws/install/turtlebot4_navigation/share/turtlebot4_navigation/config/slam.yaml
[2.288s] -- Up-to-date symlink: /home/recoomputer/benytb4_ws/install/turtlebot4_navigation/share/turtlebot4_navigation/launch/localization.launch.py
[2.288s] -- Up-to-date symlink: /home/recoomputer/benytb4_ws/install/turtlebot4_navigation/share/turtlebot4_navigation/launch/nav2.launch.py
[2.288s] -- Up-to-date symlink: /home/recoomputer/benytb4_ws/install/turtlebot4_navigation/share/turtlebot4_navigation/launch/slam.launch.py
[2.288s] -- Up-to-date symlink: /home/recoomputer/benytb4_ws/install/turtlebot4_navigation/share/turtlebot4_navigation/maps/depot.pgm
[2.289s] -- Up-to-date symlink: /home/recoomputer/benytb4_ws/install/turtlebot4_navigation/share/turtlebot4_navigation/maps/depot.yaml
[2.289s] -- Up-to-date symlink: /home/recoomputer/benytb4_ws/install/turtlebot4_navigation/share/turtlebot4_navigation/maps/maze.pgm
[2.289s] -- Up-to-date symlink: /home/recoomputer/benytb4_ws/install/turtlebot4_navigation/share/turtlebot4_navigation/maps/maze.yaml
[2.289s] -- Up-to-date symlink: /home/recoomputer/benytb4_ws/install/turtlebot4_navigation/share/turtlebot4_navigation/maps/warehouse.pgm
[2.289s] -- Up-to-date symlink: /home/recoomputer/benytb4_ws/install/turtlebot4_navigation/share/turtlebot4_navigation/maps/warehouse.yaml
[2.289s] -- Up-to-date symlink: /home/recoomputer/benytb4_ws/install/turtlebot4_navigation/share/turtlebot4_navigation/environment/pythonpath.sh
[2.289s] -- Up-to-date symlink: /home/recoomputer/benytb4_ws/install/turtlebot4_navigation/share/turtlebot4_navigation/environment/pythonpath.dsv
[2.290s] -- Up-to-date symlink: /home/recoomputer/benytb4_ws/install/turtlebot4_navigation/local/lib/python3.10/dist-packages/turtlebot4_navigation-1.0.5-py3.10.egg-info/PKG-INFO
[2.290s] -- Up-to-date symlink: /home/recoomputer/benytb4_ws/install/turtlebot4_navigation/local/lib/python3.10/dist-packages/turtlebot4_navigation-1.0.5-py3.10.egg-info/SOURCES.txt
[2.290s] -- Up-to-date symlink: /home/recoomputer/benytb4_ws/install/turtlebot4_navigation/local/lib/python3.10/dist-packages/turtlebot4_navigation-1.0.5-py3.10.egg-info/dependency_links.txt
[2.290s] -- Up-to-date symlink: /home/recoomputer/benytb4_ws/install/turtlebot4_navigation/local/lib/python3.10/dist-packages/turtlebot4_navigation-1.0.5-py3.10.egg-info/top_level.txt
[2.290s] -- Up-to-date symlink: /home/recoomputer/benytb4_ws/install/turtlebot4_navigation/local/lib/python3.10/dist-packages/turtlebot4_navigation/__init__.py
[2.290s] -- Up-to-date symlink: /home/recoomputer/benytb4_ws/install/turtlebot4_navigation/local/lib/python3.10/dist-packages/turtlebot4_navigation/turtlebot4_navigator.py
[2.290s] -- Up-to-date symlink: /home/recoomputer/benytb4_ws/install/turtlebot4_navigation/local/lib/python3.10/dist-packages/turtlebot4_navigator.py
[2.292s] -- Up-to-date symlink: /home/recoomputer/benytb4_ws/install/turtlebot4_navigation/share/ament_index/resource_index/package_run_dependencies/turtlebot4_navigation
[2.292s] -- Up-to-date symlink: /home/recoomputer/benytb4_ws/install/turtlebot4_navigation/share/ament_index/resource_index/parent_prefix_path/turtlebot4_navigation
[2.292s] -- Up-to-date symlink: /home/recoomputer/benytb4_ws/install/turtlebot4_navigation/share/turtlebot4_navigation/environment/ament_prefix_path.sh
[2.293s] -- Up-to-date symlink: /home/recoomputer/benytb4_ws/install/turtlebot4_navigation/share/turtlebot4_navigation/environment/ament_prefix_path.dsv
[2.294s] -- Up-to-date symlink: /home/recoomputer/benytb4_ws/install/turtlebot4_navigation/share/turtlebot4_navigation/environment/path.sh
[2.294s] -- Up-to-date symlink: /home/recoomputer/benytb4_ws/install/turtlebot4_navigation/share/turtlebot4_navigation/environment/path.dsv
[2.295s] -- Up-to-date symlink: /home/recoomputer/benytb4_ws/install/turtlebot4_navigation/share/turtlebot4_navigation/local_setup.bash
[2.295s] -- Up-to-date symlink: /home/recoomputer/benytb4_ws/install/turtlebot4_navigation/share/turtlebot4_navigation/local_setup.sh
[2.296s] -- Up-to-date symlink: /home/recoomputer/benytb4_ws/install/turtlebot4_navigation/share/turtlebot4_navigation/local_setup.zsh
[2.297s] -- Up-to-date symlink: /home/recoomputer/benytb4_ws/install/turtlebot4_navigation/share/turtlebot4_navigation/local_setup.dsv
[2.297s] -- Symlinking: /home/recoomputer/benytb4_ws/install/turtlebot4_navigation/share/turtlebot4_navigation/package.dsv
[2.340s] -- Up-to-date symlink: /home/recoomputer/benytb4_ws/install/turtlebot4_navigation/share/ament_index/resource_index/packages/turtlebot4_navigation
[2.343s] -- Up-to-date symlink: /home/recoomputer/benytb4_ws/install/turtlebot4_navigation/share/turtlebot4_navigation/cmake/turtlebot4_navigationConfig.cmake
[2.343s] -- Up-to-date symlink: /home/recoomputer/benytb4_ws/install/turtlebot4_navigation/share/turtlebot4_navigation/cmake/turtlebot4_navigationConfig-version.cmake
[2.348s] -- Up-to-date symlink: /home/recoomputer/benytb4_ws/install/turtlebot4_navigation/share/turtlebot4_navigation/package.xml
[2.441s] Listing '/home/recoomputer/benytb4_ws/install/turtlebot4_navigation/local/lib/python3.10/dist-packages/turtlebot4_navigation'...
[2.609s] Invoked command in '/home/recoomputer/benytb4_ws/build/turtlebot4_navigation' returned '0': CMAKE_PREFIX_PATH=${CMAKE_PREFIX_PATH}:/home/recoomputer/benytb4_ws/install/turtlebot4_tests:/home/recoomputer/benytb4_ws/install/pose_navigator:/home/recoomputer/benytb4_ws/install/turtlebot4_diagnostics:/opt/ros/humble /usr/bin/cmake --install /home/recoomputer/benytb4_ws/build/turtlebot4_navigation
