[0.890s] Invoking command in '/home/recoomputer/benytb4_ws/build/map_publisher': CMAKE_PREFIX_PATH=${CMAKE_PREFIX_PATH}:/home/recoomputer/benytb4_ws/install/turtlebot4_tests:/home/recoomputer/benytb4_ws/install/pose_navigator:/home/recoomputer/benytb4_ws/install/turtlebot4_diagnostics:/opt/ros/humble /usr/bin/cmake --build /home/recoomputer/benytb4_ws/build/map_publisher -- -j8 -l8
[1.031s] [100%] Built target map_publisher_node
[1.112s] Invoked command in '/home/recoomputer/benytb4_ws/build/map_publisher' returned '0': CMAKE_PREFIX_PATH=${CMAKE_PREFIX_PATH}:/home/recoomputer/benytb4_ws/install/turtlebot4_tests:/home/recoomputer/benytb4_ws/install/pose_navigator:/home/recoomputer/benytb4_ws/install/turtlebot4_diagnostics:/opt/ros/humble /usr/bin/cmake --build /home/recoomputer/benytb4_ws/build/map_publisher -- -j8 -l8
[1.113s] Invoking command in '/home/recoomputer/benytb4_ws/build/map_publisher': CMAKE_PREFIX_PATH=${CMAKE_PREFIX_PATH}:/home/recoomputer/benytb4_ws/install/turtlebot4_tests:/home/recoomputer/benytb4_ws/install/pose_navigator:/home/recoomputer/benytb4_ws/install/turtlebot4_diagnostics:/opt/ros/humble /usr/bin/cmake --install /home/recoomputer/benytb4_ws/build/map_publisher
[1.147s] -- Install configuration: ""
[1.147s] -- Execute custom install script
[1.147s] -- Up-to-date symlink: /home/recoomputer/benytb4_ws/install/map_publisher/lib/map_publisher/map_publisher_node
[1.147s] -- Up-to-date symlink: /home/recoomputer/benytb4_ws/install/map_publisher/share/ament_index/resource_index/package_run_dependencies/map_publisher
[1.148s] -- Up-to-date symlink: /home/recoomputer/benytb4_ws/install/map_publisher/share/ament_index/resource_index/parent_prefix_path/map_publisher
[1.148s] -- Up-to-date symlink: /home/recoomputer/benytb4_ws/install/map_publisher/share/map_publisher/environment/ament_prefix_path.sh
[1.148s] -- Up-to-date symlink: /home/recoomputer/benytb4_ws/install/map_publisher/share/map_publisher/environment/ament_prefix_path.dsv
[1.166s] -- Up-to-date symlink: /home/recoomputer/benytb4_ws/install/map_publisher/share/map_publisher/environment/path.sh
[1.166s] -- Up-to-date symlink: /home/recoomputer/benytb4_ws/install/map_publisher/share/map_publisher/environment/path.dsv
[1.167s] -- Up-to-date symlink: /home/recoomputer/benytb4_ws/install/map_publisher/share/map_publisher/local_setup.bash
[1.167s] -- Up-to-date symlink: /home/recoomputer/benytb4_ws/install/map_publisher/share/map_publisher/local_setup.sh
[1.167s] -- Up-to-date symlink: /home/recoomputer/benytb4_ws/install/map_publisher/share/map_publisher/local_setup.zsh
[1.167s] -- Up-to-date symlink: /home/recoomputer/benytb4_ws/install/map_publisher/share/map_publisher/local_setup.dsv
[1.167s] -- Symlinking: /home/recoomputer/benytb4_ws/install/map_publisher/share/map_publisher/package.dsv
[1.182s] -- Up-to-date symlink: /home/recoomputer/benytb4_ws/install/map_publisher/share/ament_index/resource_index/packages/map_publisher
[1.182s] -- Up-to-date symlink: /home/recoomputer/benytb4_ws/install/map_publisher/share/map_publisher/cmake/map_publisherConfig.cmake
[1.182s] -- Up-to-date symlink: /home/recoomputer/benytb4_ws/install/map_publisher/share/map_publisher/cmake/map_publisherConfig-version.cmake
[1.182s] -- Up-to-date symlink: /home/recoomputer/benytb4_ws/install/map_publisher/share/map_publisher/package.xml
[1.251s] Invoked command in '/home/recoomputer/benytb4_ws/build/map_publisher' returned '0': CMAKE_PREFIX_PATH=${CMAKE_PREFIX_PATH}:/home/recoomputer/benytb4_ws/install/turtlebot4_tests:/home/recoomputer/benytb4_ws/install/pose_navigator:/home/recoomputer/benytb4_ws/install/turtlebot4_diagnostics:/opt/ros/humble /usr/bin/cmake --install /home/recoomputer/benytb4_ws/build/map_publisher
