[0.114s] Invoking command in '/home/recoomputer/benytb4_ws/build/turtlebot4_msgs': CMAKE_PREFIX_PATH=${CMAKE_PREFIX_PATH}:/home/recoomputer/benytb4_ws/install/turtlebot4_tests:/home/recoomputer/benytb4_ws/install/pose_navigator:/home/recoomputer/benytb4_ws/install/turtlebot4_diagnostics:/opt/ros/humble /usr/bin/cmake --build /home/recoomputer/benytb4_ws/build/turtlebot4_msgs -- -j8 -l8
[0.971s] [  2%] Built target turtlebot4_msgs__cpp
[0.971s] [ 12%] Built target turtlebot4_msgs__rosidl_generator_c
[0.972s] [ 12%] Built target ament_cmake_python_symlink_turtlebot4_msgs
[0.973s] [ 23%] Built target turtlebot4_msgs__rosidl_typesupport_cpp
[0.974s] [ 34%] Built target turtlebot4_msgs__rosidl_typesupport_fastrtps_cpp
[0.975s] [ 48%] Built target turtlebot4_msgs__rosidl_typesupport_introspection_c
[0.975s] [ 55%] Built target turtlebot4_msgs__rosidl_typesupport_introspection_cpp
[0.975s] [ 65%] Built target turtlebot4_msgs__rosidl_typesupport_fastrtps_c
[0.975s] [ 76%] Built target turtlebot4_msgs__rosidl_typesupport_c
[0.975s] [ 76%] Built target turtlebot4_msgs
[0.975s] [ 78%] Built target turtlebot4_msgs__py
[0.975s] [ 87%] Built target turtlebot4_msgs__rosidl_generator_py
[0.975s] [ 91%] Built target turtlebot4_msgs__rosidl_typesupport_introspection_c__pyext
[0.976s] [ 95%] Built target turtlebot4_msgs__rosidl_typesupport_c__pyext
[0.976s] [100%] Built target turtlebot4_msgs__rosidl_typesupport_fastrtps_c__pyext
[1.050s] running egg_info
[1.051s] writing turtlebot4_msgs.egg-info/PKG-INFO
[1.052s] writing dependency_links to turtlebot4_msgs.egg-info/dependency_links.txt
[1.052s] writing top-level names to turtlebot4_msgs.egg-info/top_level.txt
[1.060s] reading manifest file 'turtlebot4_msgs.egg-info/SOURCES.txt'
[1.062s] writing manifest file 'turtlebot4_msgs.egg-info/SOURCES.txt'
[1.176s] [100%] Built target ament_cmake_python_build_turtlebot4_msgs_egg
[1.263s] Invoked command in '/home/recoomputer/benytb4_ws/build/turtlebot4_msgs' returned '0': CMAKE_PREFIX_PATH=${CMAKE_PREFIX_PATH}:/home/recoomputer/benytb4_ws/install/turtlebot4_tests:/home/recoomputer/benytb4_ws/install/pose_navigator:/home/recoomputer/benytb4_ws/install/turtlebot4_diagnostics:/opt/ros/humble /usr/bin/cmake --build /home/recoomputer/benytb4_ws/build/turtlebot4_msgs -- -j8 -l8
[1.275s] Invoking command in '/home/recoomputer/benytb4_ws/build/turtlebot4_msgs': CMAKE_PREFIX_PATH=${CMAKE_PREFIX_PATH}:/home/recoomputer/benytb4_ws/install/turtlebot4_tests:/home/recoomputer/benytb4_ws/install/pose_navigator:/home/recoomputer/benytb4_ws/install/turtlebot4_diagnostics:/opt/ros/humble /usr/bin/cmake --install /home/recoomputer/benytb4_ws/build/turtlebot4_msgs
[1.306s] -- Install configuration: ""
[1.306s] -- Execute custom install script
[1.307s] -- Up-to-date symlink: /home/recoomputer/benytb4_ws/install/turtlebot4_msgs/share/ament_index/resource_index/rosidl_interfaces/turtlebot4_msgs
[1.307s] -- Up-to-date symlink: /home/recoomputer/benytb4_ws/install/turtlebot4_msgs/include/turtlebot4_msgs/turtlebot4_msgs/msg/detail/user_button__functions.h
[1.307s] -- Up-to-date symlink: /home/recoomputer/benytb4_ws/install/turtlebot4_msgs/include/turtlebot4_msgs/turtlebot4_msgs/msg/detail/user_button__struct.h
[1.307s] -- Up-to-date symlink: /home/recoomputer/benytb4_ws/install/turtlebot4_msgs/include/turtlebot4_msgs/turtlebot4_msgs/msg/detail/user_button__type_support.h
[1.307s] -- Up-to-date symlink: /home/recoomputer/benytb4_ws/install/turtlebot4_msgs/include/turtlebot4_msgs/turtlebot4_msgs/msg/detail/user_display__functions.h
[1.307s] -- Up-to-date symlink: /home/recoomputer/benytb4_ws/install/turtlebot4_msgs/include/turtlebot4_msgs/turtlebot4_msgs/msg/detail/user_display__struct.h
[1.307s] -- Up-to-date symlink: /home/recoomputer/benytb4_ws/install/turtlebot4_msgs/include/turtlebot4_msgs/turtlebot4_msgs/msg/detail/user_display__type_support.h
[1.307s] -- Up-to-date symlink: /home/recoomputer/benytb4_ws/install/turtlebot4_msgs/include/turtlebot4_msgs/turtlebot4_msgs/msg/detail/user_led__functions.h
[1.308s] -- Up-to-date symlink: /home/recoomputer/benytb4_ws/install/turtlebot4_msgs/include/turtlebot4_msgs/turtlebot4_msgs/msg/detail/user_led__struct.h
[1.308s] -- Up-to-date symlink: /home/recoomputer/benytb4_ws/install/turtlebot4_msgs/include/turtlebot4_msgs/turtlebot4_msgs/msg/detail/user_led__type_support.h
[1.309s] -- Up-to-date symlink: /home/recoomputer/benytb4_ws/install/turtlebot4_msgs/include/turtlebot4_msgs/turtlebot4_msgs/msg/rosidl_generator_c__visibility_control.h
[1.310s] -- Up-to-date symlink: /home/recoomputer/benytb4_ws/install/turtlebot4_msgs/include/turtlebot4_msgs/turtlebot4_msgs/msg/user_button.h
[1.310s] -- Up-to-date symlink: /home/recoomputer/benytb4_ws/install/turtlebot4_msgs/include/turtlebot4_msgs/turtlebot4_msgs/msg/user_display.h
[1.311s] -- Up-to-date symlink: /home/recoomputer/benytb4_ws/install/turtlebot4_msgs/include/turtlebot4_msgs/turtlebot4_msgs/msg/user_led.h
[1.312s] -- Up-to-date symlink: /home/recoomputer/benytb4_ws/install/turtlebot4_msgs/share/turtlebot4_msgs/environment/library_path.sh
[1.312s] -- Up-to-date symlink: /home/recoomputer/benytb4_ws/install/turtlebot4_msgs/share/turtlebot4_msgs/environment/library_path.dsv
[1.312s] -- Up-to-date symlink: /home/recoomputer/benytb4_ws/install/turtlebot4_msgs/include/turtlebot4_msgs/turtlebot4_msgs/msg/detail/user_button__rosidl_typesupport_fastrtps_c.h
[1.312s] -- Up-to-date symlink: /home/recoomputer/benytb4_ws/install/turtlebot4_msgs/include/turtlebot4_msgs/turtlebot4_msgs/msg/detail/user_display__rosidl_typesupport_fastrtps_c.h
[1.312s] -- Up-to-date symlink: /home/recoomputer/benytb4_ws/install/turtlebot4_msgs/include/turtlebot4_msgs/turtlebot4_msgs/msg/detail/user_led__rosidl_typesupport_fastrtps_c.h
[1.313s] -- Up-to-date symlink: /home/recoomputer/benytb4_ws/install/turtlebot4_msgs/include/turtlebot4_msgs/turtlebot4_msgs/msg/rosidl_typesupport_fastrtps_c__visibility_control.h
[1.313s] -- Up-to-date symlink: /home/recoomputer/benytb4_ws/install/turtlebot4_msgs/include/turtlebot4_msgs/turtlebot4_msgs/msg/detail/user_button__rosidl_typesupport_introspection_c.h
[1.314s] -- Up-to-date symlink: /home/recoomputer/benytb4_ws/install/turtlebot4_msgs/include/turtlebot4_msgs/turtlebot4_msgs/msg/detail/user_display__rosidl_typesupport_introspection_c.h
[1.314s] -- Up-to-date symlink: /home/recoomputer/benytb4_ws/install/turtlebot4_msgs/include/turtlebot4_msgs/turtlebot4_msgs/msg/detail/user_led__rosidl_typesupport_introspection_c.h
[1.314s] -- Up-to-date symlink: /home/recoomputer/benytb4_ws/install/turtlebot4_msgs/include/turtlebot4_msgs/turtlebot4_msgs/msg/rosidl_typesupport_introspection_c__visibility_control.h
[1.314s] -- Up-to-date symlink: /home/recoomputer/benytb4_ws/install/turtlebot4_msgs/include/turtlebot4_msgs/turtlebot4_msgs/msg/detail/user_button__builder.hpp
[1.314s] -- Up-to-date symlink: /home/recoomputer/benytb4_ws/install/turtlebot4_msgs/include/turtlebot4_msgs/turtlebot4_msgs/msg/detail/user_button__struct.hpp
[1.315s] -- Up-to-date symlink: /home/recoomputer/benytb4_ws/install/turtlebot4_msgs/include/turtlebot4_msgs/turtlebot4_msgs/msg/detail/user_button__traits.hpp
[1.315s] -- Up-to-date symlink: /home/recoomputer/benytb4_ws/install/turtlebot4_msgs/include/turtlebot4_msgs/turtlebot4_msgs/msg/detail/user_button__type_support.hpp
[1.315s] -- Up-to-date symlink: /home/recoomputer/benytb4_ws/install/turtlebot4_msgs/include/turtlebot4_msgs/turtlebot4_msgs/msg/detail/user_display__builder.hpp
[1.315s] -- Up-to-date symlink: /home/recoomputer/benytb4_ws/install/turtlebot4_msgs/include/turtlebot4_msgs/turtlebot4_msgs/msg/detail/user_display__struct.hpp
[1.315s] -- Up-to-date symlink: /home/recoomputer/benytb4_ws/install/turtlebot4_msgs/include/turtlebot4_msgs/turtlebot4_msgs/msg/detail/user_display__traits.hpp
[1.315s] -- Up-to-date symlink: /home/recoomputer/benytb4_ws/install/turtlebot4_msgs/include/turtlebot4_msgs/turtlebot4_msgs/msg/detail/user_display__type_support.hpp
[1.316s] -- Up-to-date symlink: /home/recoomputer/benytb4_ws/install/turtlebot4_msgs/include/turtlebot4_msgs/turtlebot4_msgs/msg/detail/user_led__builder.hpp
[1.316s] -- Up-to-date symlink: /home/recoomputer/benytb4_ws/install/turtlebot4_msgs/include/turtlebot4_msgs/turtlebot4_msgs/msg/detail/user_led__struct.hpp
[1.316s] -- Up-to-date symlink: /home/recoomputer/benytb4_ws/install/turtlebot4_msgs/include/turtlebot4_msgs/turtlebot4_msgs/msg/detail/user_led__traits.hpp
[1.316s] -- Up-to-date symlink: /home/recoomputer/benytb4_ws/install/turtlebot4_msgs/include/turtlebot4_msgs/turtlebot4_msgs/msg/detail/user_led__type_support.hpp
[1.326s] -- Up-to-date symlink: /home/recoomputer/benytb4_ws/install/turtlebot4_msgs/include/turtlebot4_msgs/turtlebot4_msgs/msg/rosidl_generator_cpp__visibility_control.hpp
[1.341s] -- Up-to-date symlink: /home/recoomputer/benytb4_ws/install/turtlebot4_msgs/include/turtlebot4_msgs/turtlebot4_msgs/msg/user_button.hpp
[1.343s] -- Up-to-date symlink: /home/recoomputer/benytb4_ws/install/turtlebot4_msgs/include/turtlebot4_msgs/turtlebot4_msgs/msg/user_display.hpp
[1.343s] -- Up-to-date symlink: /home/recoomputer/benytb4_ws/install/turtlebot4_msgs/include/turtlebot4_msgs/turtlebot4_msgs/msg/user_led.hpp
[1.350s] -- Up-to-date symlink: /home/recoomputer/benytb4_ws/install/turtlebot4_msgs/include/turtlebot4_msgs/turtlebot4_msgs/msg/detail/user_button__rosidl_typesupport_fastrtps_cpp.hpp
[1.350s] -- Up-to-date symlink: /home/recoomputer/benytb4_ws/install/turtlebot4_msgs/include/turtlebot4_msgs/turtlebot4_msgs/msg/detail/user_display__rosidl_typesupport_fastrtps_cpp.hpp
[1.351s] -- Up-to-date symlink: /home/recoomputer/benytb4_ws/install/turtlebot4_msgs/include/turtlebot4_msgs/turtlebot4_msgs/msg/detail/user_led__rosidl_typesupport_fastrtps_cpp.hpp
[1.353s] -- Up-to-date symlink: /home/recoomputer/benytb4_ws/install/turtlebot4_msgs/include/turtlebot4_msgs/turtlebot4_msgs/msg/rosidl_typesupport_fastrtps_cpp__visibility_control.h
[1.354s] -- Up-to-date symlink: /home/recoomputer/benytb4_ws/install/turtlebot4_msgs/include/turtlebot4_msgs/turtlebot4_msgs/msg/detail/user_button__rosidl_typesupport_introspection_cpp.hpp
[1.354s] -- Up-to-date symlink: /home/recoomputer/benytb4_ws/install/turtlebot4_msgs/include/turtlebot4_msgs/turtlebot4_msgs/msg/detail/user_display__rosidl_typesupport_introspection_cpp.hpp
[1.354s] -- Up-to-date symlink: /home/recoomputer/benytb4_ws/install/turtlebot4_msgs/include/turtlebot4_msgs/turtlebot4_msgs/msg/detail/user_led__rosidl_typesupport_introspection_cpp.hpp
[1.355s] -- Up-to-date symlink: /home/recoomputer/benytb4_ws/install/turtlebot4_msgs/share/turtlebot4_msgs/environment/pythonpath.sh
[1.355s] -- Up-to-date symlink: /home/recoomputer/benytb4_ws/install/turtlebot4_msgs/share/turtlebot4_msgs/environment/pythonpath.dsv
[1.355s] -- Up-to-date symlink: /home/recoomputer/benytb4_ws/install/turtlebot4_msgs/local/lib/python3.10/dist-packages/turtlebot4_msgs-1.0.5-py3.10.egg-info/PKG-INFO
[1.355s] -- Up-to-date symlink: /home/recoomputer/benytb4_ws/install/turtlebot4_msgs/local/lib/python3.10/dist-packages/turtlebot4_msgs-1.0.5-py3.10.egg-info/SOURCES.txt
[1.355s] -- Up-to-date symlink: /home/recoomputer/benytb4_ws/install/turtlebot4_msgs/local/lib/python3.10/dist-packages/turtlebot4_msgs-1.0.5-py3.10.egg-info/dependency_links.txt
[1.356s] -- Up-to-date symlink: /home/recoomputer/benytb4_ws/install/turtlebot4_msgs/local/lib/python3.10/dist-packages/turtlebot4_msgs-1.0.5-py3.10.egg-info/top_level.txt
[1.357s] -- Up-to-date symlink: /home/recoomputer/benytb4_ws/install/turtlebot4_msgs/local/lib/python3.10/dist-packages/turtlebot4_msgs/__init__.py
[1.357s] -- Up-to-date symlink: /home/recoomputer/benytb4_ws/install/turtlebot4_msgs/local/lib/python3.10/dist-packages/turtlebot4_msgs/_turtlebot4_msgs_s.ep.rosidl_typesupport_c.c
[1.358s] -- Up-to-date symlink: /home/recoomputer/benytb4_ws/install/turtlebot4_msgs/local/lib/python3.10/dist-packages/turtlebot4_msgs/_turtlebot4_msgs_s.ep.rosidl_typesupport_fastrtps_c.c
[1.359s] -- Up-to-date symlink: /home/recoomputer/benytb4_ws/install/turtlebot4_msgs/local/lib/python3.10/dist-packages/turtlebot4_msgs/_turtlebot4_msgs_s.ep.rosidl_typesupport_introspection_c.c
[1.359s] -- Up-to-date symlink: /home/recoomputer/benytb4_ws/install/turtlebot4_msgs/local/lib/python3.10/dist-packages/turtlebot4_msgs/libturtlebot4_msgs__rosidl_generator_py.so
[1.359s] -- Up-to-date symlink: /home/recoomputer/benytb4_ws/install/turtlebot4_msgs/local/lib/python3.10/dist-packages/turtlebot4_msgs/msg/__init__.py
[1.359s] -- Up-to-date symlink: /home/recoomputer/benytb4_ws/install/turtlebot4_msgs/local/lib/python3.10/dist-packages/turtlebot4_msgs/msg/_user_button.py
[1.359s] -- Up-to-date symlink: /home/recoomputer/benytb4_ws/install/turtlebot4_msgs/local/lib/python3.10/dist-packages/turtlebot4_msgs/msg/_user_button_s.c
[1.360s] -- Up-to-date symlink: /home/recoomputer/benytb4_ws/install/turtlebot4_msgs/local/lib/python3.10/dist-packages/turtlebot4_msgs/msg/_user_display.py
[1.360s] -- Up-to-date symlink: /home/recoomputer/benytb4_ws/install/turtlebot4_msgs/local/lib/python3.10/dist-packages/turtlebot4_msgs/msg/_user_display_s.c
[1.360s] -- Up-to-date symlink: /home/recoomputer/benytb4_ws/install/turtlebot4_msgs/local/lib/python3.10/dist-packages/turtlebot4_msgs/msg/_user_led.py
[1.360s] -- Up-to-date symlink: /home/recoomputer/benytb4_ws/install/turtlebot4_msgs/local/lib/python3.10/dist-packages/turtlebot4_msgs/msg/_user_led_s.c
[1.360s] -- Up-to-date symlink: /home/recoomputer/benytb4_ws/install/turtlebot4_msgs/local/lib/python3.10/dist-packages/turtlebot4_msgs/turtlebot4_msgs_s__rosidl_typesupport_c.cpython-310-aarch64-linux-gnu.so
[1.360s] -- Up-to-date symlink: /home/recoomputer/benytb4_ws/install/turtlebot4_msgs/local/lib/python3.10/dist-packages/turtlebot4_msgs/turtlebot4_msgs_s__rosidl_typesupport_fastrtps_c.cpython-310-aarch64-linux-gnu.so
[1.360s] -- Up-to-date symlink: /home/recoomputer/benytb4_ws/install/turtlebot4_msgs/local/lib/python3.10/dist-packages/turtlebot4_msgs/turtlebot4_msgs_s__rosidl_typesupport_introspection_c.cpython-310-aarch64-linux-gnu.so
[1.360s] -- Up-to-date symlink: /home/recoomputer/benytb4_ws/install/turtlebot4_msgs/local/lib/python3.10/dist-packages/turtlebot4_msgs/turtlebot4_msgs_s__rosidl_typesupport_fastrtps_c.cpython-310-aarch64-linux-gnu.so
[1.361s] -- Up-to-date symlink: /home/recoomputer/benytb4_ws/install/turtlebot4_msgs/local/lib/python3.10/dist-packages/turtlebot4_msgs/turtlebot4_msgs_s__rosidl_typesupport_introspection_c.cpython-310-aarch64-linux-gnu.so
[1.361s] -- Up-to-date symlink: /home/recoomputer/benytb4_ws/install/turtlebot4_msgs/local/lib/python3.10/dist-packages/turtlebot4_msgs/turtlebot4_msgs_s__rosidl_typesupport_c.cpython-310-aarch64-linux-gnu.so
[1.361s] -- Up-to-date symlink: /home/recoomputer/benytb4_ws/install/turtlebot4_msgs/share/turtlebot4_msgs/msg/UserLed.idl
[1.361s] -- Up-to-date symlink: /home/recoomputer/benytb4_ws/install/turtlebot4_msgs/share/turtlebot4_msgs/msg/UserButton.idl
[1.361s] -- Up-to-date symlink: /home/recoomputer/benytb4_ws/install/turtlebot4_msgs/share/turtlebot4_msgs/msg/UserDisplay.idl
[1.361s] -- Up-to-date symlink: /home/recoomputer/benytb4_ws/install/turtlebot4_msgs/share/turtlebot4_msgs/msg/UserLed.msg
[1.361s] -- Up-to-date symlink: /home/recoomputer/benytb4_ws/install/turtlebot4_msgs/share/turtlebot4_msgs/msg/UserButton.msg
[1.362s] -- Up-to-date symlink: /home/recoomputer/benytb4_ws/install/turtlebot4_msgs/share/turtlebot4_msgs/msg/UserDisplay.msg
[1.362s] -- Up-to-date symlink: /home/recoomputer/benytb4_ws/install/turtlebot4_msgs/share/ament_index/resource_index/package_run_dependencies/turtlebot4_msgs
[1.362s] -- Up-to-date symlink: /home/recoomputer/benytb4_ws/install/turtlebot4_msgs/share/ament_index/resource_index/parent_prefix_path/turtlebot4_msgs
[1.362s] -- Up-to-date symlink: /home/recoomputer/benytb4_ws/install/turtlebot4_msgs/share/turtlebot4_msgs/environment/ament_prefix_path.sh
[1.362s] -- Up-to-date symlink: /home/recoomputer/benytb4_ws/install/turtlebot4_msgs/share/turtlebot4_msgs/environment/ament_prefix_path.dsv
[1.363s] -- Up-to-date symlink: /home/recoomputer/benytb4_ws/install/turtlebot4_msgs/share/turtlebot4_msgs/environment/path.sh
[1.363s] -- Up-to-date symlink: /home/recoomputer/benytb4_ws/install/turtlebot4_msgs/share/turtlebot4_msgs/environment/path.dsv
[1.363s] -- Up-to-date symlink: /home/recoomputer/benytb4_ws/install/turtlebot4_msgs/share/turtlebot4_msgs/local_setup.bash
[1.363s] -- Up-to-date symlink: /home/recoomputer/benytb4_ws/install/turtlebot4_msgs/share/turtlebot4_msgs/local_setup.sh
[1.363s] -- Up-to-date symlink: /home/recoomputer/benytb4_ws/install/turtlebot4_msgs/share/turtlebot4_msgs/local_setup.zsh
[1.363s] -- Up-to-date symlink: /home/recoomputer/benytb4_ws/install/turtlebot4_msgs/share/turtlebot4_msgs/local_setup.dsv
[1.363s] -- Symlinking: /home/recoomputer/benytb4_ws/install/turtlebot4_msgs/share/turtlebot4_msgs/package.dsv
[1.385s] -- Up-to-date symlink: /home/recoomputer/benytb4_ws/install/turtlebot4_msgs/share/ament_index/resource_index/packages/turtlebot4_msgs
[1.386s] -- Up-to-date symlink: /home/recoomputer/benytb4_ws/install/turtlebot4_msgs/share/turtlebot4_msgs/cmake/rosidl_cmake-extras.cmake
[1.386s] -- Up-to-date symlink: /home/recoomputer/benytb4_ws/install/turtlebot4_msgs/share/turtlebot4_msgs/cmake/ament_cmake_export_include_directories-extras.cmake
[1.386s] -- Up-to-date symlink: /home/recoomputer/benytb4_ws/install/turtlebot4_msgs/share/turtlebot4_msgs/cmake/ament_cmake_export_libraries-extras.cmake
[1.386s] -- Up-to-date symlink: /home/recoomputer/benytb4_ws/install/turtlebot4_msgs/share/turtlebot4_msgs/cmake/ament_cmake_export_targets-extras.cmake
[1.387s] -- Up-to-date symlink: /home/recoomputer/benytb4_ws/install/turtlebot4_msgs/share/turtlebot4_msgs/cmake/rosidl_cmake_export_typesupport_targets-extras.cmake
[1.387s] -- Up-to-date symlink: /home/recoomputer/benytb4_ws/install/turtlebot4_msgs/share/turtlebot4_msgs/cmake/ament_cmake_export_dependencies-extras.cmake
[1.387s] -- Up-to-date symlink: /home/recoomputer/benytb4_ws/install/turtlebot4_msgs/share/turtlebot4_msgs/cmake/rosidl_cmake_export_typesupport_libraries-extras.cmake
[1.387s] -- Up-to-date symlink: /home/recoomputer/benytb4_ws/install/turtlebot4_msgs/share/turtlebot4_msgs/cmake/turtlebot4_msgsConfig.cmake
[1.390s] -- Up-to-date symlink: /home/recoomputer/benytb4_ws/install/turtlebot4_msgs/share/turtlebot4_msgs/cmake/turtlebot4_msgsConfig-version.cmake
[1.390s] -- Up-to-date symlink: /home/recoomputer/benytb4_ws/install/turtlebot4_msgs/share/turtlebot4_msgs/package.xml
[1.390s] -- Up-to-date: /home/recoomputer/benytb4_ws/install/turtlebot4_msgs/lib/libturtlebot4_msgs__rosidl_generator_c.so
[1.390s] -- Up-to-date: /home/recoomputer/benytb4_ws/install/turtlebot4_msgs/lib/libturtlebot4_msgs__rosidl_typesupport_fastrtps_c.so
[1.391s] -- Up-to-date: /home/recoomputer/benytb4_ws/install/turtlebot4_msgs/lib/libturtlebot4_msgs__rosidl_typesupport_introspection_c.so
[1.391s] -- Up-to-date: /home/recoomputer/benytb4_ws/install/turtlebot4_msgs/lib/libturtlebot4_msgs__rosidl_typesupport_c.so
[1.391s] -- Up-to-date: /home/recoomputer/benytb4_ws/install/turtlebot4_msgs/lib/libturtlebot4_msgs__rosidl_typesupport_fastrtps_cpp.so
[1.392s] -- Up-to-date: /home/recoomputer/benytb4_ws/install/turtlebot4_msgs/lib/libturtlebot4_msgs__rosidl_typesupport_introspection_cpp.so
[1.394s] -- Up-to-date: /home/recoomputer/benytb4_ws/install/turtlebot4_msgs/lib/libturtlebot4_msgs__rosidl_typesupport_cpp.so
[1.508s] Listing '/home/recoomputer/benytb4_ws/install/turtlebot4_msgs/local/lib/python3.10/dist-packages/turtlebot4_msgs'...
[1.509s] Listing '/home/recoomputer/benytb4_ws/install/turtlebot4_msgs/local/lib/python3.10/dist-packages/turtlebot4_msgs/msg'...
[1.532s] -- Up-to-date: /home/recoomputer/benytb4_ws/install/turtlebot4_msgs/lib/libturtlebot4_msgs__rosidl_generator_py.so
[1.532s] -- Up-to-date: /home/recoomputer/benytb4_ws/install/turtlebot4_msgs/share/turtlebot4_msgs/cmake/export_turtlebot4_msgs__rosidl_generator_cExport.cmake
[1.533s] -- Up-to-date: /home/recoomputer/benytb4_ws/install/turtlebot4_msgs/share/turtlebot4_msgs/cmake/export_turtlebot4_msgs__rosidl_generator_cExport-noconfig.cmake
[1.534s] -- Up-to-date: /home/recoomputer/benytb4_ws/install/turtlebot4_msgs/share/turtlebot4_msgs/cmake/export_turtlebot4_msgs__rosidl_typesupport_fastrtps_cExport.cmake
[1.534s] -- Up-to-date: /home/recoomputer/benytb4_ws/install/turtlebot4_msgs/share/turtlebot4_msgs/cmake/export_turtlebot4_msgs__rosidl_typesupport_fastrtps_cExport-noconfig.cmake
[1.534s] -- Up-to-date: /home/recoomputer/benytb4_ws/install/turtlebot4_msgs/share/turtlebot4_msgs/cmake/turtlebot4_msgs__rosidl_typesupport_introspection_cExport.cmake
[1.534s] -- Up-to-date: /home/recoomputer/benytb4_ws/install/turtlebot4_msgs/share/turtlebot4_msgs/cmake/turtlebot4_msgs__rosidl_typesupport_introspection_cExport-noconfig.cmake
[1.534s] -- Up-to-date: /home/recoomputer/benytb4_ws/install/turtlebot4_msgs/share/turtlebot4_msgs/cmake/turtlebot4_msgs__rosidl_typesupport_cExport.cmake
[1.535s] -- Up-to-date: /home/recoomputer/benytb4_ws/install/turtlebot4_msgs/share/turtlebot4_msgs/cmake/turtlebot4_msgs__rosidl_typesupport_cExport-noconfig.cmake
[1.535s] -- Up-to-date: /home/recoomputer/benytb4_ws/install/turtlebot4_msgs/share/turtlebot4_msgs/cmake/export_turtlebot4_msgs__rosidl_generator_cppExport.cmake
[1.535s] -- Up-to-date: /home/recoomputer/benytb4_ws/install/turtlebot4_msgs/share/turtlebot4_msgs/cmake/export_turtlebot4_msgs__rosidl_typesupport_fastrtps_cppExport.cmake
[1.535s] -- Up-to-date: /home/recoomputer/benytb4_ws/install/turtlebot4_msgs/share/turtlebot4_msgs/cmake/export_turtlebot4_msgs__rosidl_typesupport_fastrtps_cppExport-noconfig.cmake
[1.538s] -- Up-to-date: /home/recoomputer/benytb4_ws/install/turtlebot4_msgs/share/turtlebot4_msgs/cmake/turtlebot4_msgs__rosidl_typesupport_introspection_cppExport.cmake
[1.538s] -- Up-to-date: /home/recoomputer/benytb4_ws/install/turtlebot4_msgs/share/turtlebot4_msgs/cmake/turtlebot4_msgs__rosidl_typesupport_introspection_cppExport-noconfig.cmake
[1.538s] -- Up-to-date: /home/recoomputer/benytb4_ws/install/turtlebot4_msgs/share/turtlebot4_msgs/cmake/turtlebot4_msgs__rosidl_typesupport_cppExport.cmake
[1.539s] -- Up-to-date: /home/recoomputer/benytb4_ws/install/turtlebot4_msgs/share/turtlebot4_msgs/cmake/turtlebot4_msgs__rosidl_typesupport_cppExport-noconfig.cmake
[1.539s] -- Up-to-date: /home/recoomputer/benytb4_ws/install/turtlebot4_msgs/share/turtlebot4_msgs/cmake/export_turtlebot4_msgs__rosidl_generator_pyExport.cmake
[1.539s] -- Up-to-date: /home/recoomputer/benytb4_ws/install/turtlebot4_msgs/share/turtlebot4_msgs/cmake/export_turtlebot4_msgs__rosidl_generator_pyExport-noconfig.cmake
[1.563s] Invoked command in '/home/recoomputer/benytb4_ws/build/turtlebot4_msgs' returned '0': CMAKE_PREFIX_PATH=${CMAKE_PREFIX_PATH}:/home/recoomputer/benytb4_ws/install/turtlebot4_tests:/home/recoomputer/benytb4_ws/install/pose_navigator:/home/recoomputer/benytb4_ws/install/turtlebot4_diagnostics:/opt/ros/humble /usr/bin/cmake --install /home/recoomputer/benytb4_ws/build/turtlebot4_msgs
