[0.069s] Invoking command in '/home/recoomputer/benytb4_ws/build/turtlebot4_msgs': CMAKE_PREFIX_PATH=${CMAKE_PREFIX_PATH}:/home/recoomputer/benytb4_ws/install/turtlebot4_tests:/home/recoomputer/benytb4_ws/install/pose_navigator:/home/recoomputer/benytb4_ws/install/turtlebot4_diagnostics:/opt/ros/humble /usr/bin/cmake --build /home/recoomputer/benytb4_ws/build/turtlebot4_msgs -- -j8 -l8
[0.694s] [  2%] Built target turtlebot4_msgs__cpp
[0.694s] [ 12%] Built target turtlebot4_msgs__rosidl_generator_c
[0.695s] [ 12%] Built target ament_cmake_python_symlink_turtlebot4_msgs
[0.695s] [ 23%] Built target turtlebot4_msgs__rosidl_typesupport_fastrtps_cpp
[0.695s] [ 44%] Built target turtlebot4_msgs__rosidl_typesupport_introspection_cpp
[0.695s] [ 44%] Built target turtlebot4_msgs__rosidl_typesupport_c
[0.695s] [ 55%] Built target turtlebot4_msgs__rosidl_typesupport_fastrtps_c
[0.695s] [ 65%] Built target turtlebot4_msgs__rosidl_typesupport_cpp
[0.695s] [ 76%] Built target turtlebot4_msgs__rosidl_typesupport_introspection_c
[0.696s] [ 76%] Built target turtlebot4_msgs
[0.696s] [ 78%] Built target turtlebot4_msgs__py
[0.696s] [ 87%] Built target turtlebot4_msgs__rosidl_generator_py
[0.696s] [ 91%] Built target turtlebot4_msgs__rosidl_typesupport_c__pyext
[0.696s] [ 95%] Built target turtlebot4_msgs__rosidl_typesupport_fastrtps_c__pyext
[0.696s] [100%] Built target turtlebot4_msgs__rosidl_typesupport_introspection_c__pyext
[0.731s] running egg_info
[0.734s] writing turtlebot4_msgs.egg-info/PKG-INFO
[0.738s] writing dependency_links to turtlebot4_msgs.egg-info/dependency_links.txt
[0.738s] writing top-level names to turtlebot4_msgs.egg-info/top_level.txt
[0.744s] reading manifest file 'turtlebot4_msgs.egg-info/SOURCES.txt'
[0.747s] writing manifest file 'turtlebot4_msgs.egg-info/SOURCES.txt'
[0.860s] [100%] Built target ament_cmake_python_build_turtlebot4_msgs_egg
[0.891s] Invoked command in '/home/recoomputer/benytb4_ws/build/turtlebot4_msgs' returned '0': CMAKE_PREFIX_PATH=${CMAKE_PREFIX_PATH}:/home/recoomputer/benytb4_ws/install/turtlebot4_tests:/home/recoomputer/benytb4_ws/install/pose_navigator:/home/recoomputer/benytb4_ws/install/turtlebot4_diagnostics:/opt/ros/humble /usr/bin/cmake --build /home/recoomputer/benytb4_ws/build/turtlebot4_msgs -- -j8 -l8
[0.892s] Invoking command in '/home/recoomputer/benytb4_ws/build/turtlebot4_msgs': CMAKE_PREFIX_PATH=${CMAKE_PREFIX_PATH}:/home/recoomputer/benytb4_ws/install/turtlebot4_tests:/home/recoomputer/benytb4_ws/install/pose_navigator:/home/recoomputer/benytb4_ws/install/turtlebot4_diagnostics:/opt/ros/humble /usr/bin/cmake --install /home/recoomputer/benytb4_ws/build/turtlebot4_msgs
[0.906s] -- Install configuration: ""
[0.906s] -- Execute custom install script
[0.907s] -- Up-to-date symlink: /home/recoomputer/benytb4_ws/install/turtlebot4_msgs/share/ament_index/resource_index/rosidl_interfaces/turtlebot4_msgs
[0.907s] -- Up-to-date symlink: /home/recoomputer/benytb4_ws/install/turtlebot4_msgs/include/turtlebot4_msgs/turtlebot4_msgs/msg/detail/user_button__functions.h
[0.908s] -- Up-to-date symlink: /home/recoomputer/benytb4_ws/install/turtlebot4_msgs/include/turtlebot4_msgs/turtlebot4_msgs/msg/detail/user_button__struct.h
[0.908s] -- Up-to-date symlink: /home/recoomputer/benytb4_ws/install/turtlebot4_msgs/include/turtlebot4_msgs/turtlebot4_msgs/msg/detail/user_button__type_support.h
[0.908s] -- Up-to-date symlink: /home/recoomputer/benytb4_ws/install/turtlebot4_msgs/include/turtlebot4_msgs/turtlebot4_msgs/msg/detail/user_display__functions.h
[0.908s] -- Up-to-date symlink: /home/recoomputer/benytb4_ws/install/turtlebot4_msgs/include/turtlebot4_msgs/turtlebot4_msgs/msg/detail/user_display__struct.h
[0.908s] -- Up-to-date symlink: /home/recoomputer/benytb4_ws/install/turtlebot4_msgs/include/turtlebot4_msgs/turtlebot4_msgs/msg/detail/user_display__type_support.h
[0.909s] -- Up-to-date symlink: /home/recoomputer/benytb4_ws/install/turtlebot4_msgs/include/turtlebot4_msgs/turtlebot4_msgs/msg/detail/user_led__functions.h
[0.909s] -- Up-to-date symlink: /home/recoomputer/benytb4_ws/install/turtlebot4_msgs/include/turtlebot4_msgs/turtlebot4_msgs/msg/detail/user_led__struct.h
[0.910s] -- Up-to-date symlink: /home/recoomputer/benytb4_ws/install/turtlebot4_msgs/include/turtlebot4_msgs/turtlebot4_msgs/msg/detail/user_led__type_support.h
[0.914s] -- Up-to-date symlink: /home/recoomputer/benytb4_ws/install/turtlebot4_msgs/include/turtlebot4_msgs/turtlebot4_msgs/msg/rosidl_generator_c__visibility_control.h
[0.914s] -- Up-to-date symlink: /home/recoomputer/benytb4_ws/install/turtlebot4_msgs/include/turtlebot4_msgs/turtlebot4_msgs/msg/user_button.h
[0.914s] -- Up-to-date symlink: /home/recoomputer/benytb4_ws/install/turtlebot4_msgs/include/turtlebot4_msgs/turtlebot4_msgs/msg/user_display.h
[0.915s] -- Up-to-date symlink: /home/recoomputer/benytb4_ws/install/turtlebot4_msgs/include/turtlebot4_msgs/turtlebot4_msgs/msg/user_led.h
[0.915s] -- Up-to-date symlink: /home/recoomputer/benytb4_ws/install/turtlebot4_msgs/share/turtlebot4_msgs/environment/library_path.sh
[0.915s] -- Up-to-date symlink: /home/recoomputer/benytb4_ws/install/turtlebot4_msgs/share/turtlebot4_msgs/environment/library_path.dsv
[0.916s] -- Up-to-date symlink: /home/recoomputer/benytb4_ws/install/turtlebot4_msgs/include/turtlebot4_msgs/turtlebot4_msgs/msg/detail/user_button__rosidl_typesupport_fastrtps_c.h
[0.916s] -- Up-to-date symlink: /home/recoomputer/benytb4_ws/install/turtlebot4_msgs/include/turtlebot4_msgs/turtlebot4_msgs/msg/detail/user_display__rosidl_typesupport_fastrtps_c.h
[0.918s] -- Up-to-date symlink: /home/recoomputer/benytb4_ws/install/turtlebot4_msgs/include/turtlebot4_msgs/turtlebot4_msgs/msg/detail/user_led__rosidl_typesupport_fastrtps_c.h
[0.918s] -- Up-to-date symlink: /home/recoomputer/benytb4_ws/install/turtlebot4_msgs/include/turtlebot4_msgs/turtlebot4_msgs/msg/rosidl_typesupport_fastrtps_c__visibility_control.h
[0.919s] -- Up-to-date symlink: /home/recoomputer/benytb4_ws/install/turtlebot4_msgs/include/turtlebot4_msgs/turtlebot4_msgs/msg/detail/user_button__rosidl_typesupport_introspection_c.h
[0.919s] -- Up-to-date symlink: /home/recoomputer/benytb4_ws/install/turtlebot4_msgs/include/turtlebot4_msgs/turtlebot4_msgs/msg/detail/user_display__rosidl_typesupport_introspection_c.h
[0.919s] -- Up-to-date symlink: /home/recoomputer/benytb4_ws/install/turtlebot4_msgs/include/turtlebot4_msgs/turtlebot4_msgs/msg/detail/user_led__rosidl_typesupport_introspection_c.h
[0.919s] -- Up-to-date symlink: /home/recoomputer/benytb4_ws/install/turtlebot4_msgs/include/turtlebot4_msgs/turtlebot4_msgs/msg/rosidl_typesupport_introspection_c__visibility_control.h
[0.919s] -- Up-to-date symlink: /home/recoomputer/benytb4_ws/install/turtlebot4_msgs/include/turtlebot4_msgs/turtlebot4_msgs/msg/detail/user_button__builder.hpp
[0.920s] -- Up-to-date symlink: /home/recoomputer/benytb4_ws/install/turtlebot4_msgs/include/turtlebot4_msgs/turtlebot4_msgs/msg/detail/user_button__struct.hpp
[0.921s] -- Up-to-date symlink: /home/recoomputer/benytb4_ws/install/turtlebot4_msgs/include/turtlebot4_msgs/turtlebot4_msgs/msg/detail/user_button__traits.hpp
[0.923s] -- Up-to-date symlink: /home/recoomputer/benytb4_ws/install/turtlebot4_msgs/include/turtlebot4_msgs/turtlebot4_msgs/msg/detail/user_button__type_support.hpp
[0.924s] -- Up-to-date symlink: /home/recoomputer/benytb4_ws/install/turtlebot4_msgs/include/turtlebot4_msgs/turtlebot4_msgs/msg/detail/user_display__builder.hpp
[0.924s] -- Up-to-date symlink: /home/recoomputer/benytb4_ws/install/turtlebot4_msgs/include/turtlebot4_msgs/turtlebot4_msgs/msg/detail/user_display__struct.hpp
[0.925s] -- Up-to-date symlink: /home/recoomputer/benytb4_ws/install/turtlebot4_msgs/include/turtlebot4_msgs/turtlebot4_msgs/msg/detail/user_display__traits.hpp
[0.925s] -- Up-to-date symlink: /home/recoomputer/benytb4_ws/install/turtlebot4_msgs/include/turtlebot4_msgs/turtlebot4_msgs/msg/detail/user_display__type_support.hpp
[0.926s] -- Up-to-date symlink: /home/recoomputer/benytb4_ws/install/turtlebot4_msgs/include/turtlebot4_msgs/turtlebot4_msgs/msg/detail/user_led__builder.hpp
[0.927s] -- Up-to-date symlink: /home/recoomputer/benytb4_ws/install/turtlebot4_msgs/include/turtlebot4_msgs/turtlebot4_msgs/msg/detail/user_led__struct.hpp
[0.927s] -- Up-to-date symlink: /home/recoomputer/benytb4_ws/install/turtlebot4_msgs/include/turtlebot4_msgs/turtlebot4_msgs/msg/detail/user_led__traits.hpp
[0.927s] -- Up-to-date symlink: /home/recoomputer/benytb4_ws/install/turtlebot4_msgs/include/turtlebot4_msgs/turtlebot4_msgs/msg/detail/user_led__type_support.hpp
[0.927s] -- Up-to-date symlink: /home/recoomputer/benytb4_ws/install/turtlebot4_msgs/include/turtlebot4_msgs/turtlebot4_msgs/msg/rosidl_generator_cpp__visibility_control.hpp
[0.927s] -- Up-to-date symlink: /home/recoomputer/benytb4_ws/install/turtlebot4_msgs/include/turtlebot4_msgs/turtlebot4_msgs/msg/user_button.hpp
[0.928s] -- Up-to-date symlink: /home/recoomputer/benytb4_ws/install/turtlebot4_msgs/include/turtlebot4_msgs/turtlebot4_msgs/msg/user_display.hpp
[0.928s] -- Up-to-date symlink: /home/recoomputer/benytb4_ws/install/turtlebot4_msgs/include/turtlebot4_msgs/turtlebot4_msgs/msg/user_led.hpp
[0.928s] -- Up-to-date symlink: /home/recoomputer/benytb4_ws/install/turtlebot4_msgs/include/turtlebot4_msgs/turtlebot4_msgs/msg/detail/user_button__rosidl_typesupport_fastrtps_cpp.hpp
[0.928s] -- Up-to-date symlink: /home/recoomputer/benytb4_ws/install/turtlebot4_msgs/include/turtlebot4_msgs/turtlebot4_msgs/msg/detail/user_display__rosidl_typesupport_fastrtps_cpp.hpp
[0.928s] -- Up-to-date symlink: /home/recoomputer/benytb4_ws/install/turtlebot4_msgs/include/turtlebot4_msgs/turtlebot4_msgs/msg/detail/user_led__rosidl_typesupport_fastrtps_cpp.hpp
[0.928s] -- Up-to-date symlink: /home/recoomputer/benytb4_ws/install/turtlebot4_msgs/include/turtlebot4_msgs/turtlebot4_msgs/msg/rosidl_typesupport_fastrtps_cpp__visibility_control.h
[0.928s] -- Up-to-date symlink: /home/recoomputer/benytb4_ws/install/turtlebot4_msgs/include/turtlebot4_msgs/turtlebot4_msgs/msg/detail/user_button__rosidl_typesupport_introspection_cpp.hpp
[0.928s] -- Up-to-date symlink: /home/recoomputer/benytb4_ws/install/turtlebot4_msgs/include/turtlebot4_msgs/turtlebot4_msgs/msg/detail/user_display__rosidl_typesupport_introspection_cpp.hpp
[0.929s] -- Up-to-date symlink: /home/recoomputer/benytb4_ws/install/turtlebot4_msgs/include/turtlebot4_msgs/turtlebot4_msgs/msg/detail/user_led__rosidl_typesupport_introspection_cpp.hpp
[0.929s] -- Up-to-date symlink: /home/recoomputer/benytb4_ws/install/turtlebot4_msgs/share/turtlebot4_msgs/environment/pythonpath.sh
[0.929s] -- Up-to-date symlink: /home/recoomputer/benytb4_ws/install/turtlebot4_msgs/share/turtlebot4_msgs/environment/pythonpath.dsv
[0.929s] -- Up-to-date symlink: /home/recoomputer/benytb4_ws/install/turtlebot4_msgs/local/lib/python3.10/dist-packages/turtlebot4_msgs-1.0.5-py3.10.egg-info/PKG-INFO
[0.929s] -- Up-to-date symlink: /home/recoomputer/benytb4_ws/install/turtlebot4_msgs/local/lib/python3.10/dist-packages/turtlebot4_msgs-1.0.5-py3.10.egg-info/SOURCES.txt
[0.929s] -- Up-to-date symlink: /home/recoomputer/benytb4_ws/install/turtlebot4_msgs/local/lib/python3.10/dist-packages/turtlebot4_msgs-1.0.5-py3.10.egg-info/dependency_links.txt
[0.929s] -- Up-to-date symlink: /home/recoomputer/benytb4_ws/install/turtlebot4_msgs/local/lib/python3.10/dist-packages/turtlebot4_msgs-1.0.5-py3.10.egg-info/top_level.txt
[0.929s] -- Up-to-date symlink: /home/recoomputer/benytb4_ws/install/turtlebot4_msgs/local/lib/python3.10/dist-packages/turtlebot4_msgs/__init__.py
[0.929s] -- Up-to-date symlink: /home/recoomputer/benytb4_ws/install/turtlebot4_msgs/local/lib/python3.10/dist-packages/turtlebot4_msgs/_turtlebot4_msgs_s.ep.rosidl_typesupport_c.c
[0.930s] -- Up-to-date symlink: /home/recoomputer/benytb4_ws/install/turtlebot4_msgs/local/lib/python3.10/dist-packages/turtlebot4_msgs/_turtlebot4_msgs_s.ep.rosidl_typesupport_fastrtps_c.c
[0.930s] -- Up-to-date symlink: /home/recoomputer/benytb4_ws/install/turtlebot4_msgs/local/lib/python3.10/dist-packages/turtlebot4_msgs/_turtlebot4_msgs_s.ep.rosidl_typesupport_introspection_c.c
[0.931s] -- Up-to-date symlink: /home/recoomputer/benytb4_ws/install/turtlebot4_msgs/local/lib/python3.10/dist-packages/turtlebot4_msgs/libturtlebot4_msgs__rosidl_generator_py.so
[0.931s] -- Up-to-date symlink: /home/recoomputer/benytb4_ws/install/turtlebot4_msgs/local/lib/python3.10/dist-packages/turtlebot4_msgs/msg/__init__.py
[0.932s] -- Up-to-date symlink: /home/recoomputer/benytb4_ws/install/turtlebot4_msgs/local/lib/python3.10/dist-packages/turtlebot4_msgs/msg/_user_button.py
[0.932s] -- Up-to-date symlink: /home/recoomputer/benytb4_ws/install/turtlebot4_msgs/local/lib/python3.10/dist-packages/turtlebot4_msgs/msg/_user_button_s.c
[0.933s] -- Up-to-date symlink: /home/recoomputer/benytb4_ws/install/turtlebot4_msgs/local/lib/python3.10/dist-packages/turtlebot4_msgs/msg/_user_display.py
[0.933s] -- Up-to-date symlink: /home/recoomputer/benytb4_ws/install/turtlebot4_msgs/local/lib/python3.10/dist-packages/turtlebot4_msgs/msg/_user_display_s.c
[0.933s] -- Up-to-date symlink: /home/recoomputer/benytb4_ws/install/turtlebot4_msgs/local/lib/python3.10/dist-packages/turtlebot4_msgs/msg/_user_led.py
[0.934s] -- Up-to-date symlink: /home/recoomputer/benytb4_ws/install/turtlebot4_msgs/local/lib/python3.10/dist-packages/turtlebot4_msgs/msg/_user_led_s.c
[0.934s] -- Up-to-date symlink: /home/recoomputer/benytb4_ws/install/turtlebot4_msgs/local/lib/python3.10/dist-packages/turtlebot4_msgs/turtlebot4_msgs_s__rosidl_typesupport_c.cpython-310-aarch64-linux-gnu.so
[0.934s] -- Up-to-date symlink: /home/recoomputer/benytb4_ws/install/turtlebot4_msgs/local/lib/python3.10/dist-packages/turtlebot4_msgs/turtlebot4_msgs_s__rosidl_typesupport_fastrtps_c.cpython-310-aarch64-linux-gnu.so
[0.935s] -- Up-to-date symlink: /home/recoomputer/benytb4_ws/install/turtlebot4_msgs/local/lib/python3.10/dist-packages/turtlebot4_msgs/turtlebot4_msgs_s__rosidl_typesupport_introspection_c.cpython-310-aarch64-linux-gnu.so
[0.937s] -- Up-to-date symlink: /home/recoomputer/benytb4_ws/install/turtlebot4_msgs/local/lib/python3.10/dist-packages/turtlebot4_msgs/turtlebot4_msgs_s__rosidl_typesupport_fastrtps_c.cpython-310-aarch64-linux-gnu.so
[0.937s] -- Up-to-date symlink: /home/recoomputer/benytb4_ws/install/turtlebot4_msgs/local/lib/python3.10/dist-packages/turtlebot4_msgs/turtlebot4_msgs_s__rosidl_typesupport_introspection_c.cpython-310-aarch64-linux-gnu.so
[0.937s] -- Up-to-date symlink: /home/recoomputer/benytb4_ws/install/turtlebot4_msgs/local/lib/python3.10/dist-packages/turtlebot4_msgs/turtlebot4_msgs_s__rosidl_typesupport_c.cpython-310-aarch64-linux-gnu.so
[0.937s] -- Up-to-date symlink: /home/recoomputer/benytb4_ws/install/turtlebot4_msgs/share/turtlebot4_msgs/msg/UserLed.idl
[0.938s] -- Up-to-date symlink: /home/recoomputer/benytb4_ws/install/turtlebot4_msgs/share/turtlebot4_msgs/msg/UserButton.idl
[0.938s] -- Up-to-date symlink: /home/recoomputer/benytb4_ws/install/turtlebot4_msgs/share/turtlebot4_msgs/msg/UserDisplay.idl
[0.938s] -- Up-to-date symlink: /home/recoomputer/benytb4_ws/install/turtlebot4_msgs/share/turtlebot4_msgs/msg/UserLed.msg
[0.938s] -- Up-to-date symlink: /home/recoomputer/benytb4_ws/install/turtlebot4_msgs/share/turtlebot4_msgs/msg/UserButton.msg
[0.939s] -- Up-to-date symlink: /home/recoomputer/benytb4_ws/install/turtlebot4_msgs/share/turtlebot4_msgs/msg/UserDisplay.msg
[0.939s] -- Up-to-date symlink: /home/recoomputer/benytb4_ws/install/turtlebot4_msgs/share/ament_index/resource_index/package_run_dependencies/turtlebot4_msgs
[0.939s] -- Up-to-date symlink: /home/recoomputer/benytb4_ws/install/turtlebot4_msgs/share/ament_index/resource_index/parent_prefix_path/turtlebot4_msgs
[0.939s] -- Up-to-date symlink: /home/recoomputer/benytb4_ws/install/turtlebot4_msgs/share/turtlebot4_msgs/environment/ament_prefix_path.sh
[0.939s] -- Up-to-date symlink: /home/recoomputer/benytb4_ws/install/turtlebot4_msgs/share/turtlebot4_msgs/environment/ament_prefix_path.dsv
[0.939s] -- Up-to-date symlink: /home/recoomputer/benytb4_ws/install/turtlebot4_msgs/share/turtlebot4_msgs/environment/path.sh
[0.939s] -- Up-to-date symlink: /home/recoomputer/benytb4_ws/install/turtlebot4_msgs/share/turtlebot4_msgs/environment/path.dsv
[0.939s] -- Up-to-date symlink: /home/recoomputer/benytb4_ws/install/turtlebot4_msgs/share/turtlebot4_msgs/local_setup.bash
[0.939s] -- Up-to-date symlink: /home/recoomputer/benytb4_ws/install/turtlebot4_msgs/share/turtlebot4_msgs/local_setup.sh
[0.940s] -- Up-to-date symlink: /home/recoomputer/benytb4_ws/install/turtlebot4_msgs/share/turtlebot4_msgs/local_setup.zsh
[0.940s] -- Up-to-date symlink: /home/recoomputer/benytb4_ws/install/turtlebot4_msgs/share/turtlebot4_msgs/local_setup.dsv
[0.940s] -- Symlinking: /home/recoomputer/benytb4_ws/install/turtlebot4_msgs/share/turtlebot4_msgs/package.dsv
[0.958s] -- Up-to-date symlink: /home/recoomputer/benytb4_ws/install/turtlebot4_msgs/share/ament_index/resource_index/packages/turtlebot4_msgs
[0.958s] -- Up-to-date symlink: /home/recoomputer/benytb4_ws/install/turtlebot4_msgs/share/turtlebot4_msgs/cmake/rosidl_cmake-extras.cmake
[0.959s] -- Up-to-date symlink: /home/recoomputer/benytb4_ws/install/turtlebot4_msgs/share/turtlebot4_msgs/cmake/ament_cmake_export_include_directories-extras.cmake
[0.959s] -- Up-to-date symlink: /home/recoomputer/benytb4_ws/install/turtlebot4_msgs/share/turtlebot4_msgs/cmake/ament_cmake_export_libraries-extras.cmake
[0.960s] -- Up-to-date symlink: /home/recoomputer/benytb4_ws/install/turtlebot4_msgs/share/turtlebot4_msgs/cmake/ament_cmake_export_targets-extras.cmake
[0.960s] -- Up-to-date symlink: /home/recoomputer/benytb4_ws/install/turtlebot4_msgs/share/turtlebot4_msgs/cmake/rosidl_cmake_export_typesupport_targets-extras.cmake
[0.962s] -- Up-to-date symlink: /home/recoomputer/benytb4_ws/install/turtlebot4_msgs/share/turtlebot4_msgs/cmake/ament_cmake_export_dependencies-extras.cmake
[0.962s] -- Up-to-date symlink: /home/recoomputer/benytb4_ws/install/turtlebot4_msgs/share/turtlebot4_msgs/cmake/rosidl_cmake_export_typesupport_libraries-extras.cmake
[0.967s] -- Up-to-date symlink: /home/recoomputer/benytb4_ws/install/turtlebot4_msgs/share/turtlebot4_msgs/cmake/turtlebot4_msgsConfig.cmake
[0.969s] -- Up-to-date symlink: /home/recoomputer/benytb4_ws/install/turtlebot4_msgs/share/turtlebot4_msgs/cmake/turtlebot4_msgsConfig-version.cmake
[0.969s] -- Up-to-date symlink: /home/recoomputer/benytb4_ws/install/turtlebot4_msgs/share/turtlebot4_msgs/package.xml
[0.969s] -- Up-to-date: /home/recoomputer/benytb4_ws/install/turtlebot4_msgs/lib/libturtlebot4_msgs__rosidl_generator_c.so
[0.969s] -- Up-to-date: /home/recoomputer/benytb4_ws/install/turtlebot4_msgs/lib/libturtlebot4_msgs__rosidl_typesupport_fastrtps_c.so
[0.970s] -- Up-to-date: /home/recoomputer/benytb4_ws/install/turtlebot4_msgs/lib/libturtlebot4_msgs__rosidl_typesupport_introspection_c.so
[0.970s] -- Up-to-date: /home/recoomputer/benytb4_ws/install/turtlebot4_msgs/lib/libturtlebot4_msgs__rosidl_typesupport_c.so
[0.971s] -- Up-to-date: /home/recoomputer/benytb4_ws/install/turtlebot4_msgs/lib/libturtlebot4_msgs__rosidl_typesupport_fastrtps_cpp.so
[0.971s] -- Up-to-date: /home/recoomputer/benytb4_ws/install/turtlebot4_msgs/lib/libturtlebot4_msgs__rosidl_typesupport_introspection_cpp.so
[0.971s] -- Up-to-date: /home/recoomputer/benytb4_ws/install/turtlebot4_msgs/lib/libturtlebot4_msgs__rosidl_typesupport_cpp.so
[1.034s] Listing '/home/recoomputer/benytb4_ws/install/turtlebot4_msgs/local/lib/python3.10/dist-packages/turtlebot4_msgs'...
[1.035s] Listing '/home/recoomputer/benytb4_ws/install/turtlebot4_msgs/local/lib/python3.10/dist-packages/turtlebot4_msgs/msg'...
[1.046s] -- Up-to-date: /home/recoomputer/benytb4_ws/install/turtlebot4_msgs/lib/libturtlebot4_msgs__rosidl_generator_py.so
[1.050s] -- Up-to-date: /home/recoomputer/benytb4_ws/install/turtlebot4_msgs/share/turtlebot4_msgs/cmake/export_turtlebot4_msgs__rosidl_generator_cExport.cmake
[1.052s] -- Up-to-date: /home/recoomputer/benytb4_ws/install/turtlebot4_msgs/share/turtlebot4_msgs/cmake/export_turtlebot4_msgs__rosidl_generator_cExport-noconfig.cmake
[1.052s] -- Up-to-date: /home/recoomputer/benytb4_ws/install/turtlebot4_msgs/share/turtlebot4_msgs/cmake/export_turtlebot4_msgs__rosidl_typesupport_fastrtps_cExport.cmake
[1.059s] -- Up-to-date: /home/recoomputer/benytb4_ws/install/turtlebot4_msgs/share/turtlebot4_msgs/cmake/export_turtlebot4_msgs__rosidl_typesupport_fastrtps_cExport-noconfig.cmake
[1.060s] -- Up-to-date: /home/recoomputer/benytb4_ws/install/turtlebot4_msgs/share/turtlebot4_msgs/cmake/turtlebot4_msgs__rosidl_typesupport_introspection_cExport.cmake
[1.060s] -- Up-to-date: /home/recoomputer/benytb4_ws/install/turtlebot4_msgs/share/turtlebot4_msgs/cmake/turtlebot4_msgs__rosidl_typesupport_introspection_cExport-noconfig.cmake
[1.060s] -- Up-to-date: /home/recoomputer/benytb4_ws/install/turtlebot4_msgs/share/turtlebot4_msgs/cmake/turtlebot4_msgs__rosidl_typesupport_cExport.cmake
[1.060s] -- Up-to-date: /home/recoomputer/benytb4_ws/install/turtlebot4_msgs/share/turtlebot4_msgs/cmake/turtlebot4_msgs__rosidl_typesupport_cExport-noconfig.cmake
[1.061s] -- Up-to-date: /home/recoomputer/benytb4_ws/install/turtlebot4_msgs/share/turtlebot4_msgs/cmake/export_turtlebot4_msgs__rosidl_generator_cppExport.cmake
[1.061s] -- Up-to-date: /home/recoomputer/benytb4_ws/install/turtlebot4_msgs/share/turtlebot4_msgs/cmake/export_turtlebot4_msgs__rosidl_typesupport_fastrtps_cppExport.cmake
[1.062s] -- Up-to-date: /home/recoomputer/benytb4_ws/install/turtlebot4_msgs/share/turtlebot4_msgs/cmake/export_turtlebot4_msgs__rosidl_typesupport_fastrtps_cppExport-noconfig.cmake
[1.062s] -- Up-to-date: /home/recoomputer/benytb4_ws/install/turtlebot4_msgs/share/turtlebot4_msgs/cmake/turtlebot4_msgs__rosidl_typesupport_introspection_cppExport.cmake
[1.062s] -- Up-to-date: /home/recoomputer/benytb4_ws/install/turtlebot4_msgs/share/turtlebot4_msgs/cmake/turtlebot4_msgs__rosidl_typesupport_introspection_cppExport-noconfig.cmake
[1.062s] -- Up-to-date: /home/recoomputer/benytb4_ws/install/turtlebot4_msgs/share/turtlebot4_msgs/cmake/turtlebot4_msgs__rosidl_typesupport_cppExport.cmake
[1.063s] -- Up-to-date: /home/recoomputer/benytb4_ws/install/turtlebot4_msgs/share/turtlebot4_msgs/cmake/turtlebot4_msgs__rosidl_typesupport_cppExport-noconfig.cmake
[1.063s] -- Up-to-date: /home/recoomputer/benytb4_ws/install/turtlebot4_msgs/share/turtlebot4_msgs/cmake/export_turtlebot4_msgs__rosidl_generator_pyExport.cmake
[1.064s] -- Up-to-date: /home/recoomputer/benytb4_ws/install/turtlebot4_msgs/share/turtlebot4_msgs/cmake/export_turtlebot4_msgs__rosidl_generator_pyExport-noconfig.cmake
[1.064s] Invoked command in '/home/recoomputer/benytb4_ws/build/turtlebot4_msgs' returned '0': CMAKE_PREFIX_PATH=${CMAKE_PREFIX_PATH}:/home/recoomputer/benytb4_ws/install/turtlebot4_tests:/home/recoomputer/benytb4_ws/install/pose_navigator:/home/recoomputer/benytb4_ws/install/turtlebot4_diagnostics:/opt/ros/humble /usr/bin/cmake --install /home/recoomputer/benytb4_ws/build/turtlebot4_msgs
