[0.822s] Invoking command in '/home/recoomputer/benytb4_ws/build/map_publisher': CMAKE_PREFIX_PATH=${CMAKE_PREFIX_PATH}:/home/recoomputer/benytb4_ws/install/turtlebot4_tests:/home/recoomputer/benytb4_ws/install/pose_navigator:/home/recoomputer/benytb4_ws/install/turtlebot4_diagnostics:/opt/ros/humble /usr/bin/cmake --build /home/recoomputer/benytb4_ws/build/map_publisher -- -j8 -l8
[0.998s] [100%] Built target map_publisher_node
[1.210s] Invoked command in '/home/recoomputer/benytb4_ws/build/map_publisher' returned '0': CMAKE_PREFIX_PATH=${CMAKE_PREFIX_PATH}:/home/recoomputer/benytb4_ws/install/turtlebot4_tests:/home/recoomputer/benytb4_ws/install/pose_navigator:/home/recoomputer/benytb4_ws/install/turtlebot4_diagnostics:/opt/ros/humble /usr/bin/cmake --build /home/recoomputer/benytb4_ws/build/map_publisher -- -j8 -l8
[1.217s] Invoking command in '/home/recoomputer/benytb4_ws/build/map_publisher': CMAKE_PREFIX_PATH=${CMAKE_PREFIX_PATH}:/home/recoomputer/benytb4_ws/install/turtlebot4_tests:/home/recoomputer/benytb4_ws/install/pose_navigator:/home/recoomputer/benytb4_ws/install/turtlebot4_diagnostics:/opt/ros/humble /usr/bin/cmake --install /home/recoomputer/benytb4_ws/build/map_publisher
[1.253s] -- Install configuration: ""
[1.255s] -- Execute custom install script
[1.264s] -- Up-to-date symlink: /home/recoomputer/benytb4_ws/install/map_publisher/lib/map_publisher/map_publisher_node
[1.271s] -- Up-to-date symlink: /home/recoomputer/benytb4_ws/install/map_publisher/share/ament_index/resource_index/package_run_dependencies/map_publisher
[1.302s] -- Up-to-date symlink: /home/recoomputer/benytb4_ws/install/map_publisher/share/ament_index/resource_index/parent_prefix_path/map_publisher
[1.303s] -- Up-to-date symlink: /home/recoomputer/benytb4_ws/install/map_publisher/share/map_publisher/environment/ament_prefix_path.sh
[1.304s] -- Up-to-date symlink: /home/recoomputer/benytb4_ws/install/map_publisher/share/map_publisher/environment/ament_prefix_path.dsv
[1.304s] -- Up-to-date symlink: /home/recoomputer/benytb4_ws/install/map_publisher/share/map_publisher/environment/path.sh
[1.304s] -- Up-to-date symlink: /home/recoomputer/benytb4_ws/install/map_publisher/share/map_publisher/environment/path.dsv
[1.304s] -- Up-to-date symlink: /home/recoomputer/benytb4_ws/install/map_publisher/share/map_publisher/local_setup.bash
[1.304s] -- Up-to-date symlink: /home/recoomputer/benytb4_ws/install/map_publisher/share/map_publisher/local_setup.sh
[1.304s] -- Up-to-date symlink: /home/recoomputer/benytb4_ws/install/map_publisher/share/map_publisher/local_setup.zsh
[1.304s] -- Up-to-date symlink: /home/recoomputer/benytb4_ws/install/map_publisher/share/map_publisher/local_setup.dsv
[1.305s] -- Symlinking: /home/recoomputer/benytb4_ws/install/map_publisher/share/map_publisher/package.dsv
[1.325s] -- Up-to-date symlink: /home/recoomputer/benytb4_ws/install/map_publisher/share/ament_index/resource_index/packages/map_publisher
[1.325s] -- Up-to-date symlink: /home/recoomputer/benytb4_ws/install/map_publisher/share/map_publisher/cmake/map_publisherConfig.cmake
[1.327s] -- Up-to-date symlink: /home/recoomputer/benytb4_ws/install/map_publisher/share/map_publisher/cmake/map_publisherConfig-version.cmake
[1.328s] -- Up-to-date symlink: /home/recoomputer/benytb4_ws/install/map_publisher/share/map_publisher/package.xml
[1.332s] Invoked command in '/home/recoomputer/benytb4_ws/build/map_publisher' returned '0': CMAKE_PREFIX_PATH=${CMAKE_PREFIX_PATH}:/home/recoomputer/benytb4_ws/install/turtlebot4_tests:/home/recoomputer/benytb4_ws/install/pose_navigator:/home/recoomputer/benytb4_ws/install/turtlebot4_diagnostics:/opt/ros/humble /usr/bin/cmake --install /home/recoomputer/benytb4_ws/build/map_publisher
