[2.050s] Invoking command in '/home/recoomputer/benytb4_ws/build/pose_navigator': CMAKE_PREFIX_PATH=/home/recoomputer/benytb4_ws/install/turtlebot4_navigation:/home/recoomputer/benytb4_ws/install/turtlebot4_desktop:/home/recoomputer/benytb4_ws/install/turtlebot4_viz:/home/recoomputer/benytb4_ws/install/turtlebot4_robot:/home/recoomputer/benytb4_ws/install/turtlebot4_bringup:/home/recoomputer/benytb4_ws/install/turtlebot4_base:/home/recoomputer/benytb4_ws/install/turtlebot4_node:/home/recoomputer/benytb4_ws/install/turtlebot4_msgs:/home/recoomputer/benytb4_ws/install/turtlebot4_description:/home/recoomputer/benytb4_ws/install/nav2_costmap_filters_demo:/home/recoomputer/benytb4_ws/install/map_publisher PYTHONPATH=/home/recoomputer/benytb4_ws/build/pose_navigator/prefix_override:/usr/lib/python3/dist-packages/colcon_core/task/python/colcon_distutils_commands:/home/recoomputer/benytb4_ws/install/pose_navigator/lib/python3.10/site-packages:${PYTHONPATH} /usr/bin/python3 -W ignore:setup.py install is deprecated -W ignore:easy_install command is deprecated setup.py develop --editable --build-directory /home/recoomputer/benytb4_ws/build/pose_navigator/build --no-deps symlink_data
[2.816s] running develop
[3.560s] running egg_info
[3.561s] writing pose_navigator.egg-info/PKG-INFO
[3.561s] writing dependency_links to pose_navigator.egg-info/dependency_links.txt
[3.562s] writing entry points to pose_navigator.egg-info/entry_points.txt
[3.562s] writing requirements to pose_navigator.egg-info/requires.txt
[3.562s] writing top-level names to pose_navigator.egg-info/top_level.txt
[3.568s] reading manifest file 'pose_navigator.egg-info/SOURCES.txt'
[3.570s] writing manifest file 'pose_navigator.egg-info/SOURCES.txt'
[3.663s] running build_ext
[3.663s] Creating /home/recoomputer/benytb4_ws/install/pose_navigator/lib/python3.10/site-packages/pose-navigator.egg-link (link to .)
[3.665s] Installing color_navigator script to /home/recoomputer/benytb4_ws/install/pose_navigator/lib/pose_navigator
[3.666s] Installing coretask script to /home/recoomputer/benytb4_ws/install/pose_navigator/lib/pose_navigator
[3.667s] Installing forward_return_node script to /home/recoomputer/benytb4_ws/install/pose_navigator/lib/pose_navigator
[3.667s] Installing pose_navigator script to /home/recoomputer/benytb4_ws/install/pose_navigator/lib/pose_navigator
[3.668s] Installing pose_navigator_node script to /home/recoomputer/benytb4_ws/install/pose_navigator/lib/pose_navigator
[3.668s] Installing test_color_sequence script to /home/recoomputer/benytb4_ws/install/pose_navigator/lib/pose_navigator
[3.668s] Installing test_waypoints script to /home/recoomputer/benytb4_ws/install/pose_navigator/lib/pose_navigator
[3.669s] 
[3.669s] Installed /home/recoomputer/benytb4_ws/build/pose_navigator
[3.670s] running symlink_data
[3.798s] Invoked command in '/home/recoomputer/benytb4_ws/build/pose_navigator' returned '0': CMAKE_PREFIX_PATH=/home/recoomputer/benytb4_ws/install/turtlebot4_navigation:/home/recoomputer/benytb4_ws/install/turtlebot4_desktop:/home/recoomputer/benytb4_ws/install/turtlebot4_viz:/home/recoomputer/benytb4_ws/install/turtlebot4_robot:/home/recoomputer/benytb4_ws/install/turtlebot4_bringup:/home/recoomputer/benytb4_ws/install/turtlebot4_base:/home/recoomputer/benytb4_ws/install/turtlebot4_node:/home/recoomputer/benytb4_ws/install/turtlebot4_msgs:/home/recoomputer/benytb4_ws/install/turtlebot4_description:/home/recoomputer/benytb4_ws/install/nav2_costmap_filters_demo:/home/recoomputer/benytb4_ws/install/map_publisher PYTHONPATH=/home/recoomputer/benytb4_ws/build/pose_navigator/prefix_override:/usr/lib/python3/dist-packages/colcon_core/task/python/colcon_distutils_commands:/home/recoomputer/benytb4_ws/install/pose_navigator/lib/python3.10/site-packages:${PYTHONPATH} /usr/bin/python3 -W ignore:setup.py install is deprecated -W ignore:easy_install command is deprecated setup.py develop --editable --build-directory /home/recoomputer/benytb4_ws/build/pose_navigator/build --no-deps symlink_data
