[0.029s] Invoking command in '/home/recoomputer/benytb4_ws/build/turtlebot4_base': CMAKE_PREFIX_PATH=/home/recoomputer/benytb4_ws/install/turtlebot4_node:/home/recoomputer/benytb4_ws/install/turtlebot4_msgs:/home/recoomputer/benytb4_ws/install/turtlebot4_desktop:/home/recoomputer/benytb4_ws/install/turtlebot4_viz:/home/recoomputer/benytb4_ws/install/turtlebot4_robot:/home/recoomputer/benytb4_ws/install/turtlebot4_bringup:/home/recoomputer/benytb4_ws/install/turtlebot4_base:/home/recoomputer/benytb4_ws/install/turtlebot4_navigation:/home/recoomputer/benytb4_ws/install/turtlebot4_description:/home/recoomputer/benytb4_ws/install/nav2_costmap_filters_demo:/home/recoomputer/benytb4_ws/install/map_publisher:/home/recoomputer/benytb4_ws/install/turtlebot4_tests:/home/recoomputer/benytb4_ws/install/pose_navigator:/home/recoomputer/benytb4_ws/install/turtlebot4_diagnostics:/opt/ros/humble /usr/bin/cmake /home/recoomputer/benytb4_ws/src/turtlebot4_robot/turtlebot4_base -DAMENT_CMAKE_SYMLINK_INSTALL=1 -DCMAKE_INSTALL_PREFIX=/home/recoomputer/benytb4_ws/install/turtlebot4_base
[0.150s] -- The C compiler identification is GNU 11.4.0
[0.258s] -- The CXX compiler identification is GNU 11.4.0
[0.272s] -- Detecting C compiler ABI info
[0.413s] -- Detecting C compiler ABI info - done
[0.430s] -- Check for working C compiler: /usr/bin/cc - skipped
[0.431s] -- Detecting C compile features
[0.433s] -- Detecting C compile features - done
[0.440s] -- Detecting CXX compiler ABI info
[0.630s] -- Detecting CXX compiler ABI info - done
[0.649s] -- Check for working CXX compiler: /usr/bin/c++ - skipped
[0.650s] -- Detecting CXX compile features
[0.651s] -- Detecting CXX compile features - done
[0.663s] -- Found ament_cmake: 1.3.11 (/opt/ros/humble/share/ament_cmake/cmake)
[1.051s] -- Found Python3: /usr/bin/python3 (found version "3.10.12") found components: Interpreter 
[1.214s] -- Override CMake install command with custom implementation using symlinks instead of copying resources
[1.323s] -- Found irobot_create_msgs: 2.1.0 (/opt/ros/humble/share/irobot_create_msgs/cmake)
[1.443s] -- Found rosidl_generator_c: 3.1.6 (/opt/ros/humble/share/rosidl_generator_c/cmake)
[1.462s] -- Found rosidl_adapter: 3.1.6 (/opt/ros/humble/share/rosidl_adapter/cmake)
[1.487s] -- Found rosidl_generator_cpp: 3.1.6 (/opt/ros/humble/share/rosidl_generator_cpp/cmake)
[1.520s] -- Using all available rosidl_typesupport_c: rosidl_typesupport_fastrtps_c;rosidl_typesupport_introspection_c
[1.576s] -- Using all available rosidl_typesupport_cpp: rosidl_typesupport_fastrtps_cpp;rosidl_typesupport_introspection_cpp
[1.807s] -- Found rclcpp: 16.0.12 (/opt/ros/humble/share/rclcpp/cmake)
[1.923s] -- Found rmw_implementation_cmake: 6.1.2 (/opt/ros/humble/share/rmw_implementation_cmake/cmake)
[1.934s] -- Found rmw_cyclonedds_cpp: 1.3.4 (/opt/ros/humble/share/rmw_cyclonedds_cpp/cmake)
[2.005s] -- Using RMW implementation 'rmw_cyclonedds_cpp' as default
[2.030s] -- Looking for pthread.h
[2.183s] -- Looking for pthread.h - found
[2.183s] -- Performing Test CMAKE_HAVE_LIBC_PTHREAD
[2.328s] -- Performing Test CMAKE_HAVE_LIBC_PTHREAD - Success
[2.334s] -- Found Threads: TRUE  
[2.425s] -- Found rclcpp_action: 16.0.12 (/opt/ros/humble/share/rclcpp_action/cmake)
[2.453s] -- Found sensor_msgs: 4.8.0 (/opt/ros/humble/share/sensor_msgs/cmake)
[2.488s] -- Found turtlebot4_msgs: 1.0.5 (/home/recoomputer/benytb4_ws/install/turtlebot4_msgs/share/turtlebot4_msgs/cmake)
[2.506s] -- Found turtlebot4_node: 1.0.5 (/home/recoomputer/benytb4_ws/install/turtlebot4_node/share/turtlebot4_node/cmake)
[2.530s] -- Found ament_lint_auto: 0.12.12 (/opt/ros/humble/share/ament_lint_auto/cmake)
[2.747s] -- Added test 'cppcheck' to perform static code analysis on C / C++ code
[2.748s] -- Configured cppcheck include dirs: /home/recoomputer/benytb4_ws/src/turtlebot4_robot/turtlebot4_base/include
[2.748s] -- Configured cppcheck exclude dirs and/or files: 
[2.751s] -- Added test 'cpplint' to check C / C++ code against the Google style
[2.751s] -- Configured cpplint exclude dirs and/or files: 
[2.753s] -- Added test 'lint_cmake' to check CMake code style
[2.756s] -- Added test 'uncrustify' to check C / C++ code style
[2.756s] -- Configured uncrustify additional arguments: 
[2.758s] -- Added test 'xmllint' to check XML markup files
[2.763s] -- Configuring done
[2.802s] -- Generating done
[2.813s] -- Build files have been written to: /home/recoomputer/benytb4_ws/build/turtlebot4_base
[2.839s] Invoked command in '/home/recoomputer/benytb4_ws/build/turtlebot4_base' returned '0': CMAKE_PREFIX_PATH=/home/recoomputer/benytb4_ws/install/turtlebot4_node:/home/recoomputer/benytb4_ws/install/turtlebot4_msgs:/home/recoomputer/benytb4_ws/install/turtlebot4_desktop:/home/recoomputer/benytb4_ws/install/turtlebot4_viz:/home/recoomputer/benytb4_ws/install/turtlebot4_robot:/home/recoomputer/benytb4_ws/install/turtlebot4_bringup:/home/recoomputer/benytb4_ws/install/turtlebot4_base:/home/recoomputer/benytb4_ws/install/turtlebot4_navigation:/home/recoomputer/benytb4_ws/install/turtlebot4_description:/home/recoomputer/benytb4_ws/install/nav2_costmap_filters_demo:/home/recoomputer/benytb4_ws/install/map_publisher:/home/recoomputer/benytb4_ws/install/turtlebot4_tests:/home/recoomputer/benytb4_ws/install/pose_navigator:/home/recoomputer/benytb4_ws/install/turtlebot4_diagnostics:/opt/ros/humble /usr/bin/cmake /home/recoomputer/benytb4_ws/src/turtlebot4_robot/turtlebot4_base -DAMENT_CMAKE_SYMLINK_INSTALL=1 -DCMAKE_INSTALL_PREFIX=/home/recoomputer/benytb4_ws/install/turtlebot4_base
[2.842s] Invoking command in '/home/recoomputer/benytb4_ws/build/turtlebot4_base': CMAKE_PREFIX_PATH=/home/recoomputer/benytb4_ws/install/turtlebot4_node:/home/recoomputer/benytb4_ws/install/turtlebot4_msgs:/home/recoomputer/benytb4_ws/install/turtlebot4_desktop:/home/recoomputer/benytb4_ws/install/turtlebot4_viz:/home/recoomputer/benytb4_ws/install/turtlebot4_robot:/home/recoomputer/benytb4_ws/install/turtlebot4_bringup:/home/recoomputer/benytb4_ws/install/turtlebot4_base:/home/recoomputer/benytb4_ws/install/turtlebot4_navigation:/home/recoomputer/benytb4_ws/install/turtlebot4_description:/home/recoomputer/benytb4_ws/install/nav2_costmap_filters_demo:/home/recoomputer/benytb4_ws/install/map_publisher:/home/recoomputer/benytb4_ws/install/turtlebot4_tests:/home/recoomputer/benytb4_ws/install/pose_navigator:/home/recoomputer/benytb4_ws/install/turtlebot4_diagnostics:/opt/ros/humble /usr/bin/cmake --build /home/recoomputer/benytb4_ws/build/turtlebot4_base -- -j8 -l8
[2.940s] [  8%] [32mBuilding CXX object CMakeFiles/turtlebot4_base_lib.dir/src/ssd1306.cpp.o[0m
[2.940s] [ 16%] [32mBuilding CXX object CMakeFiles/turtlebot4_base_lib.dir/src/display.cpp.o[0m
[2.948s] [ 25%] [32mBuilding CXX object CMakeFiles/turtlebot4_base_lib.dir/src/i2c_interface.cpp.o[0m
[2.954s] [ 33%] [32mBuilding CXX object CMakeFiles/turtlebot4_base_lib.dir/src/turtlebot4.cpp.o[0m
[2.954s] [ 41%] [32mBuilding CXX object CMakeFiles/turtlebot4_base_lib.dir/src/gpio_interface.cpp.o[0m
[2.957s] [ 50%] [32mBuilding CXX object CMakeFiles/turtlebot4_base_lib.dir/src/ssd1306_fonts.cpp.o[0m
[2.957s] [ 58%] [32mBuilding CXX object CMakeFiles/turtlebot4_base_lib.dir/src/main.cpp.o[0m
[2.957s] [ 66%] [32mBuilding CXX object CMakeFiles/turtlebot4_base_lib.dir/src/buttons.cpp.o[0m
[3.084s] [ 75%] [32mBuilding CXX object CMakeFiles/turtlebot4_base_lib.dir/src/leds.cpp.o[0m
[24.979s] [ 83%] [32m[1mLinking CXX static library libturtlebot4_base_lib.a[0m
[25.584s] [ 83%] Built target turtlebot4_base_lib
[25.627s] [ 91%] [32mBuilding CXX object CMakeFiles/turtlebot4_base_node.dir/src/main.cpp.o[0m
[37.832s] [100%] [32m[1mLinking CXX executable turtlebot4_base_node[0m
[39.576s] [100%] Built target turtlebot4_base_node
[39.607s] Invoked command in '/home/recoomputer/benytb4_ws/build/turtlebot4_base' returned '0': CMAKE_PREFIX_PATH=/home/recoomputer/benytb4_ws/install/turtlebot4_node:/home/recoomputer/benytb4_ws/install/turtlebot4_msgs:/home/recoomputer/benytb4_ws/install/turtlebot4_desktop:/home/recoomputer/benytb4_ws/install/turtlebot4_viz:/home/recoomputer/benytb4_ws/install/turtlebot4_robot:/home/recoomputer/benytb4_ws/install/turtlebot4_bringup:/home/recoomputer/benytb4_ws/install/turtlebot4_base:/home/recoomputer/benytb4_ws/install/turtlebot4_navigation:/home/recoomputer/benytb4_ws/install/turtlebot4_description:/home/recoomputer/benytb4_ws/install/nav2_costmap_filters_demo:/home/recoomputer/benytb4_ws/install/map_publisher:/home/recoomputer/benytb4_ws/install/turtlebot4_tests:/home/recoomputer/benytb4_ws/install/pose_navigator:/home/recoomputer/benytb4_ws/install/turtlebot4_diagnostics:/opt/ros/humble /usr/bin/cmake --build /home/recoomputer/benytb4_ws/build/turtlebot4_base -- -j8 -l8
[39.614s] Invoking command in '/home/recoomputer/benytb4_ws/build/turtlebot4_base': CMAKE_PREFIX_PATH=/home/recoomputer/benytb4_ws/install/turtlebot4_node:/home/recoomputer/benytb4_ws/install/turtlebot4_msgs:/home/recoomputer/benytb4_ws/install/turtlebot4_desktop:/home/recoomputer/benytb4_ws/install/turtlebot4_viz:/home/recoomputer/benytb4_ws/install/turtlebot4_robot:/home/recoomputer/benytb4_ws/install/turtlebot4_bringup:/home/recoomputer/benytb4_ws/install/turtlebot4_base:/home/recoomputer/benytb4_ws/install/turtlebot4_navigation:/home/recoomputer/benytb4_ws/install/turtlebot4_description:/home/recoomputer/benytb4_ws/install/nav2_costmap_filters_demo:/home/recoomputer/benytb4_ws/install/map_publisher:/home/recoomputer/benytb4_ws/install/turtlebot4_tests:/home/recoomputer/benytb4_ws/install/pose_navigator:/home/recoomputer/benytb4_ws/install/turtlebot4_diagnostics:/opt/ros/humble /usr/bin/cmake --install /home/recoomputer/benytb4_ws/build/turtlebot4_base
[39.629s] -- Install configuration: ""
[39.630s] -- Execute custom install script
[39.630s] -- Symlinking: /home/recoomputer/benytb4_ws/install/turtlebot4_base/lib/turtlebot4_base/turtlebot4_base_node
[39.649s] -- Symlinking: /home/recoomputer/benytb4_ws/install/turtlebot4_base/share/ament_index/resource_index/package_run_dependencies/turtlebot4_base
[39.668s] -- Symlinking: /home/recoomputer/benytb4_ws/install/turtlebot4_base/share/ament_index/resource_index/parent_prefix_path/turtlebot4_base
[39.685s] -- Symlinking: /home/recoomputer/benytb4_ws/install/turtlebot4_base/share/turtlebot4_base/environment/ament_prefix_path.sh
[39.704s] -- Symlinking: /home/recoomputer/benytb4_ws/install/turtlebot4_base/share/turtlebot4_base/environment/ament_prefix_path.dsv
[39.726s] -- Symlinking: /home/recoomputer/benytb4_ws/install/turtlebot4_base/share/turtlebot4_base/environment/path.sh
[39.746s] -- Symlinking: /home/recoomputer/benytb4_ws/install/turtlebot4_base/share/turtlebot4_base/environment/path.dsv
[39.763s] -- Symlinking: /home/recoomputer/benytb4_ws/install/turtlebot4_base/share/turtlebot4_base/local_setup.bash
[39.785s] -- Symlinking: /home/recoomputer/benytb4_ws/install/turtlebot4_base/share/turtlebot4_base/local_setup.sh
[39.804s] -- Symlinking: /home/recoomputer/benytb4_ws/install/turtlebot4_base/share/turtlebot4_base/local_setup.zsh
[39.828s] -- Symlinking: /home/recoomputer/benytb4_ws/install/turtlebot4_base/share/turtlebot4_base/local_setup.dsv
[39.854s] -- Symlinking: /home/recoomputer/benytb4_ws/install/turtlebot4_base/share/turtlebot4_base/package.dsv
[39.876s] -- Symlinking: /home/recoomputer/benytb4_ws/install/turtlebot4_base/share/ament_index/resource_index/packages/turtlebot4_base
[39.903s] -- Symlinking: /home/recoomputer/benytb4_ws/install/turtlebot4_base/share/turtlebot4_base/cmake/ament_cmake_export_include_directories-extras.cmake
[39.921s] -- Symlinking: /home/recoomputer/benytb4_ws/install/turtlebot4_base/share/turtlebot4_base/cmake/turtlebot4_baseConfig.cmake
[39.938s] -- Symlinking: /home/recoomputer/benytb4_ws/install/turtlebot4_base/share/turtlebot4_base/cmake/turtlebot4_baseConfig-version.cmake
[39.956s] -- Symlinking: /home/recoomputer/benytb4_ws/install/turtlebot4_base/share/turtlebot4_base/package.xml
[39.983s] Invoked command in '/home/recoomputer/benytb4_ws/build/turtlebot4_base' returned '0': CMAKE_PREFIX_PATH=/home/recoomputer/benytb4_ws/install/turtlebot4_node:/home/recoomputer/benytb4_ws/install/turtlebot4_msgs:/home/recoomputer/benytb4_ws/install/turtlebot4_desktop:/home/recoomputer/benytb4_ws/install/turtlebot4_viz:/home/recoomputer/benytb4_ws/install/turtlebot4_robot:/home/recoomputer/benytb4_ws/install/turtlebot4_bringup:/home/recoomputer/benytb4_ws/install/turtlebot4_base:/home/recoomputer/benytb4_ws/install/turtlebot4_navigation:/home/recoomputer/benytb4_ws/install/turtlebot4_description:/home/recoomputer/benytb4_ws/install/nav2_costmap_filters_demo:/home/recoomputer/benytb4_ws/install/map_publisher:/home/recoomputer/benytb4_ws/install/turtlebot4_tests:/home/recoomputer/benytb4_ws/install/pose_navigator:/home/recoomputer/benytb4_ws/install/turtlebot4_diagnostics:/opt/ros/humble /usr/bin/cmake --install /home/recoomputer/benytb4_ws/build/turtlebot4_base
