[0.111s] Invoking command in '/home/recoomputer/benytb4_ws/build/turtlebot4_description': CMAKE_PREFIX_PATH=${CMAKE_PREFIX_PATH}:/home/recoomputer/benytb4_ws/install/turtlebot4_tests:/home/recoomputer/benytb4_ws/install/pose_navigator:/home/recoomputer/benytb4_ws/install/turtlebot4_diagnostics:/opt/ros/humble /usr/bin/cmake --build /home/recoomputer/benytb4_ws/build/turtlebot4_description -- -j8 -l8
[0.967s] Invoked command in '/home/recoomputer/benytb4_ws/build/turtlebot4_description' returned '0': CMAKE_PREFIX_PATH=${CMAKE_PREFIX_PATH}:/home/recoomputer/benytb4_ws/install/turtlebot4_tests:/home/recoomputer/benytb4_ws/install/pose_navigator:/home/recoomputer/benytb4_ws/install/turtlebot4_diagnostics:/opt/ros/humble /usr/bin/cmake --build /home/recoomputer/benytb4_ws/build/turtlebot4_description -- -j8 -l8
[1.004s] Invoking command in '/home/recoomputer/benytb4_ws/build/turtlebot4_description': CMAKE_PREFIX_PATH=${CMAKE_PREFIX_PATH}:/home/recoomputer/benytb4_ws/install/turtlebot4_tests:/home/recoomputer/benytb4_ws/install/pose_navigator:/home/recoomputer/benytb4_ws/install/turtlebot4_diagnostics:/opt/ros/humble /usr/bin/cmake --install /home/recoomputer/benytb4_ws/build/turtlebot4_description
[1.037s] -- Install configuration: ""
[1.038s] -- Execute custom install script
[1.039s] -- Up-to-date symlink: /home/recoomputer/benytb4_ws/install/turtlebot4_description/share/turtlebot4_description/launch/robot_description.launch.py
[1.040s] -- Up-to-date symlink: /home/recoomputer/benytb4_ws/install/turtlebot4_description/share/turtlebot4_description/meshes/camera_bracket.dae
[1.040s] -- Up-to-date symlink: /home/recoomputer/benytb4_ws/install/turtlebot4_description/share/turtlebot4_description/meshes/oakd_lite.dae
[1.040s] -- Up-to-date symlink: /home/recoomputer/benytb4_ws/install/turtlebot4_description/share/turtlebot4_description/meshes/oakd_pro.dae
[1.040s] -- Up-to-date symlink: /home/recoomputer/benytb4_ws/install/turtlebot4_description/share/turtlebot4_description/meshes/rplidar.dae
[1.041s] -- Up-to-date symlink: /home/recoomputer/benytb4_ws/install/turtlebot4_description/share/turtlebot4_description/meshes/shell.dae
[1.041s] -- Up-to-date symlink: /home/recoomputer/benytb4_ws/install/turtlebot4_description/share/turtlebot4_description/meshes/shell_collision.dae
[1.042s] -- Up-to-date symlink: /home/recoomputer/benytb4_ws/install/turtlebot4_description/share/turtlebot4_description/meshes/tower.dae
[1.043s] -- Up-to-date symlink: /home/recoomputer/benytb4_ws/install/turtlebot4_description/share/turtlebot4_description/meshes/tower_sensor_plate.dae
[1.043s] -- Up-to-date symlink: /home/recoomputer/benytb4_ws/install/turtlebot4_description/share/turtlebot4_description/meshes/tower_standoff.dae
[1.043s] -- Up-to-date symlink: /home/recoomputer/benytb4_ws/install/turtlebot4_description/share/turtlebot4_description/meshes/weight_block.dae
[1.043s] -- Up-to-date symlink: /home/recoomputer/benytb4_ws/install/turtlebot4_description/share/turtlebot4_description/urdf/lite/turtlebot4.urdf.xacro
[1.043s] -- Up-to-date symlink: /home/recoomputer/benytb4_ws/install/turtlebot4_description/share/turtlebot4_description/urdf/sensors/camera_bracket.urdf.xacro
[1.043s] -- Up-to-date symlink: /home/recoomputer/benytb4_ws/install/turtlebot4_description/share/turtlebot4_description/urdf/sensors/oakd.urdf.xacro
[1.044s] -- Up-to-date symlink: /home/recoomputer/benytb4_ws/install/turtlebot4_description/share/turtlebot4_description/urdf/sensors/rplidar.urdf.xacro
[1.044s] -- Up-to-date symlink: /home/recoomputer/benytb4_ws/install/turtlebot4_description/share/turtlebot4_description/urdf/standard/tower_sensor_plate.urdf.xacro
[1.044s] -- Up-to-date symlink: /home/recoomputer/benytb4_ws/install/turtlebot4_description/share/turtlebot4_description/urdf/standard/tower_standoff.urdf.xacro
[1.051s] -- Up-to-date symlink: /home/recoomputer/benytb4_ws/install/turtlebot4_description/share/turtlebot4_description/urdf/standard/turtlebot4.urdf.xacro
[1.052s] -- Up-to-date symlink: /home/recoomputer/benytb4_ws/install/turtlebot4_description/share/turtlebot4_description/urdf/standard/weight_block.urdf.xacro
[1.052s] -- Up-to-date symlink: /home/recoomputer/benytb4_ws/install/turtlebot4_description/share/ament_index/resource_index/package_run_dependencies/turtlebot4_description
[1.052s] -- Up-to-date symlink: /home/recoomputer/benytb4_ws/install/turtlebot4_description/share/ament_index/resource_index/parent_prefix_path/turtlebot4_description
[1.052s] -- Up-to-date symlink: /home/recoomputer/benytb4_ws/install/turtlebot4_description/share/turtlebot4_description/environment/ament_prefix_path.sh
[1.052s] -- Up-to-date symlink: /home/recoomputer/benytb4_ws/install/turtlebot4_description/share/turtlebot4_description/environment/ament_prefix_path.dsv
[1.052s] -- Up-to-date symlink: /home/recoomputer/benytb4_ws/install/turtlebot4_description/share/turtlebot4_description/environment/path.sh
[1.052s] -- Up-to-date symlink: /home/recoomputer/benytb4_ws/install/turtlebot4_description/share/turtlebot4_description/environment/path.dsv
[1.052s] -- Up-to-date symlink: /home/recoomputer/benytb4_ws/install/turtlebot4_description/share/turtlebot4_description/local_setup.bash
[1.053s] -- Up-to-date symlink: /home/recoomputer/benytb4_ws/install/turtlebot4_description/share/turtlebot4_description/local_setup.sh
[1.053s] -- Up-to-date symlink: /home/recoomputer/benytb4_ws/install/turtlebot4_description/share/turtlebot4_description/local_setup.zsh
[1.055s] -- Up-to-date symlink: /home/recoomputer/benytb4_ws/install/turtlebot4_description/share/turtlebot4_description/local_setup.dsv
[1.056s] -- Symlinking: /home/recoomputer/benytb4_ws/install/turtlebot4_description/share/turtlebot4_description/package.dsv
[1.076s] -- Up-to-date symlink: /home/recoomputer/benytb4_ws/install/turtlebot4_description/share/ament_index/resource_index/packages/turtlebot4_description
[1.076s] -- Up-to-date symlink: /home/recoomputer/benytb4_ws/install/turtlebot4_description/share/turtlebot4_description/cmake/turtlebot4_descriptionConfig.cmake
[1.077s] -- Up-to-date symlink: /home/recoomputer/benytb4_ws/install/turtlebot4_description/share/turtlebot4_description/cmake/turtlebot4_descriptionConfig-version.cmake
[1.077s] -- Up-to-date symlink: /home/recoomputer/benytb4_ws/install/turtlebot4_description/share/turtlebot4_description/package.xml
[1.091s] Invoked command in '/home/recoomputer/benytb4_ws/build/turtlebot4_description' returned '0': CMAKE_PREFIX_PATH=${CMAKE_PREFIX_PATH}:/home/recoomputer/benytb4_ws/install/turtlebot4_tests:/home/recoomputer/benytb4_ws/install/pose_navigator:/home/recoomputer/benytb4_ws/install/turtlebot4_diagnostics:/opt/ros/humble /usr/bin/cmake --install /home/recoomputer/benytb4_ws/build/turtlebot4_description
