[0.044s] Invoking command in '/home/recoomputer/benytb4_ws/build/turtlebot4_node': CMAKE_PREFIX_PATH=/home/recoomputer/benytb4_ws/install/turtlebot4_msgs:/home/recoomputer/benytb4_ws/install/turtlebot4_desktop:/home/recoomputer/benytb4_ws/install/turtlebot4_viz:/home/recoomputer/benytb4_ws/install/turtlebot4_robot:/home/recoomputer/benytb4_ws/install/turtlebot4_bringup:/home/recoomputer/benytb4_ws/install/turtlebot4_base:/home/recoomputer/benytb4_ws/install/turtlebot4_node:/home/recoomputer/benytb4_ws/install/turtlebot4_navigation:/home/recoomputer/benytb4_ws/install/turtlebot4_description:/home/recoomputer/benytb4_ws/install/nav2_costmap_filters_demo:/home/recoomputer/benytb4_ws/install/map_publisher:/home/recoomputer/benytb4_ws/install/turtlebot4_tests:/home/recoomputer/benytb4_ws/install/pose_navigator:/home/recoomputer/benytb4_ws/install/turtlebot4_diagnostics:/opt/ros/humble /usr/bin/cmake --build /home/recoomputer/benytb4_ws/build/turtlebot4_node -- -j8 -l8
[0.169s] [ 75%] Built target turtlebot4_node_lib
[0.218s] [100%] Built target turtlebot4_node
[0.632s] Invoked command in '/home/recoomputer/benytb4_ws/build/turtlebot4_node' returned '0': CMAKE_PREFIX_PATH=/home/recoomputer/benytb4_ws/install/turtlebot4_msgs:/home/recoomputer/benytb4_ws/install/turtlebot4_desktop:/home/recoomputer/benytb4_ws/install/turtlebot4_viz:/home/recoomputer/benytb4_ws/install/turtlebot4_robot:/home/recoomputer/benytb4_ws/install/turtlebot4_bringup:/home/recoomputer/benytb4_ws/install/turtlebot4_base:/home/recoomputer/benytb4_ws/install/turtlebot4_node:/home/recoomputer/benytb4_ws/install/turtlebot4_navigation:/home/recoomputer/benytb4_ws/install/turtlebot4_description:/home/recoomputer/benytb4_ws/install/nav2_costmap_filters_demo:/home/recoomputer/benytb4_ws/install/map_publisher:/home/recoomputer/benytb4_ws/install/turtlebot4_tests:/home/recoomputer/benytb4_ws/install/pose_navigator:/home/recoomputer/benytb4_ws/install/turtlebot4_diagnostics:/opt/ros/humble /usr/bin/cmake --build /home/recoomputer/benytb4_ws/build/turtlebot4_node -- -j8 -l8
[0.635s] Invoking command in '/home/recoomputer/benytb4_ws/build/turtlebot4_node': CMAKE_PREFIX_PATH=/home/recoomputer/benytb4_ws/install/turtlebot4_msgs:/home/recoomputer/benytb4_ws/install/turtlebot4_desktop:/home/recoomputer/benytb4_ws/install/turtlebot4_viz:/home/recoomputer/benytb4_ws/install/turtlebot4_robot:/home/recoomputer/benytb4_ws/install/turtlebot4_bringup:/home/recoomputer/benytb4_ws/install/turtlebot4_base:/home/recoomputer/benytb4_ws/install/turtlebot4_node:/home/recoomputer/benytb4_ws/install/turtlebot4_navigation:/home/recoomputer/benytb4_ws/install/turtlebot4_description:/home/recoomputer/benytb4_ws/install/nav2_costmap_filters_demo:/home/recoomputer/benytb4_ws/install/map_publisher:/home/recoomputer/benytb4_ws/install/turtlebot4_tests:/home/recoomputer/benytb4_ws/install/pose_navigator:/home/recoomputer/benytb4_ws/install/turtlebot4_diagnostics:/opt/ros/humble /usr/bin/cmake --install /home/recoomputer/benytb4_ws/build/turtlebot4_node
[0.657s] -- Install configuration: ""
[0.659s] -- Execute custom install script
[0.660s] -- Up-to-date symlink: /home/recoomputer/benytb4_ws/install/turtlebot4_node/lib/turtlebot4_node/turtlebot4_node
[0.661s] -- Up-to-date symlink: /home/recoomputer/benytb4_ws/install/turtlebot4_node/include/turtlebot4_node/action.hpp
[0.664s] -- Up-to-date symlink: /home/recoomputer/benytb4_ws/install/turtlebot4_node/include/turtlebot4_node/buttons.hpp
[0.665s] -- Up-to-date symlink: /home/recoomputer/benytb4_ws/install/turtlebot4_node/include/turtlebot4_node/display.hpp
[0.666s] -- Up-to-date symlink: /home/recoomputer/benytb4_ws/install/turtlebot4_node/include/turtlebot4_node/leds.hpp
[0.666s] -- Up-to-date symlink: /home/recoomputer/benytb4_ws/install/turtlebot4_node/include/turtlebot4_node/service.hpp
[0.667s] -- Up-to-date symlink: /home/recoomputer/benytb4_ws/install/turtlebot4_node/include/turtlebot4_node/turtlebot4.hpp
[0.667s] -- Up-to-date symlink: /home/recoomputer/benytb4_ws/install/turtlebot4_node/include/turtlebot4_node/utils.hpp
[0.667s] -- Up-to-date symlink: /home/recoomputer/benytb4_ws/install/turtlebot4_node/share/ament_index/resource_index/package_run_dependencies/turtlebot4_node
[0.669s] -- Up-to-date symlink: /home/recoomputer/benytb4_ws/install/turtlebot4_node/share/ament_index/resource_index/parent_prefix_path/turtlebot4_node
[0.670s] -- Up-to-date symlink: /home/recoomputer/benytb4_ws/install/turtlebot4_node/share/turtlebot4_node/environment/ament_prefix_path.sh
[0.670s] -- Up-to-date symlink: /home/recoomputer/benytb4_ws/install/turtlebot4_node/share/turtlebot4_node/environment/ament_prefix_path.dsv
[0.671s] -- Up-to-date symlink: /home/recoomputer/benytb4_ws/install/turtlebot4_node/share/turtlebot4_node/environment/path.sh
[0.671s] -- Up-to-date symlink: /home/recoomputer/benytb4_ws/install/turtlebot4_node/share/turtlebot4_node/environment/path.dsv
[0.673s] -- Up-to-date symlink: /home/recoomputer/benytb4_ws/install/turtlebot4_node/share/turtlebot4_node/local_setup.bash
[0.673s] -- Up-to-date symlink: /home/recoomputer/benytb4_ws/install/turtlebot4_node/share/turtlebot4_node/local_setup.sh
[0.673s] -- Up-to-date symlink: /home/recoomputer/benytb4_ws/install/turtlebot4_node/share/turtlebot4_node/local_setup.zsh
[0.673s] -- Up-to-date symlink: /home/recoomputer/benytb4_ws/install/turtlebot4_node/share/turtlebot4_node/local_setup.dsv
[0.673s] -- Symlinking: /home/recoomputer/benytb4_ws/install/turtlebot4_node/share/turtlebot4_node/package.dsv
[0.687s] -- Up-to-date symlink: /home/recoomputer/benytb4_ws/install/turtlebot4_node/share/ament_index/resource_index/packages/turtlebot4_node
[0.688s] -- Up-to-date symlink: /home/recoomputer/benytb4_ws/install/turtlebot4_node/share/turtlebot4_node/cmake/ament_cmake_export_include_directories-extras.cmake
[0.688s] -- Up-to-date symlink: /home/recoomputer/benytb4_ws/install/turtlebot4_node/share/turtlebot4_node/cmake/turtlebot4_nodeConfig.cmake
[0.691s] -- Up-to-date symlink: /home/recoomputer/benytb4_ws/install/turtlebot4_node/share/turtlebot4_node/cmake/turtlebot4_nodeConfig-version.cmake
[0.693s] -- Up-to-date symlink: /home/recoomputer/benytb4_ws/install/turtlebot4_node/share/turtlebot4_node/package.xml
[0.717s] Invoked command in '/home/recoomputer/benytb4_ws/build/turtlebot4_node' returned '0': CMAKE_PREFIX_PATH=/home/recoomputer/benytb4_ws/install/turtlebot4_msgs:/home/recoomputer/benytb4_ws/install/turtlebot4_desktop:/home/recoomputer/benytb4_ws/install/turtlebot4_viz:/home/recoomputer/benytb4_ws/install/turtlebot4_robot:/home/recoomputer/benytb4_ws/install/turtlebot4_bringup:/home/recoomputer/benytb4_ws/install/turtlebot4_base:/home/recoomputer/benytb4_ws/install/turtlebot4_node:/home/recoomputer/benytb4_ws/install/turtlebot4_navigation:/home/recoomputer/benytb4_ws/install/turtlebot4_description:/home/recoomputer/benytb4_ws/install/nav2_costmap_filters_demo:/home/recoomputer/benytb4_ws/install/map_publisher:/home/recoomputer/benytb4_ws/install/turtlebot4_tests:/home/recoomputer/benytb4_ws/install/pose_navigator:/home/recoomputer/benytb4_ws/install/turtlebot4_diagnostics:/opt/ros/humble /usr/bin/cmake --install /home/recoomputer/benytb4_ws/build/turtlebot4_node
