[0.907s] Invoking command in '/home/recoomputer/benytb4_ws/build/nav2_costmap_filters_demo': CMAKE_PREFIX_PATH=${CMAKE_PREFIX_PATH}:/home/recoomputer/benytb4_ws/install/turtlebot4_tests:/home/recoomputer/benytb4_ws/install/pose_navigator:/home/recoomputer/benytb4_ws/install/turtlebot4_diagnostics:/opt/ros/humble /usr/bin/cmake --build /home/recoomputer/benytb4_ws/build/nav2_costmap_filters_demo -- -j8 -l8
[1.068s] Invoked command in '/home/recoomputer/benytb4_ws/build/nav2_costmap_filters_demo' returned '0': CMAKE_PREFIX_PATH=${CMAKE_PREFIX_PATH}:/home/recoomputer/benytb4_ws/install/turtlebot4_tests:/home/recoomputer/benytb4_ws/install/pose_navigator:/home/recoomputer/benytb4_ws/install/turtlebot4_diagnostics:/opt/ros/humble /usr/bin/cmake --build /home/recoomputer/benytb4_ws/build/nav2_costmap_filters_demo -- -j8 -l8
[1.072s] Invoking command in '/home/recoomputer/benytb4_ws/build/nav2_costmap_filters_demo': CMAKE_PREFIX_PATH=${CMAKE_PREFIX_PATH}:/home/recoomputer/benytb4_ws/install/turtlebot4_tests:/home/recoomputer/benytb4_ws/install/pose_navigator:/home/recoomputer/benytb4_ws/install/turtlebot4_diagnostics:/opt/ros/humble /usr/bin/cmake --install /home/recoomputer/benytb4_ws/build/nav2_costmap_filters_demo
[1.115s] -- Install configuration: ""
[1.116s] -- Execute custom install script
[1.117s] -- Up-to-date symlink: /home/recoomputer/benytb4_ws/install/nav2_costmap_filters_demo/share/nav2_costmap_filters_demo/launch/costmap_filter_info.launch.py
[1.117s] -- Up-to-date symlink: /home/recoomputer/benytb4_ws/install/nav2_costmap_filters_demo/share/nav2_costmap_filters_demo/maps/keepout_mask.pgm
[1.118s] -- Up-to-date symlink: /home/recoomputer/benytb4_ws/install/nav2_costmap_filters_demo/share/nav2_costmap_filters_demo/maps/keepout_mask.yaml
[1.119s] -- Up-to-date symlink: /home/recoomputer/benytb4_ws/install/nav2_costmap_filters_demo/share/nav2_costmap_filters_demo/maps/speed_mask.pgm
[1.121s] -- Up-to-date symlink: /home/recoomputer/benytb4_ws/install/nav2_costmap_filters_demo/share/nav2_costmap_filters_demo/maps/speed_mask.yaml
[1.122s] -- Up-to-date symlink: /home/recoomputer/benytb4_ws/install/nav2_costmap_filters_demo/share/nav2_costmap_filters_demo/params/keepout_params.yaml
[1.128s] -- Up-to-date symlink: /home/recoomputer/benytb4_ws/install/nav2_costmap_filters_demo/share/nav2_costmap_filters_demo/params/speed_params.yaml
[1.128s] -- Up-to-date symlink: /home/recoomputer/benytb4_ws/install/nav2_costmap_filters_demo/share/ament_index/resource_index/package_run_dependencies/nav2_costmap_filters_demo
[1.128s] -- Up-to-date symlink: /home/recoomputer/benytb4_ws/install/nav2_costmap_filters_demo/share/ament_index/resource_index/parent_prefix_path/nav2_costmap_filters_demo
[1.128s] -- Up-to-date symlink: /home/recoomputer/benytb4_ws/install/nav2_costmap_filters_demo/share/nav2_costmap_filters_demo/environment/ament_prefix_path.sh
[1.130s] -- Up-to-date symlink: /home/recoomputer/benytb4_ws/install/nav2_costmap_filters_demo/share/nav2_costmap_filters_demo/environment/ament_prefix_path.dsv
[1.132s] -- Up-to-date symlink: /home/recoomputer/benytb4_ws/install/nav2_costmap_filters_demo/share/nav2_costmap_filters_demo/environment/path.sh
[1.132s] -- Up-to-date symlink: /home/recoomputer/benytb4_ws/install/nav2_costmap_filters_demo/share/nav2_costmap_filters_demo/environment/path.dsv
[1.135s] -- Up-to-date symlink: /home/recoomputer/benytb4_ws/install/nav2_costmap_filters_demo/share/nav2_costmap_filters_demo/local_setup.bash
[1.135s] -- Up-to-date symlink: /home/recoomputer/benytb4_ws/install/nav2_costmap_filters_demo/share/nav2_costmap_filters_demo/local_setup.sh
[1.135s] -- Up-to-date symlink: /home/recoomputer/benytb4_ws/install/nav2_costmap_filters_demo/share/nav2_costmap_filters_demo/local_setup.zsh
[1.135s] -- Up-to-date symlink: /home/recoomputer/benytb4_ws/install/nav2_costmap_filters_demo/share/nav2_costmap_filters_demo/local_setup.dsv
[1.135s] -- Symlinking: /home/recoomputer/benytb4_ws/install/nav2_costmap_filters_demo/share/nav2_costmap_filters_demo/package.dsv
[1.168s] -- Up-to-date symlink: /home/recoomputer/benytb4_ws/install/nav2_costmap_filters_demo/share/ament_index/resource_index/packages/nav2_costmap_filters_demo
[1.168s] -- Up-to-date symlink: /home/recoomputer/benytb4_ws/install/nav2_costmap_filters_demo/share/nav2_costmap_filters_demo/cmake/nav2_costmap_filters_demoConfig.cmake
[1.168s] -- Up-to-date symlink: /home/recoomputer/benytb4_ws/install/nav2_costmap_filters_demo/share/nav2_costmap_filters_demo/cmake/nav2_costmap_filters_demoConfig-version.cmake
[1.168s] -- Up-to-date symlink: /home/recoomputer/benytb4_ws/install/nav2_costmap_filters_demo/share/nav2_costmap_filters_demo/package.xml
[1.173s] Invoked command in '/home/recoomputer/benytb4_ws/build/nav2_costmap_filters_demo' returned '0': CMAKE_PREFIX_PATH=${CMAKE_PREFIX_PATH}:/home/recoomputer/benytb4_ws/install/turtlebot4_tests:/home/recoomputer/benytb4_ws/install/pose_navigator:/home/recoomputer/benytb4_ws/install/turtlebot4_diagnostics:/opt/ros/humble /usr/bin/cmake --install /home/recoomputer/benytb4_ws/build/nav2_costmap_filters_demo
