[0.034s] Invoking command in '/home/recoomputer/benytb4_ws/build/turtlebot4_bringup': AMENT_PREFIX_PATH=/home/recoomputer/benytb4_ws/install/turtlebot4_diagnostics:/home/recoomputer/benytb4_ws/install/turtlebot4_desktop:/home/recoomputer/benytb4_ws/install/turtlebot4_viz:/home/recoomputer/benytb4_ws/install/turtlebot4_robot:/home/recoomputer/benytb4_ws/install/turtlebot4_tests:/home/recoomputer/benytb4_ws/install/turtlebot4_bringup:/home/recoomputer/benytb4_ws/install/turtlebot4_base:/home/recoomputer/benytb4_ws/install/turtlebot4_node:/home/recoomputer/benytb4_ws/install/pose_navigator:/home/recoomputer/benytb4_ws/install/turtlebot4_navigation:/home/recoomputer/benytb4_ws/install/turtlebot4_msgs:/home/recoomputer/benytb4_ws/install/turtlebot4_description:/home/recoomputer/benytb4_ws/install/nav2_costmap_filters_demo:/home/recoomputer/benytb4_ws/install/map_publisher:/opt/ros/humble CMAKE_PREFIX_PATH=/home/recoomputer/benytb4_ws/install/turtlebot4_node:/home/recoomputer/benytb4_ws/install/turtlebot4_msgs:/home/recoomputer/benytb4_ws/install/turtlebot4_description:/home/recoomputer/benytb4_ws/install/turtlebot4_desktop:/home/recoomputer/benytb4_ws/install/turtlebot4_viz:/home/recoomputer/benytb4_ws/install/turtlebot4_robot:/home/recoomputer/benytb4_ws/install/turtlebot4_bringup:/home/recoomputer/benytb4_ws/install/turtlebot4_base:/home/recoomputer/benytb4_ws/install/turtlebot4_navigation:/home/recoomputer/benytb4_ws/install/nav2_costmap_filters_demo:/home/recoomputer/benytb4_ws/install/map_publisher:/home/recoomputer/benytb4_ws/install/turtlebot4_tests:/home/recoomputer/benytb4_ws/install/pose_navigator:/home/recoomputer/benytb4_ws/install/turtlebot4_diagnostics:/opt/ros/humble PYTHONPATH=/home/recoomputer/benytb4_ws/build/turtlebot4_diagnostics:/home/recoomputer/benytb4_ws/install/turtlebot4_diagnostics/lib/python3.10/site-packages:/home/recoomputer/turtlebot4_ws/build/turtlebot4_tests:/home/recoomputer/benytb4_ws/install/turtlebot4_tests/lib/python3.10/site-packages:/home/recoomputer/turtlebot4_ws/build/pose_navigator:/home/recoomputer/benytb4_ws/install/pose_navigator/lib/python3.10/site-packages:/home/recoomputer/benytb4_ws/install/turtlebot4_navigation/local/lib/python3.10/dist-packages:/home/recoomputer/benytb4_ws/install/turtlebot4_msgs/local/lib/python3.10/dist-packages:/home/recoomputer/turtlebot4_ws/build/turtlebot4_diagnostics:/opt/ros/humble/lib/python3.10/site-packages:/opt/ros/humble/local/lib/python3.10/dist-packages:/usr/lib/python3/dist-packages:/usr/lib/python3/dist-packages:/usr/local/lib /usr/bin/cmake /home/recoomputer/benytb4_ws/src/turtlebot4_robot/turtlebot4_bringup -DAMENT_CMAKE_SYMLINK_INSTALL=1 -DCMAKE_INSTALL_PREFIX=/home/recoomputer/benytb4_ws/install/turtlebot4_bringup
[0.152s] -- The C compiler identification is GNU 11.4.0
[0.274s] -- The CXX compiler identification is GNU 11.4.0
[0.290s] -- Detecting C compiler ABI info
[0.430s] -- Detecting C compiler ABI info - done
[0.446s] -- Check for working C compiler: /usr/bin/cc - skipped
[0.447s] -- Detecting C compile features
[0.447s] -- Detecting C compile features - done
[0.454s] -- Detecting CXX compiler ABI info
[0.614s] -- Detecting CXX compiler ABI info - done
[0.634s] -- Check for working CXX compiler: /usr/bin/c++ - skipped
[0.634s] -- Detecting CXX compile features
[0.635s] -- Detecting CXX compile features - done
[0.649s] -- Found ament_cmake: 1.3.11 (/opt/ros/humble/share/ament_cmake/cmake)
[1.065s] -- Found Python3: /usr/bin/python3 (found version "3.10.12") found components: Interpreter 
[1.235s] -- Override CMake install command with custom implementation using symlinks instead of copying resources
[1.324s] -- Found turtlebot4_node: 1.0.5 (/home/recoomputer/benytb4_ws/install/turtlebot4_node/share/turtlebot4_node/cmake)
[1.327s] -- Found turtlebot4_description: 1.0.5 (/home/recoomputer/benytb4_ws/install/turtlebot4_description/share/turtlebot4_description/cmake)
[1.334s] -- Found depthai_ros_msgs: 2.11.2 (/opt/ros/humble/share/depthai_ros_msgs/cmake)
[1.423s] -- Found rosidl_generator_c: 3.1.6 (/opt/ros/humble/share/rosidl_generator_c/cmake)
[1.439s] -- Found rosidl_adapter: 3.1.6 (/opt/ros/humble/share/rosidl_adapter/cmake)
[1.460s] -- Found rosidl_generator_cpp: 3.1.6 (/opt/ros/humble/share/rosidl_generator_cpp/cmake)
[1.491s] -- Using all available rosidl_typesupport_c: rosidl_typesupport_fastrtps_c;rosidl_typesupport_introspection_c
[1.531s] -- Using all available rosidl_typesupport_cpp: rosidl_typesupport_fastrtps_cpp;rosidl_typesupport_introspection_cpp
[1.752s] -- Found depthai_bridge: 2.11.2 (/opt/ros/humble/share/depthai_bridge/cmake)
[1.876s] -- Found rmw_implementation_cmake: 6.1.2 (/opt/ros/humble/share/rmw_implementation_cmake/cmake)
[1.886s] -- Found rmw_cyclonedds_cpp: 1.3.4 (/opt/ros/humble/share/rmw_cyclonedds_cpp/cmake)
[1.940s] -- Using RMW implementation 'rmw_cyclonedds_cpp' as default
[1.964s] -- Looking for pthread.h
[2.114s] -- Looking for pthread.h - found
[2.114s] -- Performing Test CMAKE_HAVE_LIBC_PTHREAD
[2.270s] -- Performing Test CMAKE_HAVE_LIBC_PTHREAD - Success
[2.272s] -- Found Threads: TRUE  
[2.816s] -- Found eigen3_cmake_module: 0.1.1 (/opt/ros/humble/share/eigen3_cmake_module/cmake)
[2.820s] -- Found Eigen3: TRUE (found version "3.4.0") 
[2.820s] -- Ensuring Eigen3 include directory is part of orocos-kdl CMake target
[2.869s] -- Found depthai_examples: 2.11.2 (/opt/ros/humble/share/depthai_examples/cmake)
[2.875s] -- Found rplidar_ros: 2.1.4 (/opt/ros/humble/share/rplidar_ros/cmake)
[2.889s] -- Found joy_linux: 3.3.0 (/opt/ros/humble/share/joy_linux/cmake)
[2.896s] -- Found teleop_twist_joy: 2.4.7 (/opt/ros/humble/share/teleop_twist_joy/cmake)
[2.908s] -- Found ament_lint_auto: 0.12.12 (/opt/ros/humble/share/ament_lint_auto/cmake)
[3.161s] -- Added test 'copyright' to check source files copyright and LICENSE
[3.166s] -- Added test 'flake8' to check Python code syntax and style conventions
[3.167s] -- Added test 'lint_cmake' to check CMake code style
[3.169s] -- Added test 'pep257' to check Python code against some of the docstring style conventions in PEP 257
[3.172s] -- Added test 'xmllint' to check XML markup files
[3.176s] -- Configuring done
[3.191s] -- Generating done
[3.197s] -- Build files have been written to: /home/recoomputer/benytb4_ws/build/turtlebot4_bringup
[3.310s] Invoked command in '/home/recoomputer/benytb4_ws/build/turtlebot4_bringup' returned '0': AMENT_PREFIX_PATH=/home/recoomputer/benytb4_ws/install/turtlebot4_diagnostics:/home/recoomputer/benytb4_ws/install/turtlebot4_desktop:/home/recoomputer/benytb4_ws/install/turtlebot4_viz:/home/recoomputer/benytb4_ws/install/turtlebot4_robot:/home/recoomputer/benytb4_ws/install/turtlebot4_tests:/home/recoomputer/benytb4_ws/install/turtlebot4_bringup:/home/recoomputer/benytb4_ws/install/turtlebot4_base:/home/recoomputer/benytb4_ws/install/turtlebot4_node:/home/recoomputer/benytb4_ws/install/pose_navigator:/home/recoomputer/benytb4_ws/install/turtlebot4_navigation:/home/recoomputer/benytb4_ws/install/turtlebot4_msgs:/home/recoomputer/benytb4_ws/install/turtlebot4_description:/home/recoomputer/benytb4_ws/install/nav2_costmap_filters_demo:/home/recoomputer/benytb4_ws/install/map_publisher:/opt/ros/humble CMAKE_PREFIX_PATH=/home/recoomputer/benytb4_ws/install/turtlebot4_node:/home/recoomputer/benytb4_ws/install/turtlebot4_msgs:/home/recoomputer/benytb4_ws/install/turtlebot4_description:/home/recoomputer/benytb4_ws/install/turtlebot4_desktop:/home/recoomputer/benytb4_ws/install/turtlebot4_viz:/home/recoomputer/benytb4_ws/install/turtlebot4_robot:/home/recoomputer/benytb4_ws/install/turtlebot4_bringup:/home/recoomputer/benytb4_ws/install/turtlebot4_base:/home/recoomputer/benytb4_ws/install/turtlebot4_navigation:/home/recoomputer/benytb4_ws/install/nav2_costmap_filters_demo:/home/recoomputer/benytb4_ws/install/map_publisher:/home/recoomputer/benytb4_ws/install/turtlebot4_tests:/home/recoomputer/benytb4_ws/install/pose_navigator:/home/recoomputer/benytb4_ws/install/turtlebot4_diagnostics:/opt/ros/humble PYTHONPATH=/home/recoomputer/benytb4_ws/build/turtlebot4_diagnostics:/home/recoomputer/benytb4_ws/install/turtlebot4_diagnostics/lib/python3.10/site-packages:/home/recoomputer/turtlebot4_ws/build/turtlebot4_tests:/home/recoomputer/benytb4_ws/install/turtlebot4_tests/lib/python3.10/site-packages:/home/recoomputer/turtlebot4_ws/build/pose_navigator:/home/recoomputer/benytb4_ws/install/pose_navigator/lib/python3.10/site-packages:/home/recoomputer/benytb4_ws/install/turtlebot4_navigation/local/lib/python3.10/dist-packages:/home/recoomputer/benytb4_ws/install/turtlebot4_msgs/local/lib/python3.10/dist-packages:/home/recoomputer/turtlebot4_ws/build/turtlebot4_diagnostics:/opt/ros/humble/lib/python3.10/site-packages:/opt/ros/humble/local/lib/python3.10/dist-packages:/usr/lib/python3/dist-packages:/usr/lib/python3/dist-packages:/usr/local/lib /usr/bin/cmake /home/recoomputer/benytb4_ws/src/turtlebot4_robot/turtlebot4_bringup -DAMENT_CMAKE_SYMLINK_INSTALL=1 -DCMAKE_INSTALL_PREFIX=/home/recoomputer/benytb4_ws/install/turtlebot4_bringup
[3.311s] Invoking command in '/home/recoomputer/benytb4_ws/build/turtlebot4_bringup': AMENT_PREFIX_PATH=/home/recoomputer/benytb4_ws/install/turtlebot4_diagnostics:/home/recoomputer/benytb4_ws/install/turtlebot4_desktop:/home/recoomputer/benytb4_ws/install/turtlebot4_viz:/home/recoomputer/benytb4_ws/install/turtlebot4_robot:/home/recoomputer/benytb4_ws/install/turtlebot4_tests:/home/recoomputer/benytb4_ws/install/turtlebot4_bringup:/home/recoomputer/benytb4_ws/install/turtlebot4_base:/home/recoomputer/benytb4_ws/install/turtlebot4_node:/home/recoomputer/benytb4_ws/install/pose_navigator:/home/recoomputer/benytb4_ws/install/turtlebot4_navigation:/home/recoomputer/benytb4_ws/install/turtlebot4_msgs:/home/recoomputer/benytb4_ws/install/turtlebot4_description:/home/recoomputer/benytb4_ws/install/nav2_costmap_filters_demo:/home/recoomputer/benytb4_ws/install/map_publisher:/opt/ros/humble CMAKE_PREFIX_PATH=/home/recoomputer/benytb4_ws/install/turtlebot4_node:/home/recoomputer/benytb4_ws/install/turtlebot4_msgs:/home/recoomputer/benytb4_ws/install/turtlebot4_description:/home/recoomputer/benytb4_ws/install/turtlebot4_desktop:/home/recoomputer/benytb4_ws/install/turtlebot4_viz:/home/recoomputer/benytb4_ws/install/turtlebot4_robot:/home/recoomputer/benytb4_ws/install/turtlebot4_bringup:/home/recoomputer/benytb4_ws/install/turtlebot4_base:/home/recoomputer/benytb4_ws/install/turtlebot4_navigation:/home/recoomputer/benytb4_ws/install/nav2_costmap_filters_demo:/home/recoomputer/benytb4_ws/install/map_publisher:/home/recoomputer/benytb4_ws/install/turtlebot4_tests:/home/recoomputer/benytb4_ws/install/pose_navigator:/home/recoomputer/benytb4_ws/install/turtlebot4_diagnostics:/opt/ros/humble PYTHONPATH=/home/recoomputer/benytb4_ws/build/turtlebot4_diagnostics:/home/recoomputer/benytb4_ws/install/turtlebot4_diagnostics/lib/python3.10/site-packages:/home/recoomputer/turtlebot4_ws/build/turtlebot4_tests:/home/recoomputer/benytb4_ws/install/turtlebot4_tests/lib/python3.10/site-packages:/home/recoomputer/turtlebot4_ws/build/pose_navigator:/home/recoomputer/benytb4_ws/install/pose_navigator/lib/python3.10/site-packages:/home/recoomputer/benytb4_ws/install/turtlebot4_navigation/local/lib/python3.10/dist-packages:/home/recoomputer/benytb4_ws/install/turtlebot4_msgs/local/lib/python3.10/dist-packages:/home/recoomputer/turtlebot4_ws/build/turtlebot4_diagnostics:/opt/ros/humble/lib/python3.10/site-packages:/opt/ros/humble/local/lib/python3.10/dist-packages:/usr/lib/python3/dist-packages:/usr/lib/python3/dist-packages:/usr/local/lib /usr/bin/cmake --build /home/recoomputer/benytb4_ws/build/turtlebot4_bringup -- -j8 -l8
[3.589s] Invoked command in '/home/recoomputer/benytb4_ws/build/turtlebot4_bringup' returned '0': AMENT_PREFIX_PATH=/home/recoomputer/benytb4_ws/install/turtlebot4_diagnostics:/home/recoomputer/benytb4_ws/install/turtlebot4_desktop:/home/recoomputer/benytb4_ws/install/turtlebot4_viz:/home/recoomputer/benytb4_ws/install/turtlebot4_robot:/home/recoomputer/benytb4_ws/install/turtlebot4_tests:/home/recoomputer/benytb4_ws/install/turtlebot4_bringup:/home/recoomputer/benytb4_ws/install/turtlebot4_base:/home/recoomputer/benytb4_ws/install/turtlebot4_node:/home/recoomputer/benytb4_ws/install/pose_navigator:/home/recoomputer/benytb4_ws/install/turtlebot4_navigation:/home/recoomputer/benytb4_ws/install/turtlebot4_msgs:/home/recoomputer/benytb4_ws/install/turtlebot4_description:/home/recoomputer/benytb4_ws/install/nav2_costmap_filters_demo:/home/recoomputer/benytb4_ws/install/map_publisher:/opt/ros/humble CMAKE_PREFIX_PATH=/home/recoomputer/benytb4_ws/install/turtlebot4_node:/home/recoomputer/benytb4_ws/install/turtlebot4_msgs:/home/recoomputer/benytb4_ws/install/turtlebot4_description:/home/recoomputer/benytb4_ws/install/turtlebot4_desktop:/home/recoomputer/benytb4_ws/install/turtlebot4_viz:/home/recoomputer/benytb4_ws/install/turtlebot4_robot:/home/recoomputer/benytb4_ws/install/turtlebot4_bringup:/home/recoomputer/benytb4_ws/install/turtlebot4_base:/home/recoomputer/benytb4_ws/install/turtlebot4_navigation:/home/recoomputer/benytb4_ws/install/nav2_costmap_filters_demo:/home/recoomputer/benytb4_ws/install/map_publisher:/home/recoomputer/benytb4_ws/install/turtlebot4_tests:/home/recoomputer/benytb4_ws/install/pose_navigator:/home/recoomputer/benytb4_ws/install/turtlebot4_diagnostics:/opt/ros/humble PYTHONPATH=/home/recoomputer/benytb4_ws/build/turtlebot4_diagnostics:/home/recoomputer/benytb4_ws/install/turtlebot4_diagnostics/lib/python3.10/site-packages:/home/recoomputer/turtlebot4_ws/build/turtlebot4_tests:/home/recoomputer/benytb4_ws/install/turtlebot4_tests/lib/python3.10/site-packages:/home/recoomputer/turtlebot4_ws/build/pose_navigator:/home/recoomputer/benytb4_ws/install/pose_navigator/lib/python3.10/site-packages:/home/recoomputer/benytb4_ws/install/turtlebot4_navigation/local/lib/python3.10/dist-packages:/home/recoomputer/benytb4_ws/install/turtlebot4_msgs/local/lib/python3.10/dist-packages:/home/recoomputer/turtlebot4_ws/build/turtlebot4_diagnostics:/opt/ros/humble/lib/python3.10/site-packages:/opt/ros/humble/local/lib/python3.10/dist-packages:/usr/lib/python3/dist-packages:/usr/lib/python3/dist-packages:/usr/local/lib /usr/bin/cmake --build /home/recoomputer/benytb4_ws/build/turtlebot4_bringup -- -j8 -l8
[3.590s] Invoking command in '/home/recoomputer/benytb4_ws/build/turtlebot4_bringup': AMENT_PREFIX_PATH=/home/recoomputer/benytb4_ws/install/turtlebot4_diagnostics:/home/recoomputer/benytb4_ws/install/turtlebot4_desktop:/home/recoomputer/benytb4_ws/install/turtlebot4_viz:/home/recoomputer/benytb4_ws/install/turtlebot4_robot:/home/recoomputer/benytb4_ws/install/turtlebot4_tests:/home/recoomputer/benytb4_ws/install/turtlebot4_bringup:/home/recoomputer/benytb4_ws/install/turtlebot4_base:/home/recoomputer/benytb4_ws/install/turtlebot4_node:/home/recoomputer/benytb4_ws/install/pose_navigator:/home/recoomputer/benytb4_ws/install/turtlebot4_navigation:/home/recoomputer/benytb4_ws/install/turtlebot4_msgs:/home/recoomputer/benytb4_ws/install/turtlebot4_description:/home/recoomputer/benytb4_ws/install/nav2_costmap_filters_demo:/home/recoomputer/benytb4_ws/install/map_publisher:/opt/ros/humble CMAKE_PREFIX_PATH=/home/recoomputer/benytb4_ws/install/turtlebot4_node:/home/recoomputer/benytb4_ws/install/turtlebot4_msgs:/home/recoomputer/benytb4_ws/install/turtlebot4_description:/home/recoomputer/benytb4_ws/install/turtlebot4_desktop:/home/recoomputer/benytb4_ws/install/turtlebot4_viz:/home/recoomputer/benytb4_ws/install/turtlebot4_robot:/home/recoomputer/benytb4_ws/install/turtlebot4_bringup:/home/recoomputer/benytb4_ws/install/turtlebot4_base:/home/recoomputer/benytb4_ws/install/turtlebot4_navigation:/home/recoomputer/benytb4_ws/install/nav2_costmap_filters_demo:/home/recoomputer/benytb4_ws/install/map_publisher:/home/recoomputer/benytb4_ws/install/turtlebot4_tests:/home/recoomputer/benytb4_ws/install/pose_navigator:/home/recoomputer/benytb4_ws/install/turtlebot4_diagnostics:/opt/ros/humble PYTHONPATH=/home/recoomputer/benytb4_ws/build/turtlebot4_diagnostics:/home/recoomputer/benytb4_ws/install/turtlebot4_diagnostics/lib/python3.10/site-packages:/home/recoomputer/turtlebot4_ws/build/turtlebot4_tests:/home/recoomputer/benytb4_ws/install/turtlebot4_tests/lib/python3.10/site-packages:/home/recoomputer/turtlebot4_ws/build/pose_navigator:/home/recoomputer/benytb4_ws/install/pose_navigator/lib/python3.10/site-packages:/home/recoomputer/benytb4_ws/install/turtlebot4_navigation/local/lib/python3.10/dist-packages:/home/recoomputer/benytb4_ws/install/turtlebot4_msgs/local/lib/python3.10/dist-packages:/home/recoomputer/turtlebot4_ws/build/turtlebot4_diagnostics:/opt/ros/humble/lib/python3.10/site-packages:/opt/ros/humble/local/lib/python3.10/dist-packages:/usr/lib/python3/dist-packages:/usr/lib/python3/dist-packages:/usr/local/lib /usr/bin/cmake --install /home/recoomputer/benytb4_ws/build/turtlebot4_bringup
[3.626s] -- Install configuration: ""
[3.627s] -- Execute custom install script
[3.628s] -- Symlinking: /home/recoomputer/benytb4_ws/install/turtlebot4_bringup/share/turtlebot4_bringup/launch/joy_teleop.launch.py
[3.650s] -- Symlinking: /home/recoomputer/benytb4_ws/install/turtlebot4_bringup/share/turtlebot4_bringup/launch/lite.launch.py
[3.697s] -- Symlinking: /home/recoomputer/benytb4_ws/install/turtlebot4_bringup/share/turtlebot4_bringup/launch/oakd.launch.py
[3.715s] -- Symlinking: /home/recoomputer/benytb4_ws/install/turtlebot4_bringup/share/turtlebot4_bringup/launch/oakd_example.launch.py
[3.737s] -- Symlinking: /home/recoomputer/benytb4_ws/install/turtlebot4_bringup/share/turtlebot4_bringup/launch/robot.launch.py
[3.797s] -- Symlinking: /home/recoomputer/benytb4_ws/install/turtlebot4_bringup/share/turtlebot4_bringup/launch/rplidar.launch.py
[3.849s] -- Symlinking: /home/recoomputer/benytb4_ws/install/turtlebot4_bringup/share/turtlebot4_bringup/launch/standard.launch.py
[3.895s] -- Symlinking: /home/recoomputer/benytb4_ws/install/turtlebot4_bringup/share/turtlebot4_bringup/config/oakd_lite.yaml
[3.951s] -- Symlinking: /home/recoomputer/benytb4_ws/install/turtlebot4_bringup/share/turtlebot4_bringup/config/oakd_pro.yaml
[4.001s] -- Symlinking: /home/recoomputer/benytb4_ws/install/turtlebot4_bringup/share/turtlebot4_bringup/config/turtlebot4.yaml
[4.043s] -- Symlinking: /home/recoomputer/benytb4_ws/install/turtlebot4_bringup/share/turtlebot4_bringup/config/turtlebot4_controller.config.yaml
[4.095s] -- Symlinking: /home/recoomputer/benytb4_ws/install/turtlebot4_bringup/share/ament_index/resource_index/package_run_dependencies/turtlebot4_bringup
[4.185s] -- Symlinking: /home/recoomputer/benytb4_ws/install/turtlebot4_bringup/share/ament_index/resource_index/parent_prefix_path/turtlebot4_bringup
[4.234s] -- Symlinking: /home/recoomputer/benytb4_ws/install/turtlebot4_bringup/share/turtlebot4_bringup/environment/ament_prefix_path.sh
[4.291s] -- Symlinking: /home/recoomputer/benytb4_ws/install/turtlebot4_bringup/share/turtlebot4_bringup/environment/ament_prefix_path.dsv
[4.343s] -- Symlinking: /home/recoomputer/benytb4_ws/install/turtlebot4_bringup/share/turtlebot4_bringup/environment/path.sh
[4.412s] -- Symlinking: /home/recoomputer/benytb4_ws/install/turtlebot4_bringup/share/turtlebot4_bringup/environment/path.dsv
[4.463s] -- Symlinking: /home/recoomputer/benytb4_ws/install/turtlebot4_bringup/share/turtlebot4_bringup/local_setup.bash
[4.496s] -- Symlinking: /home/recoomputer/benytb4_ws/install/turtlebot4_bringup/share/turtlebot4_bringup/local_setup.sh
[4.549s] -- Symlinking: /home/recoomputer/benytb4_ws/install/turtlebot4_bringup/share/turtlebot4_bringup/local_setup.zsh
[4.592s] -- Symlinking: /home/recoomputer/benytb4_ws/install/turtlebot4_bringup/share/turtlebot4_bringup/local_setup.dsv
[4.611s] -- Symlinking: /home/recoomputer/benytb4_ws/install/turtlebot4_bringup/share/turtlebot4_bringup/package.dsv
[4.634s] -- Symlinking: /home/recoomputer/benytb4_ws/install/turtlebot4_bringup/share/ament_index/resource_index/packages/turtlebot4_bringup
[4.661s] -- Symlinking: /home/recoomputer/benytb4_ws/install/turtlebot4_bringup/share/turtlebot4_bringup/cmake/turtlebot4_bringupConfig.cmake
[4.693s] -- Symlinking: /home/recoomputer/benytb4_ws/install/turtlebot4_bringup/share/turtlebot4_bringup/cmake/turtlebot4_bringupConfig-version.cmake
[4.713s] -- Symlinking: /home/recoomputer/benytb4_ws/install/turtlebot4_bringup/share/turtlebot4_bringup/package.xml
[4.749s] Invoked command in '/home/recoomputer/benytb4_ws/build/turtlebot4_bringup' returned '0': AMENT_PREFIX_PATH=/home/recoomputer/benytb4_ws/install/turtlebot4_diagnostics:/home/recoomputer/benytb4_ws/install/turtlebot4_desktop:/home/recoomputer/benytb4_ws/install/turtlebot4_viz:/home/recoomputer/benytb4_ws/install/turtlebot4_robot:/home/recoomputer/benytb4_ws/install/turtlebot4_tests:/home/recoomputer/benytb4_ws/install/turtlebot4_bringup:/home/recoomputer/benytb4_ws/install/turtlebot4_base:/home/recoomputer/benytb4_ws/install/turtlebot4_node:/home/recoomputer/benytb4_ws/install/pose_navigator:/home/recoomputer/benytb4_ws/install/turtlebot4_navigation:/home/recoomputer/benytb4_ws/install/turtlebot4_msgs:/home/recoomputer/benytb4_ws/install/turtlebot4_description:/home/recoomputer/benytb4_ws/install/nav2_costmap_filters_demo:/home/recoomputer/benytb4_ws/install/map_publisher:/opt/ros/humble CMAKE_PREFIX_PATH=/home/recoomputer/benytb4_ws/install/turtlebot4_node:/home/recoomputer/benytb4_ws/install/turtlebot4_msgs:/home/recoomputer/benytb4_ws/install/turtlebot4_description:/home/recoomputer/benytb4_ws/install/turtlebot4_desktop:/home/recoomputer/benytb4_ws/install/turtlebot4_viz:/home/recoomputer/benytb4_ws/install/turtlebot4_robot:/home/recoomputer/benytb4_ws/install/turtlebot4_bringup:/home/recoomputer/benytb4_ws/install/turtlebot4_base:/home/recoomputer/benytb4_ws/install/turtlebot4_navigation:/home/recoomputer/benytb4_ws/install/nav2_costmap_filters_demo:/home/recoomputer/benytb4_ws/install/map_publisher:/home/recoomputer/benytb4_ws/install/turtlebot4_tests:/home/recoomputer/benytb4_ws/install/pose_navigator:/home/recoomputer/benytb4_ws/install/turtlebot4_diagnostics:/opt/ros/humble PYTHONPATH=/home/recoomputer/benytb4_ws/build/turtlebot4_diagnostics:/home/recoomputer/benytb4_ws/install/turtlebot4_diagnostics/lib/python3.10/site-packages:/home/recoomputer/turtlebot4_ws/build/turtlebot4_tests:/home/recoomputer/benytb4_ws/install/turtlebot4_tests/lib/python3.10/site-packages:/home/recoomputer/turtlebot4_ws/build/pose_navigator:/home/recoomputer/benytb4_ws/install/pose_navigator/lib/python3.10/site-packages:/home/recoomputer/benytb4_ws/install/turtlebot4_navigation/local/lib/python3.10/dist-packages:/home/recoomputer/benytb4_ws/install/turtlebot4_msgs/local/lib/python3.10/dist-packages:/home/recoomputer/turtlebot4_ws/build/turtlebot4_diagnostics:/opt/ros/humble/lib/python3.10/site-packages:/opt/ros/humble/local/lib/python3.10/dist-packages:/usr/lib/python3/dist-packages:/usr/lib/python3/dist-packages:/usr/local/lib /usr/bin/cmake --install /home/recoomputer/benytb4_ws/build/turtlebot4_bringup
