[0.053s] Invoking command in '/home/recoomputer/benytb4_ws/build/turtlebot4_viz': CMAKE_PREFIX_PATH=/home/recoomputer/benytb4_ws/install/turtlebot4_description:/home/recoomputer/benytb4_ws/install/turtlebot4_desktop:/home/recoomputer/benytb4_ws/install/turtlebot4_viz:/home/recoomputer/benytb4_ws/install/turtlebot4_robot:/home/recoomputer/benytb4_ws/install/turtlebot4_bringup:/home/recoomputer/benytb4_ws/install/turtlebot4_base:/home/recoomputer/benytb4_ws/install/turtlebot4_node:/home/recoomputer/benytb4_ws/install/turtlebot4_navigation:/home/recoomputer/benytb4_ws/install/turtlebot4_msgs:/home/recoomputer/benytb4_ws/install/nav2_costmap_filters_demo:/home/recoomputer/benytb4_ws/install/map_publisher:/home/recoomputer/benytb4_ws/install/turtlebot4_tests:/home/recoomputer/benytb4_ws/install/pose_navigator:/home/recoomputer/benytb4_ws/install/turtlebot4_diagnostics:/opt/ros/humble /usr/bin/cmake /home/recoomputer/benytb4_ws/src/turtlebot4_desktop/turtlebot4_viz -DAMENT_CMAKE_SYMLINK_INSTALL=1 -DCMAKE_INSTALL_PREFIX=/home/recoomputer/benytb4_ws/install/turtlebot4_viz
[0.193s] -- The C compiler identification is GNU 11.4.0
[0.331s] -- The CXX compiler identification is GNU 11.4.0
[0.352s] -- Detecting C compiler ABI info
[0.524s] -- Detecting C compiler ABI info - done
[0.538s] -- Check for working C compiler: /usr/bin/cc - skipped
[0.538s] -- Detecting C compile features
[0.539s] -- Detecting C compile features - done
[0.545s] -- Detecting CXX compiler ABI info
[0.736s] -- Detecting CXX compiler ABI info - done
[0.750s] -- Check for working CXX compiler: /usr/bin/c++ - skipped
[0.750s] -- Detecting CXX compile features
[0.752s] -- Detecting CXX compile features - done
[0.759s] -- Found ament_cmake: 1.3.11 (/opt/ros/humble/share/ament_cmake/cmake)
[1.163s] -- Found Python3: /usr/bin/python3 (found version "3.10.12") found components: Interpreter 
[1.338s] -- Override CMake install command with custom implementation using symlinks instead of copying resources
[1.407s] -- Found ament_lint_auto: 0.12.12 (/opt/ros/humble/share/ament_lint_auto/cmake)
[1.627s] -- Added test 'copyright' to check source files copyright and LICENSE
[1.634s] -- Added test 'flake8' to check Python code syntax and style conventions
[1.637s] -- Added test 'lint_cmake' to check CMake code style
[1.640s] -- Added test 'pep257' to check Python code against some of the docstring style conventions in PEP 257
[1.645s] -- Added test 'xmllint' to check XML markup files
[1.650s] -- Configuring done
[1.659s] -- Generating done
[1.664s] -- Build files have been written to: /home/recoomputer/benytb4_ws/build/turtlebot4_viz
[1.735s] Invoked command in '/home/recoomputer/benytb4_ws/build/turtlebot4_viz' returned '0': CMAKE_PREFIX_PATH=/home/recoomputer/benytb4_ws/install/turtlebot4_description:/home/recoomputer/benytb4_ws/install/turtlebot4_desktop:/home/recoomputer/benytb4_ws/install/turtlebot4_viz:/home/recoomputer/benytb4_ws/install/turtlebot4_robot:/home/recoomputer/benytb4_ws/install/turtlebot4_bringup:/home/recoomputer/benytb4_ws/install/turtlebot4_base:/home/recoomputer/benytb4_ws/install/turtlebot4_node:/home/recoomputer/benytb4_ws/install/turtlebot4_navigation:/home/recoomputer/benytb4_ws/install/turtlebot4_msgs:/home/recoomputer/benytb4_ws/install/nav2_costmap_filters_demo:/home/recoomputer/benytb4_ws/install/map_publisher:/home/recoomputer/benytb4_ws/install/turtlebot4_tests:/home/recoomputer/benytb4_ws/install/pose_navigator:/home/recoomputer/benytb4_ws/install/turtlebot4_diagnostics:/opt/ros/humble /usr/bin/cmake /home/recoomputer/benytb4_ws/src/turtlebot4_desktop/turtlebot4_viz -DAMENT_CMAKE_SYMLINK_INSTALL=1 -DCMAKE_INSTALL_PREFIX=/home/recoomputer/benytb4_ws/install/turtlebot4_viz
[1.736s] Invoking command in '/home/recoomputer/benytb4_ws/build/turtlebot4_viz': CMAKE_PREFIX_PATH=/home/recoomputer/benytb4_ws/install/turtlebot4_description:/home/recoomputer/benytb4_ws/install/turtlebot4_desktop:/home/recoomputer/benytb4_ws/install/turtlebot4_viz:/home/recoomputer/benytb4_ws/install/turtlebot4_robot:/home/recoomputer/benytb4_ws/install/turtlebot4_bringup:/home/recoomputer/benytb4_ws/install/turtlebot4_base:/home/recoomputer/benytb4_ws/install/turtlebot4_node:/home/recoomputer/benytb4_ws/install/turtlebot4_navigation:/home/recoomputer/benytb4_ws/install/turtlebot4_msgs:/home/recoomputer/benytb4_ws/install/nav2_costmap_filters_demo:/home/recoomputer/benytb4_ws/install/map_publisher:/home/recoomputer/benytb4_ws/install/turtlebot4_tests:/home/recoomputer/benytb4_ws/install/pose_navigator:/home/recoomputer/benytb4_ws/install/turtlebot4_diagnostics:/opt/ros/humble /usr/bin/cmake --build /home/recoomputer/benytb4_ws/build/turtlebot4_viz -- -j8 -l8
[2.526s] Invoked command in '/home/recoomputer/benytb4_ws/build/turtlebot4_viz' returned '0': CMAKE_PREFIX_PATH=/home/recoomputer/benytb4_ws/install/turtlebot4_description:/home/recoomputer/benytb4_ws/install/turtlebot4_desktop:/home/recoomputer/benytb4_ws/install/turtlebot4_viz:/home/recoomputer/benytb4_ws/install/turtlebot4_robot:/home/recoomputer/benytb4_ws/install/turtlebot4_bringup:/home/recoomputer/benytb4_ws/install/turtlebot4_base:/home/recoomputer/benytb4_ws/install/turtlebot4_node:/home/recoomputer/benytb4_ws/install/turtlebot4_navigation:/home/recoomputer/benytb4_ws/install/turtlebot4_msgs:/home/recoomputer/benytb4_ws/install/nav2_costmap_filters_demo:/home/recoomputer/benytb4_ws/install/map_publisher:/home/recoomputer/benytb4_ws/install/turtlebot4_tests:/home/recoomputer/benytb4_ws/install/pose_navigator:/home/recoomputer/benytb4_ws/install/turtlebot4_diagnostics:/opt/ros/humble /usr/bin/cmake --build /home/recoomputer/benytb4_ws/build/turtlebot4_viz -- -j8 -l8
[2.530s] Invoking command in '/home/recoomputer/benytb4_ws/build/turtlebot4_viz': CMAKE_PREFIX_PATH=/home/recoomputer/benytb4_ws/install/turtlebot4_description:/home/recoomputer/benytb4_ws/install/turtlebot4_desktop:/home/recoomputer/benytb4_ws/install/turtlebot4_viz:/home/recoomputer/benytb4_ws/install/turtlebot4_robot:/home/recoomputer/benytb4_ws/install/turtlebot4_bringup:/home/recoomputer/benytb4_ws/install/turtlebot4_base:/home/recoomputer/benytb4_ws/install/turtlebot4_node:/home/recoomputer/benytb4_ws/install/turtlebot4_navigation:/home/recoomputer/benytb4_ws/install/turtlebot4_msgs:/home/recoomputer/benytb4_ws/install/nav2_costmap_filters_demo:/home/recoomputer/benytb4_ws/install/map_publisher:/home/recoomputer/benytb4_ws/install/turtlebot4_tests:/home/recoomputer/benytb4_ws/install/pose_navigator:/home/recoomputer/benytb4_ws/install/turtlebot4_diagnostics:/opt/ros/humble /usr/bin/cmake --install /home/recoomputer/benytb4_ws/build/turtlebot4_viz
[2.544s] -- Install configuration: ""
[2.545s] -- Execute custom install script
[2.546s] -- Symlinking: /home/recoomputer/benytb4_ws/install/turtlebot4_viz/share/turtlebot4_viz/launch/view_diagnostics.launch.py
[2.567s] -- Symlinking: /home/recoomputer/benytb4_ws/install/turtlebot4_viz/share/turtlebot4_viz/launch/view_model.launch.py
[2.602s] -- Symlinking: /home/recoomputer/benytb4_ws/install/turtlebot4_viz/share/turtlebot4_viz/launch/view_navigation.launch.py
[2.623s] -- Symlinking: /home/recoomputer/benytb4_ws/install/turtlebot4_viz/share/turtlebot4_viz/launch/view_robot.launch.py
[2.643s] -- Symlinking: /home/recoomputer/benytb4_ws/install/turtlebot4_viz/share/turtlebot4_viz/rviz/model.rviz
[2.664s] -- Symlinking: /home/recoomputer/benytb4_ws/install/turtlebot4_viz/share/turtlebot4_viz/rviz/navigation.rviz
[2.693s] -- Symlinking: /home/recoomputer/benytb4_ws/install/turtlebot4_viz/share/turtlebot4_viz/rviz/robot.rviz
[2.743s] -- Symlinking: /home/recoomputer/benytb4_ws/install/turtlebot4_viz/share/ament_index/resource_index/package_run_dependencies/turtlebot4_viz
[2.767s] -- Symlinking: /home/recoomputer/benytb4_ws/install/turtlebot4_viz/share/ament_index/resource_index/parent_prefix_path/turtlebot4_viz
[2.786s] -- Symlinking: /home/recoomputer/benytb4_ws/install/turtlebot4_viz/share/turtlebot4_viz/environment/ament_prefix_path.sh
[2.804s] -- Symlinking: /home/recoomputer/benytb4_ws/install/turtlebot4_viz/share/turtlebot4_viz/environment/ament_prefix_path.dsv
[2.824s] -- Symlinking: /home/recoomputer/benytb4_ws/install/turtlebot4_viz/share/turtlebot4_viz/environment/path.sh
[2.852s] -- Symlinking: /home/recoomputer/benytb4_ws/install/turtlebot4_viz/share/turtlebot4_viz/environment/path.dsv
[2.889s] -- Symlinking: /home/recoomputer/benytb4_ws/install/turtlebot4_viz/share/turtlebot4_viz/local_setup.bash
[2.919s] -- Symlinking: /home/recoomputer/benytb4_ws/install/turtlebot4_viz/share/turtlebot4_viz/local_setup.sh
[2.938s] -- Symlinking: /home/recoomputer/benytb4_ws/install/turtlebot4_viz/share/turtlebot4_viz/local_setup.zsh
[2.958s] -- Symlinking: /home/recoomputer/benytb4_ws/install/turtlebot4_viz/share/turtlebot4_viz/local_setup.dsv
[2.988s] -- Symlinking: /home/recoomputer/benytb4_ws/install/turtlebot4_viz/share/turtlebot4_viz/package.dsv
[3.026s] -- Symlinking: /home/recoomputer/benytb4_ws/install/turtlebot4_viz/share/ament_index/resource_index/packages/turtlebot4_viz
[3.076s] -- Symlinking: /home/recoomputer/benytb4_ws/install/turtlebot4_viz/share/turtlebot4_viz/cmake/turtlebot4_vizConfig.cmake
[3.097s] -- Symlinking: /home/recoomputer/benytb4_ws/install/turtlebot4_viz/share/turtlebot4_viz/cmake/turtlebot4_vizConfig-version.cmake
[3.119s] -- Symlinking: /home/recoomputer/benytb4_ws/install/turtlebot4_viz/share/turtlebot4_viz/package.xml
[3.149s] Invoked command in '/home/recoomputer/benytb4_ws/build/turtlebot4_viz' returned '0': CMAKE_PREFIX_PATH=/home/recoomputer/benytb4_ws/install/turtlebot4_description:/home/recoomputer/benytb4_ws/install/turtlebot4_desktop:/home/recoomputer/benytb4_ws/install/turtlebot4_viz:/home/recoomputer/benytb4_ws/install/turtlebot4_robot:/home/recoomputer/benytb4_ws/install/turtlebot4_bringup:/home/recoomputer/benytb4_ws/install/turtlebot4_base:/home/recoomputer/benytb4_ws/install/turtlebot4_node:/home/recoomputer/benytb4_ws/install/turtlebot4_navigation:/home/recoomputer/benytb4_ws/install/turtlebot4_msgs:/home/recoomputer/benytb4_ws/install/nav2_costmap_filters_demo:/home/recoomputer/benytb4_ws/install/map_publisher:/home/recoomputer/benytb4_ws/install/turtlebot4_tests:/home/recoomputer/benytb4_ws/install/pose_navigator:/home/recoomputer/benytb4_ws/install/turtlebot4_diagnostics:/opt/ros/humble /usr/bin/cmake --install /home/recoomputer/benytb4_ws/build/turtlebot4_viz
